TN:
SF:src/lib/create-io-devtools.ts
FN:22,nowEpochMs
FN:26,nowPerfMs
FN:32,createIdFactory
FN:34,(anonymous_3)
FN:41,clampInt
FN:45,defaultPerfSummary
FN:57,computePerfSummary
FN:97,asTarget
FN:110,patchToDiff
FN:134,getReduxExtension
FN:142,createIoDevtools
FN:171,(anonymous_11)
FN:181,(anonymous_12)
FN:198,(anonymous_13)
FN:207,(anonymous_14)
FN:216,(anonymous_15)
FN:224,(anonymous_16)
FN:241,(anonymous_17)
FN:293,(anonymous_18)
FN:302,(anonymous_19)
FN:322,(anonymous_20)
FN:342,(anonymous_21)
FN:348,(anonymous_22)
FN:354,(anonymous_23)
FN:358,(anonymous_24)
FN:372,(anonymous_25)
FN:385,(anonymous_26)
FN:390,(anonymous_27)
FN:409,(anonymous_28)
FN:417,(anonymous_29)
FN:425,(anonymous_30)
FN:443,(anonymous_31)
FN:455,(anonymous_32)
FN:456,(anonymous_33)
FN:458,(anonymous_34)
FN:461,(anonymous_35)
FN:511,(anonymous_36)
FN:527,(anonymous_37)
FN:529,(anonymous_38)
FN:531,(anonymous_39)
FN:534,(anonymous_40)
FN:537,(anonymous_41)
FN:540,(anonymous_42)
FNF:43
FNH:25
FNDA:14,nowEpochMs
FNDA:64,nowPerfMs
FNDA:5,createIdFactory
FNDA:9,(anonymous_3)
FNDA:14,clampInt
FNDA:0,defaultPerfSummary
FNDA:37,computePerfSummary
FNDA:5,asTarget
FNDA:9,patchToDiff
FNDA:0,getReduxExtension
FNDA:5,createIoDevtools
FNDA:22,(anonymous_11)
FNDA:28,(anonymous_12)
FNDA:0,(anonymous_13)
FNDA:9,(anonymous_14)
FNDA:14,(anonymous_15)
FNDA:9,(anonymous_16)
FNDA:0,(anonymous_17)
FNDA:9,(anonymous_18)
FNDA:0,(anonymous_19)
FNDA:3,(anonymous_20)
FNDA:2,(anonymous_21)
FNDA:1,(anonymous_22)
FNDA:1,(anonymous_23)
FNDA:1,(anonymous_24)
FNDA:0,(anonymous_25)
FNDA:1,(anonymous_26)
FNDA:1,(anonymous_27)
FNDA:1,(anonymous_28)
FNDA:1,(anonymous_29)
FNDA:0,(anonymous_30)
FNDA:0,(anonymous_31)
FNDA:0,(anonymous_32)
FNDA:0,(anonymous_33)
FNDA:0,(anonymous_34)
FNDA:0,(anonymous_35)
FNDA:0,(anonymous_36)
FNDA:1,(anonymous_37)
FNDA:0,(anonymous_38)
FNDA:0,(anonymous_39)
FNDA:0,(anonymous_40)
FNDA:0,(anonymous_41)
FNDA:0,(anonymous_42)
DA:23,14
DA:27,64
DA:33,5
DA:34,5
DA:35,9
DA:36,9
DA:37,9
DA:42,14
DA:46,0
DA:61,37
DA:62,37
DA:63,37
DA:64,37
DA:65,37
DA:66,37
DA:67,37
DA:68,37
DA:69,37
DA:71,37
DA:72,60
DA:73,60
DA:74,60
DA:75,60
DA:76,60
DA:77,60
DA:79,60
DA:80,60
DA:81,60
DA:82,60
DA:86,37
DA:98,5
DA:99,5
DA:103,0
DA:107,5
DA:111,9
DA:112,9
DA:113,0
DA:114,0
DA:122,0
DA:135,0
DA:136,0
DA:137,0
DA:138,0
DA:139,0
DA:146,5
DA:147,5
DA:149,5
DA:150,5
DA:151,5
DA:152,5
DA:155,5
DA:156,5
DA:157,5
DA:158,5
DA:160,5
DA:161,5
DA:162,5
DA:166,5
DA:168,5
DA:169,5
DA:171,5
DA:172,22
DA:173,2
DA:174,2
DA:176,2
DA:181,5
DA:182,28
DA:183,28
DA:198,5
DA:202,0
DA:203,0
DA:204,0
DA:207,5
DA:208,9
DA:209,9
DA:210,9
DA:211,9
DA:212,9
DA:213,9
DA:216,5
DA:217,14
DA:218,14
DA:219,14
DA:220,14
DA:221,14
DA:224,5
DA:225,9
DA:226,9
DA:227,9
DA:229,9
DA:231,9
DA:234,9
DA:237,9
DA:238,9
DA:240,9
DA:241,0
DA:244,9
DA:247,9
DA:252,9
DA:253,9
DA:254,9
DA:255,9
DA:258,9
DA:260,9
DA:280,9
DA:281,9
DA:282,0
DA:283,0
DA:286,9
DA:287,9
DA:289,9
DA:290,9
DA:293,5
DA:294,9
DA:295,9
DA:296,9
DA:298,0
DA:302,5
DA:303,0
DA:304,0
DA:305,0
DA:315,5
DA:316,5
DA:318,5
DA:319,5
DA:320,5
DA:322,5
DA:326,3
DA:327,3
DA:328,3
DA:329,3
DA:330,3
DA:331,3
DA:332,3
DA:333,3
DA:335,0
DA:336,0
DA:338,3
DA:342,5
DA:343,2
DA:344,2
DA:345,2
DA:348,5
DA:349,1
DA:350,1
DA:351,1
DA:354,5
DA:355,1
DA:356,1
DA:357,1
DA:358,1
DA:359,1
DA:360,1
DA:362,1
DA:369,1
DA:372,5
DA:373,0
DA:374,0
DA:375,0
DA:376,0
DA:385,5
DA:386,1
DA:390,1
DA:406,1
DA:409,5
DA:410,1
DA:411,0
DA:415,1
DA:417,1
DA:425,5
DA:429,0
DA:430,0
DA:431,0
DA:432,0
DA:433,0
DA:435,0
DA:440,0
DA:441,0
DA:443,0
DA:444,0
DA:445,0
DA:446,0
DA:447,0
DA:448,0
DA:449,0
DA:451,0
DA:455,0
DA:456,0
DA:457,0
DA:458,0
DA:461,0
DA:462,0
DA:467,0
DA:468,0
DA:471,0
DA:472,0
DA:473,0
DA:474,0
DA:475,0
DA:477,0
DA:478,0
DA:479,0
DA:480,0
DA:481,0
DA:482,0
DA:484,0
DA:488,0
DA:490,0
DA:495,0
DA:496,0
DA:497,0
DA:498,0
DA:499,0
DA:501,0
DA:506,0
DA:508,0
DA:510,0
DA:512,0
DA:513,0
DA:514,0
DA:516,0
DA:518,0
DA:522,0
DA:525,5
DA:528,1
DA:529,1
DA:532,0
DA:535,0
DA:538,0
DA:541,0
DA:542,0
DA:543,0
DA:554,5
LF:233
LH:147
BRDA:27,0,0,64
BRDA:27,0,1,0
BRDA:37,1,0,9
BRDA:37,1,1,0
BRDA:61,2,0,0
BRDA:61,2,1,37
BRDA:74,3,0,60
BRDA:74,3,1,0
BRDA:79,4,0,60
BRDA:79,4,1,0
BRDA:90,5,0,37
BRDA:90,5,1,0
BRDA:91,6,0,37
BRDA:91,6,1,0
BRDA:92,7,0,37
BRDA:92,7,1,0
BRDA:93,8,0,37
BRDA:93,8,1,0
BRDA:99,9,0,0
BRDA:99,9,1,5
BRDA:100,10,0,5
BRDA:100,10,1,5
BRDA:111,11,0,9
BRDA:111,11,1,0
BRDA:113,12,0,0
BRDA:113,12,1,0
BRDA:137,13,0,0
BRDA:137,13,1,0
BRDA:138,14,0,0
BRDA:138,14,1,0
BRDA:147,15,0,5
BRDA:147,15,1,5
BRDA:149,16,0,5
BRDA:149,16,1,5
BRDA:160,17,0,5
BRDA:160,17,1,5
BRDA:161,18,0,5
BRDA:161,18,1,5
BRDA:164,19,0,5
BRDA:164,19,1,5
BRDA:168,20,0,5
BRDA:168,20,1,0
BRDA:169,21,0,5
BRDA:169,21,1,5
BRDA:189,22,0,28
BRDA:189,22,1,0
BRDA:208,23,0,0
BRDA:208,23,1,9
BRDA:209,24,0,0
BRDA:209,24,1,9
BRDA:209,25,0,9
BRDA:209,25,1,0
BRDA:217,26,0,0
BRDA:217,26,1,14
BRDA:231,27,0,1
BRDA:231,27,1,8
BRDA:234,28,0,9
BRDA:234,28,1,0
BRDA:237,29,0,9
BRDA:237,29,1,0
BRDA:240,30,0,0
BRDA:240,30,1,9
BRDA:247,31,0,9
BRDA:247,31,1,0
BRDA:248,32,0,9
BRDA:248,32,1,9
BRDA:248,32,2,9
BRDA:266,33,0,9
BRDA:266,33,1,0
BRDA:268,34,0,9
BRDA:268,34,1,0
BRDA:269,35,0,9
BRDA:269,35,1,0
BRDA:287,36,0,9
BRDA:287,36,1,0
BRDA:289,37,0,9
BRDA:289,37,1,0
BRDA:294,38,0,0
BRDA:294,38,1,9
BRDA:294,39,0,9
BRDA:294,39,1,9
BRDA:294,39,2,9
BRDA:303,40,0,0
BRDA:303,40,1,0
BRDA:319,41,0,5
BRDA:319,41,1,0
BRDA:330,42,0,2
BRDA:330,42,1,1
BRDA:343,43,0,0
BRDA:343,43,1,2
BRDA:349,44,0,0
BRDA:349,44,1,1
BRDA:357,45,0,0
BRDA:357,45,1,1
BRDA:358,46,0,1
BRDA:358,46,1,0
BRDA:360,47,0,0
BRDA:360,47,1,1
BRDA:387,48,0,1
BRDA:387,48,1,1
BRDA:396,49,0,1
BRDA:396,49,1,0
BRDA:400,50,0,1
BRDA:400,50,1,0
BRDA:410,51,0,0
BRDA:410,51,1,1
BRDA:429,52,0,0
BRDA:429,52,1,0
BRDA:430,53,0,0
BRDA:430,53,1,0
BRDA:431,54,0,0
BRDA:431,54,1,0
BRDA:433,55,0,0
BRDA:433,55,1,0
BRDA:435,56,0,0
BRDA:435,56,1,0
BRDA:435,56,2,0
BRDA:435,56,3,0
BRDA:444,57,0,0
BRDA:444,57,1,0
BRDA:467,58,0,0
BRDA:467,58,1,0
BRDA:472,59,0,0
BRDA:472,59,1,0
BRDA:477,60,0,0
BRDA:477,60,1,0
BRDA:484,61,0,0
BRDA:484,61,1,0
BRDA:485,62,0,0
BRDA:485,62,1,0
BRDA:490,63,0,0
BRDA:490,63,1,0
BRDA:492,64,0,0
BRDA:492,64,1,0
BRDA:495,65,0,0
BRDA:495,65,1,0
BRF:136
BRH:62
end_of_record
TN:
SF:src/lib/diff-snapshots.ts
FN:16,isRecord
FN:20,diffSnapshots
FN:28,(anonymous_2)
FNF:3
FNH:3
FNDA:19,isRecord
FNDA:12,diffSnapshots
FNDA:22,(anonymous_2)
DA:10,2
DA:17,19
DA:25,12
DA:26,12
DA:28,12
DA:29,22
DA:30,22
DA:31,14
DA:32,1
DA:33,1
DA:36,13
DA:37,1
DA:38,1
DA:39,1
DA:40,2
DA:41,2
DA:43,1
DA:44,1
DA:47,12
DA:48,7
DA:49,7
DA:50,8
DA:51,8
DA:53,3
DA:56,5
DA:59,12
DA:60,12
LF:27
LH:27
BRDA:17,0,0,19
BRDA:17,0,1,14
BRDA:17,0,2,14
BRDA:25,1,0,12
BRDA:25,1,1,0
BRDA:29,2,0,0
BRDA:29,2,1,22
BRDA:30,3,0,8
BRDA:30,3,1,14
BRDA:31,4,0,1
BRDA:31,4,1,13
BRDA:36,5,0,1
BRDA:36,5,1,12
BRDA:36,6,0,13
BRDA:36,6,1,1
BRDA:41,7,0,0
BRDA:41,7,1,2
BRDA:43,8,0,1
BRDA:43,8,1,0
BRDA:47,9,0,7
BRDA:47,9,1,5
BRDA:47,10,0,12
BRDA:47,10,1,7
BRDA:51,11,0,4
BRDA:51,11,1,4
BRF:25
BRH:21
end_of_record
TN:
SF:src/lib/export-redux-devtools.ts
FN:7,formatPath
FN:9,(anonymous_1)
FN:12,summarizeEntry
FN:21,exportReduxDevToolsImportState
FNF:4
FNH:4
FNDA:2,formatPath
FNDA:2,(anonymous_1)
FNDA:2,summarizeEntry
FNDA:2,exportReduxDevToolsImportState
DA:8,2
DA:9,2
DA:13,2
DA:14,2
DA:15,2
DA:16,0
DA:17,0
DA:18,0
DA:26,2
DA:29,2
DA:31,2
DA:32,2
DA:33,2
DA:34,2
DA:35,2
DA:38,2
DA:39,4
DA:41,2
DA:46,2
LF:19
LH:16
BRDA:8,0,0,0
BRDA:8,0,1,2
BRDA:9,1,0,0
BRDA:9,1,1,2
BRDA:14,2,0,0
BRDA:14,2,1,2
BRDA:15,3,0,2
BRDA:15,3,1,0
BRDA:16,4,0,0
BRDA:16,4,1,0
BRDA:17,5,0,0
BRDA:17,5,1,0
BRF:12
BRH:4
end_of_record
TN:
SF:src/lib/patch-diff-tree.ts
FN:5,ensureChild
FN:14,buildPatchDiffTree
FN:30,(anonymous_2)
FNF:3
FNH:3
FNDA:5,ensureChild
FNDA:2,buildPatchDiffTree
FNDA:4,(anonymous_2)
DA:6,5
DA:7,5
DA:8,5
DA:9,4
DA:10,4
DA:11,4
DA:17,2
DA:19,2
DA:20,3
DA:21,3
DA:22,3
DA:23,5
DA:24,5
DA:26,3
DA:27,3
DA:30,2
DA:31,4
DA:34,4
DA:42,2
DA:46,2
LF:20
LH:20
BRDA:6,0,0,2
BRDA:6,0,1,3
BRDA:8,1,0,1
BRDA:8,1,1,4
BRDA:21,2,0,3
BRDA:21,2,1,0
BRDA:26,3,0,3
BRDA:26,3,1,0
BRDA:31,4,0,1
BRDA:31,4,1,3
BRDA:37,5,0,1
BRDA:37,5,1,3
BRDA:37,6,0,4
BRDA:37,6,1,1
BRDA:38,7,0,3
BRDA:38,7,1,1
BRDA:38,8,0,4
BRDA:38,8,1,3
BRDA:42,9,0,1
BRDA:42,9,1,1
BRF:20
BRH:18
end_of_record
TN:
SF:src/lib/sanitize.ts
FN:10,(anonymous_0)
FN:13,isRecord
FN:17,clampString
FN:22,sanitizeForJson
FN:25,(anonymous_4)
FNF:5
FNH:4
FNDA:10,(anonymous_0)
FNDA:5,isRecord
FNDA:0,clampString
FNDA:5,sanitizeForJson
FNDA:10,(anonymous_4)
DA:6,1
DA:10,10
DA:14,5
DA:18,0
DA:19,0
DA:23,5
DA:25,5
DA:26,10
DA:27,10
DA:28,10
DA:29,10
DA:30,10
DA:31,10
DA:32,5
DA:33,5
DA:34,5
DA:35,5
DA:36,5
DA:37,5
DA:38,0
DA:44,5
DA:45,0
DA:46,0
DA:47,0
DA:48,0
DA:49,0
DA:51,5
DA:52,5
DA:53,5
DA:54,5
DA:56,5
DA:58,0
DA:59,0
DA:61,0
DA:65,5
LF:35
LH:24
BRDA:14,0,0,5
BRDA:14,0,1,5
BRDA:14,0,2,5
BRDA:18,1,0,0
BRDA:18,1,1,0
BRDA:23,2,0,5
BRDA:23,2,1,5
BRDA:27,3,0,0
BRDA:27,3,1,10
BRDA:28,4,0,0
BRDA:28,4,1,10
BRDA:29,5,0,0
BRDA:29,5,1,10
BRDA:30,6,0,0
BRDA:30,6,1,10
BRDA:31,7,0,5
BRDA:31,7,1,5
BRDA:31,8,0,5
BRDA:31,8,1,0
BRDA:32,9,0,0
BRDA:32,9,1,5
BRDA:33,10,0,0
BRDA:33,10,1,5
BRDA:34,11,0,0
BRDA:34,11,1,5
BRDA:35,12,0,0
BRDA:35,12,1,5
BRDA:36,13,0,0
BRDA:36,13,1,5
BRDA:37,14,0,0
BRDA:37,14,1,5
BRDA:44,15,0,0
BRDA:44,15,1,5
BRDA:48,16,0,0
BRDA:48,16,1,0
BRDA:51,17,0,5
BRDA:51,17,1,0
BRF:37
BRH:20
end_of_record
