<?xml version="1.0" encoding="UTF-8"?>
<coverage generated="1770312547513" clover="3.2.0">
  <project timestamp="1770312547513" name="All files">
    <metrics statements="1518" coveredstatements="1102" conditionals="903" coveredconditionals="503" methods="275" coveredmethods="242" elements="2696" coveredelements="1847" complexity="0" loc="1518" ncloc="1518" packages="6" files="22" classes="22"/>
    <package name="container">
      <metrics statements="22" coveredstatements="21" conditionals="22" coveredconditionals="19" methods="8" coveredmethods="7"/>
      <file name="bubbling.ts" path="/Users/zhangxueai/Projects/idea/oin/packages/io/src/lib/container/bubbling.ts">
        <metrics statements="16" coveredstatements="15" conditionals="18" coveredconditionals="15" methods="7" coveredmethods="6"/>
        <line num="5" count="5" type="stmt"/>
        <line num="6" count="0" type="stmt"/>
        <line num="22" count="469" type="stmt"/>
        <line num="25" count="469" type="cond" truecount="4" falsecount="0"/>
        <line num="26" count="4196" type="stmt"/>
        <line num="30" count="469" type="cond" truecount="4" falsecount="0"/>
        <line num="31" count="1217" type="stmt"/>
        <line num="34" count="469" type="stmt"/>
        <line num="45" count="1703" type="stmt"/>
        <line num="48" count="1703" type="cond" truecount="3" falsecount="1"/>
        <line num="49" count="735" type="stmt"/>
        <line num="53" count="1703" type="cond" truecount="3" falsecount="1"/>
        <line num="55" count="243" type="stmt"/>
        <line num="56" count="243" type="cond" truecount="1" falsecount="1"/>
        <line num="57" count="243" type="stmt"/>
        <line num="61" count="1703" type="stmt"/>
      </file>
      <file name="cache.ts" path="/Users/zhangxueai/Projects/idea/oin/packages/io/src/lib/container/cache.ts">
        <metrics statements="6" coveredstatements="6" conditionals="4" coveredconditionals="4" methods="1" coveredmethods="1"/>
        <line num="12" count="11731" type="cond" truecount="4" falsecount="0"/>
        <line num="13" count="7998" type="stmt"/>
        <line num="14" count="7998" type="stmt"/>
        <line num="15" count="7998" type="stmt"/>
        <line num="16" count="7998" type="stmt"/>
        <line num="17" count="7998" type="stmt"/>
      </file>
    </package>
    <package name="core">
      <metrics statements="867" coveredstatements="567" conditionals="474" coveredconditionals="219" methods="113" coveredmethods="104"/>
      <file name="derived.ts" path="/Users/zhangxueai/Projects/idea/oin/packages/io/src/lib/core/derived.ts">
        <metrics statements="114" coveredstatements="102" conditionals="71" coveredconditionals="48" methods="27" coveredmethods="25"/>
        <line num="29" count="3" type="stmt"/>
        <line num="32" count="14" type="cond" truecount="1" falsecount="1"/>
        <line num="36" count="14" type="cond" truecount="2" falsecount="0"/>
        <line num="40" count="11" type="cond" truecount="3" falsecount="1"/>
        <line num="41" count="11" type="stmt"/>
        <line num="42" count="11" type="cond" truecount="2" falsecount="2"/>
        <line num="44" count="11" type="stmt"/>
        <line num="45" count="11" type="cond" truecount="3" falsecount="1"/>
        <line num="46" count="0" type="stmt"/>
        <line num="49" count="11" type="stmt"/>
        <line num="50" count="11" type="stmt"/>
        <line num="51" count="11" type="cond" truecount="2" falsecount="0"/>
        <line num="53" count="4" type="stmt"/>
        <line num="55" count="14" type="cond" truecount="1" falsecount="1"/>
        <line num="56" count="14" type="cond" truecount="1" falsecount="1"/>
        <line num="58" count="14" type="cond" truecount="1" falsecount="1"/>
        <line num="59" count="0" type="stmt"/>
        <line num="60" count="0" type="stmt"/>
        <line num="63" count="14" type="cond" truecount="1" falsecount="1"/>
        <line num="68" count="0" type="stmt"/>
        <line num="69" count="0" type="stmt"/>
        <line num="72" count="14" type="stmt"/>
        <line num="73" count="14" type="stmt"/>
        <line num="74" count="14" type="cond" truecount="4" falsecount="0"/>
        <line num="75" count="7" type="stmt"/>
        <line num="77" count="7" type="cond" truecount="2" falsecount="2"/>
        <line num="78" count="7" type="stmt"/>
        <line num="80" count="0" type="stmt"/>
        <line num="84" count="4" type="stmt"/>
        <line num="85" count="4" type="stmt"/>
        <line num="89" count="4" type="stmt"/>
        <line num="91" count="4" type="stmt"/>
        <line num="93" count="4" type="stmt"/>
        <line num="94" count="4" type="stmt"/>
        <line num="97" count="0" type="stmt"/>
        <line num="99" count="4" type="stmt"/>
        <line num="100" count="1" type="stmt"/>
        <line num="101" count="1" type="cond" truecount="1" falsecount="1"/>
        <line num="102" count="1" type="stmt"/>
        <line num="103" count="3" type="stmt"/>
        <line num="104" count="3" type="cond" truecount="2" falsecount="0"/>
        <line num="105" count="2" type="stmt"/>
        <line num="106" count="2" type="stmt"/>
        <line num="109" count="1" type="stmt"/>
        <line num="110" count="1" type="stmt"/>
        <line num="111" count="1" type="cond" truecount="1" falsecount="1"/>
        <line num="112" count="1" type="stmt"/>
        <line num="113" count="1" type="stmt"/>
        <line num="118" count="4" type="stmt"/>
        <line num="120" count="4" type="stmt"/>
        <line num="126" count="4" type="stmt"/>
        <line num="128" count="4" type="stmt"/>
        <line num="135" count="5" type="stmt"/>
        <line num="136" count="12" type="stmt"/>
        <line num="137" count="12" type="stmt"/>
        <line num="138" count="12" type="cond" truecount="2" falsecount="0"/>
        <line num="139" count="9" type="cond" truecount="1" falsecount="1"/>
        <line num="140" count="0" type="stmt"/>
        <line num="143" count="5" type="stmt"/>
        <line num="145" count="5" type="stmt"/>
        <line num="146" count="5" type="stmt"/>
        <line num="147" count="5" type="stmt"/>
        <line num="149" count="5" type="stmt"/>
        <line num="150" count="8" type="cond" truecount="2" falsecount="0"/>
        <line num="151" count="6" type="stmt"/>
        <line num="154" count="5" type="stmt"/>
        <line num="155" count="1" type="stmt"/>
        <line num="156" count="1" type="cond" truecount="1" falsecount="1"/>
        <line num="157" count="1" type="stmt"/>
        <line num="158" count="1" type="stmt"/>
        <line num="159" count="1" type="stmt"/>
        <line num="162" count="5" type="stmt"/>
        <line num="163" count="2" type="cond" truecount="1" falsecount="1"/>
        <line num="164" count="2" type="stmt"/>
        <line num="165" count="2" type="stmt"/>
        <line num="166" count="2" type="stmt"/>
        <line num="167" count="1" type="stmt"/>
        <line num="169" count="2" type="cond" truecount="1" falsecount="1"/>
        <line num="173" count="5" type="stmt"/>
        <line num="174" count="2" type="cond" truecount="1" falsecount="1"/>
        <line num="175" count="2" type="stmt"/>
        <line num="176" count="2" type="stmt"/>
        <line num="177" count="2" type="stmt"/>
        <line num="180" count="5" type="stmt"/>
        <line num="181" count="6" type="stmt"/>
        <line num="182" count="6" type="stmt"/>
        <line num="185" count="5" type="stmt"/>
        <line num="186" count="0" type="stmt"/>
        <line num="187" count="0" type="stmt"/>
        <line num="190" count="5" type="stmt"/>
        <line num="191" count="2" type="stmt"/>
        <line num="192" count="2" type="cond" truecount="1" falsecount="1"/>
        <line num="193" count="2" type="stmt"/>
        <line num="194" count="2" type="stmt"/>
        <line num="196" count="2" type="stmt"/>
        <line num="197" count="2" type="stmt"/>
        <line num="198" count="2" type="cond" truecount="1" falsecount="1"/>
        <line num="202" count="5" type="stmt"/>
        <line num="204" count="5" type="stmt"/>
        <line num="210" count="5" type="stmt"/>
        <line num="212" count="5" type="stmt"/>
        <line num="219" count="4" type="stmt"/>
        <line num="220" count="2" type="stmt"/>
        <line num="224" count="2" type="stmt"/>
        <line num="225" count="2" type="stmt"/>
        <line num="241" count="9" type="cond" truecount="2" falsecount="0"/>
        <line num="242" count="5" type="cond" truecount="1" falsecount="1"/>
        <line num="243" count="0" type="stmt"/>
        <line num="244" count="5" type="stmt"/>
        <line num="250" count="4" type="cond" truecount="4" falsecount="0"/>
        <line num="251" count="2" type="stmt"/>
        <line num="254" count="2" type="cond" truecount="1" falsecount="1"/>
        <line num="255" count="0" type="stmt"/>
        <line num="258" count="2" type="stmt"/>
      </file>
      <file name="io-tree.ts" path="/Users/zhangxueai/Projects/idea/oin/packages/io/src/lib/core/io-tree.ts">
        <metrics statements="739" coveredstatements="451" conditionals="387" coveredconditionals="155" methods="85" coveredmethods="78"/>
        <line num="58" count="24574" type="stmt"/>
        <line num="62" count="27876" type="cond" truecount="1" falsecount="1"/>
        <line num="63" count="27876" type="stmt"/>
        <line num="64" count="27876" type="stmt"/>
        <line num="65" count="30753" type="stmt"/>
        <line num="66" count="30753" type="cond" truecount="2" falsecount="0"/>
        <line num="67" count="6306" type="stmt"/>
        <line num="68" count="6306" type="stmt"/>
        <line num="70" count="24447" type="stmt"/>
        <line num="71" count="24447" type="stmt"/>
        <line num="72" count="24447" type="stmt"/>
        <line num="74" count="27876" type="stmt"/>
        <line num="78" count="1" type="cond" truecount="1" falsecount="1"/>
        <line num="79" count="1" type="stmt"/>
        <line num="80" count="1" type="stmt"/>
        <line num="81" count="0" type="stmt"/>
        <line num="82" count="0" type="cond" truecount="0" falsecount="2"/>
        <line num="83" count="0" type="stmt"/>
        <line num="85" count="1" type="stmt"/>
        <line num="89" count="27064" type="cond" truecount="1" falsecount="1"/>
        <line num="90" count="27064" type="cond" truecount="2" falsecount="0"/>
        <line num="91" count="2700" type="stmt"/>
        <line num="92" count="2700" type="stmt"/>
        <line num="94" count="24364" type="stmt"/>
        <line num="95" count="24364" type="stmt"/>
        <line num="96" count="24364" type="stmt"/>
        <line num="97" count="29629" type="stmt"/>
        <line num="98" count="29629" type="cond" truecount="2" falsecount="0"/>
        <line num="99" count="29179" type="stmt"/>
        <line num="100" count="29179" type="stmt"/>
        <line num="102" count="23914" type="stmt"/>
        <line num="104" count="23914" type="stmt"/>
        <line num="105" count="27328" type="stmt"/>
        <line num="106" count="27328" type="stmt"/>
        <line num="107" count="27328" type="stmt"/>
        <line num="108" count="27328" type="cond" truecount="1" falsecount="1"/>
        <line num="109" count="27328" type="cond" truecount="2" falsecount="0"/>
        <line num="110" count="27168" type="cond" truecount="2" falsecount="0"/>
        <line num="111" count="23702" type="stmt"/>
        <line num="195" count="82066" type="stmt"/>
        <line num="204" count="27422" type="cond" truecount="2" falsecount="0"/>
        <line num="205" count="27422" type="cond" truecount="1" falsecount="1"/>
        <line num="206" count="27422" type="stmt"/>
        <line num="207" count="27422" type="stmt"/>
        <line num="209" count="27422" type="stmt"/>
        <line num="210" count="27422" type="cond" truecount="1" falsecount="1"/>
        <line num="212" count="27422" type="cond" truecount="2" falsecount="0"/>
        <line num="213" count="1619" type="stmt"/>
        <line num="214" count="1619" type="stmt"/>
        <line num="215" count="1619" type="stmt"/>
        <line num="217" count="1619" type="stmt"/>
        <line num="220" count="25803" type="cond" truecount="2" falsecount="0"/>
        <line num="221" count="3231" type="stmt"/>
        <line num="222" count="3231" type="stmt"/>
        <line num="223" count="20727" type="stmt"/>
        <line num="234" count="27064" type="cond" truecount="2" falsecount="0"/>
        <line num="235" count="27064" type="cond" truecount="1" falsecount="1"/>
        <line num="236" count="27064" type="stmt"/>
        <line num="237" count="27064" type="stmt"/>
        <line num="239" count="27064" type="stmt"/>
        <line num="240" count="27064" type="cond" truecount="1" falsecount="1"/>
        <line num="242" count="27064" type="cond" truecount="2" falsecount="0"/>
        <line num="243" count="1779" type="stmt"/>
        <line num="244" count="1779" type="stmt"/>
        <line num="245" count="1779" type="stmt"/>
        <line num="247" count="1779" type="stmt"/>
        <line num="250" count="25285" type="cond" truecount="2" falsecount="0"/>
        <line num="251" count="3231" type="stmt"/>
        <line num="252" count="3231" type="stmt"/>
        <line num="253" count="20726" type="stmt"/>
        <line num="262" count="3230" type="stmt"/>
        <line num="263" count="3230" type="stmt"/>
        <line num="267" count="0" type="cond" truecount="0" falsecount="4"/>
        <line num="268" count="0" type="stmt"/>
        <line num="275" count="27188" type="stmt"/>
        <line num="276" count="27188" type="cond" truecount="2" falsecount="0"/>
        <line num="277" count="2837" type="cond" truecount="2" falsecount="0"/>
        <line num="278" count="2189" type="stmt"/>
        <line num="279" count="648" type="cond" truecount="1" falsecount="1"/>
        <line num="280" count="648" type="stmt"/>
        <line num="281" count="0" type="cond" truecount="0" falsecount="2"/>
        <line num="282" count="0" type="stmt"/>
        <line num="289" count="6477" type="stmt"/>
        <line num="290" count="4262" type="cond" truecount="2" falsecount="0"/>
        <line num="291" count="4262" type="stmt"/>
        <line num="292" count="4262" type="cond" truecount="2" falsecount="0"/>
        <line num="294" count="4261" type="cond" truecount="2" falsecount="0"/>
        <line num="298" count="4262" type="cond" truecount="4" falsecount="1"/>
        <line num="299" count="0" type="stmt"/>
        <line num="300" count="0" type="stmt"/>
        <line num="304" count="4261" type="cond" truecount="4" falsecount="0"/>
        <line num="307" count="4262" type="stmt"/>
        <line num="309" count="4262" type="cond" truecount="4" falsecount="0"/>
        <line num="310" count="363" type="stmt"/>
        <line num="311" count="450" type="stmt"/>
        <line num="314" count="3898" type="stmt"/>
        <line num="315" count="4101" type="stmt"/>
        <line num="316" count="4101" type="cond" truecount="1" falsecount="1"/>
        <line num="320" count="4261" type="stmt"/>
        <line num="321" count="4261" type="stmt"/>
        <line num="322" count="4261" type="stmt"/>
        <line num="323" count="4261" type="stmt"/>
        <line num="324" count="4261" type="stmt"/>
        <line num="332" count="5254" type="stmt"/>
        <line num="333" count="3736" type="cond" truecount="2" falsecount="0"/>
        <line num="334" count="3736" type="stmt"/>
        <line num="335" count="3736" type="cond" truecount="1" falsecount="1"/>
        <line num="337" count="3736" type="cond" truecount="2" falsecount="0"/>
        <line num="341" count="3736" type="cond" truecount="1" falsecount="1"/>
        <line num="347" count="0" type="stmt"/>
        <line num="348" count="0" type="stmt"/>
        <line num="352" count="3736" type="cond" truecount="5" falsecount="0"/>
        <line num="355" count="3736" type="stmt"/>
        <line num="357" count="3736" type="cond" truecount="2" falsecount="0"/>
        <line num="362" count="3009" type="stmt"/>
        <line num="363" count="19475" type="stmt"/>
        <line num="366" count="727" type="stmt"/>
        <line num="367" count="727" type="cond" truecount="3" falsecount="1"/>
        <line num="368" count="727" type="stmt"/>
        <line num="372" count="3736" type="stmt"/>
        <line num="373" count="3736" type="stmt"/>
        <line num="374" count="3736" type="stmt"/>
        <line num="375" count="3736" type="stmt"/>
        <line num="376" count="3736" type="stmt"/>
        <line num="381" count="3993" type="stmt"/>
        <line num="382" count="3993" type="stmt"/>
        <line num="386" count="1423" type="stmt"/>
        <line num="390" count="3708" type="stmt"/>
        <line num="394" count="1097" type="stmt"/>
        <line num="401" count="409" type="cond" truecount="1" falsecount="1"/>
        <line num="403" count="0" type="cond" truecount="0" falsecount="2"/>
        <line num="408" count="0" type="cond" truecount="0" falsecount="2"/>
        <line num="410" count="409" type="stmt"/>
        <line num="419" count="469" type="stmt"/>
        <line num="421" count="4196" type="cond" truecount="2" falsecount="0"/>
        <line num="422" count="3787" type="stmt"/>
        <line num="423" count="3787" type="stmt"/>
        <line num="424" count="3787" type="stmt"/>
        <line num="427" count="1217" type="stmt"/>
        <line num="428" count="1217" type="stmt"/>
        <line num="429" count="1217" type="stmt"/>
        <line num="430" count="1217" type="stmt"/>
        <line num="437" count="469" type="stmt"/>
        <line num="438" count="469" type="stmt"/>
        <line num="442" count="0" type="stmt"/>
        <line num="443" count="0" type="stmt"/>
        <line num="444" count="0" type="stmt"/>
        <line num="445" count="0" type="stmt"/>
        <line num="449" count="1703" type="stmt"/>
        <line num="451" count="243" type="stmt"/>
        <line num="454" count="735" type="cond" truecount="1" falsecount="1"/>
        <line num="455" count="735" type="stmt"/>
        <line num="456" count="735" type="cond" truecount="1" falsecount="1"/>
        <line num="457" count="735" type="stmt"/>
        <line num="458" count="735" type="stmt"/>
        <line num="461" count="243" type="cond" truecount="1" falsecount="1"/>
        <line num="462" count="243" type="stmt"/>
        <line num="463" count="243" type="stmt"/>
        <line num="464" count="243" type="stmt"/>
        <line num="472" count="1703" type="stmt"/>
        <line num="473" count="1703" type="stmt"/>
        <line num="477" count="1328" type="stmt"/>
        <line num="478" count="1328" type="stmt"/>
        <line num="479" count="1328" type="stmt"/>
        <line num="480" count="1328" type="stmt"/>
        <line num="488" count="2299" type="cond" truecount="4" falsecount="0"/>
        <line num="489" count="15" type="stmt"/>
        <line num="490" count="15" type="stmt"/>
        <line num="491" count="15" type="stmt"/>
        <line num="493" count="2284" type="cond" truecount="4" falsecount="0"/>
        <line num="494" count="454" type="stmt"/>
        <line num="495" count="454" type="cond" truecount="2" falsecount="0"/>
        <line num="496" count="1" type="stmt"/>
        <line num="497" count="1" type="stmt"/>
        <line num="500" count="2283" type="cond" truecount="2" falsecount="0"/>
        <line num="501" count="2210" type="cond" truecount="2" falsecount="0"/>
        <line num="502" count="1830" type="cond" truecount="3" falsecount="1"/>
        <line num="503" count="0" type="cond" truecount="0" falsecount="2"/>
        <line num="504" count="0" type="stmt"/>
        <line num="505" count="0" type="stmt"/>
        <line num="506" count="0" type="stmt"/>
        <line num="508" count="0" type="stmt"/>
        <line num="512" count="1830" type="stmt"/>
        <line num="513" count="1830" type="stmt"/>
        <line num="514" count="1830" type="stmt"/>
        <line num="522" count="380" type="stmt"/>
        <line num="539" count="380" type="stmt"/>
        <line num="540" count="380" type="stmt"/>
        <line num="541" count="380" type="stmt"/>
        <line num="543" count="380" type="stmt"/>
        <line num="544" count="380" type="stmt"/>
        <line num="545" count="469" type="stmt"/>
        <line num="546" count="469" type="stmt"/>
        <line num="549" count="380" type="stmt"/>
        <line num="550" count="469" type="stmt"/>
        <line num="552" count="380" type="stmt"/>
        <line num="554" count="380" type="stmt"/>
        <line num="557" count="297" type="stmt"/>
        <line num="558" count="297" type="stmt"/>
        <line num="559" count="160" type="stmt"/>
        <line num="563" count="380" type="stmt"/>
        <line num="564" count="321" type="stmt"/>
        <line num="565" count="321" type="stmt"/>
        <line num="566" count="161" type="stmt"/>
        <line num="570" count="380" type="stmt"/>
        <line num="575" count="2078" type="stmt"/>
        <line num="576" count="2078" type="stmt"/>
        <line num="577" count="2078" type="cond" truecount="1" falsecount="1"/>
        <line num="578" count="0" type="stmt"/>
        <line num="580" count="2078" type="cond" truecount="1" falsecount="1"/>
        <line num="581" count="2078" type="stmt"/>
        <line num="586" count="2078" type="stmt"/>
        <line num="587" count="2078" type="stmt"/>
        <line num="588" count="2078" type="stmt"/>
        <line num="592" count="2078" type="stmt"/>
        <line num="593" count="2078" type="cond" truecount="2" falsecount="0"/>
        <line num="594" count="2052" type="stmt"/>
        <line num="595" count="2052" type="cond" truecount="1" falsecount="1"/>
        <line num="596" count="0" type="stmt"/>
        <line num="597" count="0" type="stmt"/>
        <line num="600" count="2078" type="stmt"/>
        <line num="603" count="0" type="stmt"/>
        <line num="604" count="0" type="stmt"/>
        <line num="605" count="0" type="stmt"/>
        <line num="606" count="0" type="stmt"/>
        <line num="607" count="0" type="stmt"/>
        <line num="608" count="0" type="stmt"/>
        <line num="609" count="0" type="stmt"/>
        <line num="610" count="0" type="stmt"/>
        <line num="611" count="0" type="cond" truecount="0" falsecount="2"/>
        <line num="613" count="0" type="stmt"/>
        <line num="614" count="0" type="stmt"/>
        <line num="618" count="380" type="stmt"/>
        <line num="619" count="208" type="stmt"/>
        <line num="620" count="208" type="stmt"/>
        <line num="621" count="208" type="stmt"/>
        <line num="622" count="208" type="stmt"/>
        <line num="623" count="208" type="stmt"/>
        <line num="625" count="208" type="stmt"/>
        <line num="626" count="208" type="stmt"/>
        <line num="627" count="414" type="cond" truecount="2" falsecount="0"/>
        <line num="628" count="1" type="stmt"/>
        <line num="631" count="206" type="stmt"/>
        <line num="632" count="206" type="stmt"/>
        <line num="634" count="206" type="stmt"/>
        <line num="642" count="412" type="cond" truecount="2" falsecount="2"/>
        <line num="643" count="0" type="stmt"/>
        <line num="644" count="0" type="cond" truecount="0" falsecount="2"/>
        <line num="645" count="0" type="stmt"/>
        <line num="646" count="0" type="stmt"/>
        <line num="647" count="0" type="stmt"/>
        <line num="648" count="0" type="stmt"/>
        <line num="649" count="0" type="cond" truecount="0" falsecount="2"/>
        <line num="650" count="0" type="stmt"/>
        <line num="654" count="412" type="cond" truecount="2" falsecount="2"/>
        <line num="655" count="0" type="stmt"/>
        <line num="656" count="0" type="cond" truecount="0" falsecount="2"/>
        <line num="657" count="0" type="stmt"/>
        <line num="658" count="0" type="stmt"/>
        <line num="659" count="0" type="stmt"/>
        <line num="660" count="0" type="stmt"/>
        <line num="661" count="0" type="cond" truecount="0" falsecount="2"/>
        <line num="662" count="0" type="stmt"/>
        <line num="666" count="412" type="cond" truecount="2" falsecount="0"/>
        <line num="668" count="409" type="cond" truecount="1" falsecount="1"/>
        <line num="669" count="409" type="stmt"/>
        <line num="674" count="409" type="stmt"/>
        <line num="675" count="409" type="stmt"/>
        <line num="681" count="409" type="stmt"/>
        <line num="682" count="409" type="stmt"/>
        <line num="685" count="0" type="cond" truecount="0" falsecount="2"/>
        <line num="686" count="0" type="stmt"/>
        <line num="687" count="0" type="stmt"/>
        <line num="688" count="0" type="stmt"/>
        <line num="693" count="0" type="stmt"/>
        <line num="694" count="0" type="stmt"/>
        <line num="695" count="0" type="stmt"/>
        <line num="701" count="0" type="stmt"/>
        <line num="704" count="0" type="cond" truecount="0" falsecount="2"/>
        <line num="705" count="0" type="stmt"/>
        <line num="706" count="0" type="cond" truecount="0" falsecount="2"/>
        <line num="707" count="0" type="stmt"/>
        <line num="708" count="0" type="stmt"/>
        <line num="709" count="0" type="stmt"/>
        <line num="710" count="0" type="stmt"/>
        <line num="715" count="0" type="stmt"/>
        <line num="716" count="0" type="stmt"/>
        <line num="717" count="0" type="stmt"/>
        <line num="718" count="0" type="stmt"/>
        <line num="724" count="0" type="stmt"/>
        <line num="727" count="206" type="stmt"/>
        <line num="733" count="206" type="stmt"/>
        <line num="734" count="206" type="stmt"/>
        <line num="735" count="412" type="cond" truecount="1" falsecount="1"/>
        <line num="736" count="0" type="stmt"/>
        <line num="738" count="206" type="stmt"/>
        <line num="739" count="412" type="stmt"/>
        <line num="740" count="412" type="cond" truecount="1" falsecount="1"/>
        <line num="741" count="412" type="stmt"/>
        <line num="742" count="412" type="stmt"/>
        <line num="744" count="412" type="cond" truecount="2" falsecount="2"/>
        <line num="745" count="0" type="stmt"/>
        <line num="746" count="0" type="cond" truecount="0" falsecount="2"/>
        <line num="747" count="0" type="stmt"/>
        <line num="748" count="0" type="stmt"/>
        <line num="749" count="0" type="stmt"/>
        <line num="753" count="0" type="stmt"/>
        <line num="754" count="0" type="cond" truecount="0" falsecount="2"/>
        <line num="755" count="0" type="cond" truecount="0" falsecount="2"/>
        <line num="756" count="0" type="cond" truecount="0" falsecount="2"/>
        <line num="757" count="0" type="stmt"/>
        <line num="761" count="412" type="cond" truecount="2" falsecount="2"/>
        <line num="762" count="0" type="stmt"/>
        <line num="763" count="0" type="cond" truecount="0" falsecount="2"/>
        <line num="764" count="0" type="stmt"/>
        <line num="765" count="0" type="stmt"/>
        <line num="766" count="0" type="stmt"/>
        <line num="770" count="0" type="stmt"/>
        <line num="771" count="0" type="cond" truecount="0" falsecount="2"/>
        <line num="772" count="0" type="cond" truecount="0" falsecount="2"/>
        <line num="773" count="0" type="cond" truecount="0" falsecount="2"/>
        <line num="774" count="0" type="stmt"/>
        <line num="778" count="412" type="stmt"/>
        <line num="782" count="412" type="cond" truecount="2" falsecount="0"/>
        <line num="784" count="206" type="stmt"/>
        <line num="787" count="206" type="stmt"/>
        <line num="793" count="0" type="cond" truecount="0" falsecount="2"/>
        <line num="794" count="0" type="stmt"/>
        <line num="795" count="0" type="stmt"/>
        <line num="796" count="0" type="stmt"/>
        <line num="797" count="0" type="cond" truecount="0" falsecount="2"/>
        <line num="799" count="0" type="stmt"/>
        <line num="800" count="0" type="stmt"/>
        <line num="801" count="0" type="stmt"/>
        <line num="802" count="0" type="stmt"/>
        <line num="804" count="0" type="stmt"/>
        <line num="805" count="0" type="stmt"/>
        <line num="807" count="0" type="stmt"/>
        <line num="808" count="0" type="stmt"/>
        <line num="810" count="0" type="cond" truecount="0" falsecount="2"/>
        <line num="812" count="0" type="stmt"/>
        <line num="820" count="0" type="stmt"/>
        <line num="823" count="0" type="stmt"/>
        <line num="824" count="0" type="stmt"/>
        <line num="825" count="0" type="stmt"/>
        <line num="826" count="0" type="stmt"/>
        <line num="827" count="0" type="stmt"/>
        <line num="829" count="0" type="cond" truecount="0" falsecount="4"/>
        <line num="830" count="0" type="stmt"/>
        <line num="831" count="0" type="cond" truecount="0" falsecount="2"/>
        <line num="832" count="0" type="stmt"/>
        <line num="833" count="0" type="stmt"/>
        <line num="834" count="0" type="stmt"/>
        <line num="838" count="0" type="stmt"/>
        <line num="839" count="0" type="cond" truecount="0" falsecount="2"/>
        <line num="840" count="0" type="cond" truecount="0" falsecount="2"/>
        <line num="841" count="0" type="cond" truecount="0" falsecount="2"/>
        <line num="842" count="0" type="stmt"/>
        <line num="846" count="0" type="cond" truecount="0" falsecount="4"/>
        <line num="847" count="0" type="stmt"/>
        <line num="848" count="0" type="cond" truecount="0" falsecount="2"/>
        <line num="849" count="0" type="stmt"/>
        <line num="850" count="0" type="stmt"/>
        <line num="851" count="0" type="stmt"/>
        <line num="855" count="0" type="stmt"/>
        <line num="856" count="0" type="cond" truecount="0" falsecount="2"/>
        <line num="857" count="0" type="cond" truecount="0" falsecount="2"/>
        <line num="858" count="0" type="cond" truecount="0" falsecount="2"/>
        <line num="859" count="0" type="stmt"/>
        <line num="863" count="0" type="stmt"/>
        <line num="867" count="0" type="cond" truecount="0" falsecount="2"/>
        <line num="869" count="0" type="stmt"/>
        <line num="872" count="206" type="stmt"/>
        <line num="873" count="206" type="stmt"/>
        <line num="874" count="206" type="stmt"/>
        <line num="876" count="206" type="cond" truecount="1" falsecount="1"/>
        <line num="877" count="206" type="stmt"/>
        <line num="878" count="206" type="stmt"/>
        <line num="879" count="206" type="stmt"/>
        <line num="883" count="206" type="stmt"/>
        <line num="885" count="2" type="stmt"/>
        <line num="886" count="2" type="stmt"/>
        <line num="887" count="2" type="stmt"/>
        <line num="891" count="469" type="stmt"/>
        <line num="893" count="380" type="stmt"/>
        <line num="895" count="518" type="stmt"/>
        <line num="897" count="5591" type="stmt"/>
        <line num="900" count="380" type="stmt"/>
        <line num="910" count="380" type="stmt"/>
        <line num="912" count="380" type="stmt"/>
        <line num="913" count="380" type="stmt"/>
        <line num="921" count="73" type="stmt"/>
        <line num="938" count="898" type="stmt"/>
        <line num="940" count="73" type="stmt"/>
        <line num="941" count="887" type="stmt"/>
        <line num="943" count="73" type="stmt"/>
        <line num="945" count="1302" type="cond" truecount="4" falsecount="0"/>
        <line num="946" count="278" type="stmt"/>
        <line num="948" count="1024" type="stmt"/>
        <line num="952" count="73" type="stmt"/>
        <line num="953" count="73" type="stmt"/>
        <line num="954" count="73" type="stmt"/>
        <line num="956" count="73" type="stmt"/>
        <line num="957" count="3230" type="stmt"/>
        <line num="960" count="73" type="stmt"/>
        <line num="961" count="30" type="stmt"/>
        <line num="962" count="30" type="stmt"/>
        <line num="963" count="1" type="stmt"/>
        <line num="967" count="73" type="stmt"/>
        <line num="968" count="40" type="stmt"/>
        <line num="969" count="40" type="stmt"/>
        <line num="970" count="0" type="stmt"/>
        <line num="974" count="73" type="stmt"/>
        <line num="980" count="1938" type="cond" truecount="1" falsecount="1"/>
        <line num="981" count="1938" type="stmt"/>
        <line num="986" count="1938" type="stmt"/>
        <line num="987" count="1938" type="stmt"/>
        <line num="988" count="1938" type="stmt"/>
        <line num="989" count="1169" type="stmt"/>
        <line num="990" count="1169" type="stmt"/>
        <line num="991" count="1169" type="stmt"/>
        <line num="994" count="1938" type="stmt"/>
        <line num="995" count="1196" type="stmt"/>
        <line num="997" count="1938" type="stmt"/>
        <line num="998" count="1938" type="stmt"/>
        <line num="999" count="1938" type="stmt"/>
        <line num="1001" count="1938" type="stmt"/>
        <line num="1004" count="73" type="stmt"/>
        <line num="1010" count="1680" type="stmt"/>
        <line num="1011" count="1680" type="stmt"/>
        <line num="1012" count="1680" type="stmt"/>
        <line num="1013" count="1680" type="stmt"/>
        <line num="1014" count="1680" type="stmt"/>
        <line num="1015" count="1680" type="cond" truecount="1" falsecount="1"/>
        <line num="1017" count="0" type="stmt"/>
        <line num="1018" count="0" type="stmt"/>
        <line num="1022" count="73" type="stmt"/>
        <line num="1026" count="439" type="stmt"/>
        <line num="1027" count="439" type="cond" truecount="1" falsecount="1"/>
        <line num="1028" count="0" type="stmt"/>
        <line num="1029" count="439" type="stmt"/>
        <line num="1030" count="3315" type="stmt"/>
        <line num="1031" count="439" type="stmt"/>
        <line num="1032" count="439" type="stmt"/>
        <line num="1033" count="439" type="stmt"/>
        <line num="1034" count="439" type="stmt"/>
        <line num="1035" count="439" type="cond" truecount="1" falsecount="1"/>
        <line num="1037" count="0" type="stmt"/>
        <line num="1038" count="0" type="stmt"/>
        <line num="1042" count="73" type="stmt"/>
        <line num="1047" count="392" type="stmt"/>
        <line num="1048" count="392" type="stmt"/>
        <line num="1049" count="392" type="cond" truecount="1" falsecount="1"/>
        <line num="1050" count="0" type="stmt"/>
        <line num="1052" count="392" type="cond" truecount="1" falsecount="1"/>
        <line num="1053" count="392" type="stmt"/>
        <line num="1054" count="392" type="cond" truecount="3" falsecount="1"/>
        <line num="1055" count="0" type="stmt"/>
        <line num="1056" count="392" type="stmt"/>
        <line num="1057" count="392" type="stmt"/>
        <line num="1058" count="392" type="stmt"/>
        <line num="1062" count="392" type="stmt"/>
        <line num="1063" count="392" type="cond" truecount="1" falsecount="1"/>
        <line num="1064" count="392" type="stmt"/>
        <line num="1065" count="392" type="cond" truecount="1" falsecount="1"/>
        <line num="1066" count="0" type="stmt"/>
        <line num="1067" count="0" type="stmt"/>
        <line num="1070" count="392" type="stmt"/>
        <line num="1073" count="0" type="stmt"/>
        <line num="1074" count="0" type="stmt"/>
        <line num="1075" count="0" type="stmt"/>
        <line num="1076" count="0" type="stmt"/>
        <line num="1077" count="0" type="stmt"/>
        <line num="1078" count="0" type="stmt"/>
        <line num="1079" count="0" type="stmt"/>
        <line num="1080" count="0" type="stmt"/>
        <line num="1081" count="0" type="cond" truecount="0" falsecount="2"/>
        <line num="1083" count="0" type="stmt"/>
        <line num="1084" count="0" type="stmt"/>
        <line num="1088" count="73" type="stmt"/>
        <line num="1089" count="291" type="stmt"/>
        <line num="1090" count="291" type="cond" truecount="1" falsecount="1"/>
        <line num="1091" count="291" type="stmt"/>
        <line num="1092" count="291" type="stmt"/>
        <line num="1093" count="291" type="stmt"/>
        <line num="1095" count="291" type="stmt"/>
        <line num="1096" count="291" type="stmt"/>
        <line num="1097" count="291" type="stmt"/>
        <line num="1099" count="291" type="stmt"/>
        <line num="1100" count="291" type="stmt"/>
        <line num="1101" count="291" type="stmt"/>
        <line num="1103" count="291" type="stmt"/>
        <line num="1109" count="291" type="stmt"/>
        <line num="1111" count="291" type="stmt"/>
        <line num="1115" count="291" type="stmt"/>
        <line num="1116" count="291" type="stmt"/>
        <line num="1118" count="0" type="stmt"/>
        <line num="1119" count="0" type="stmt"/>
        <line num="1123" count="73" type="stmt"/>
        <line num="1124" count="160" type="stmt"/>
        <line num="1125" count="160" type="cond" truecount="2" falsecount="0"/>
        <line num="1126" count="156" type="stmt"/>
        <line num="1127" count="156" type="stmt"/>
        <line num="1128" count="156" type="stmt"/>
        <line num="1130" count="156" type="stmt"/>
        <line num="1131" count="156" type="stmt"/>
        <line num="1132" count="156" type="cond" truecount="1" falsecount="1"/>
        <line num="1133" count="156" type="stmt"/>
        <line num="1134" count="156" type="stmt"/>
        <line num="1135" count="156" type="stmt"/>
        <line num="1136" count="156" type="stmt"/>
        <line num="1138" count="156" type="stmt"/>
        <line num="1146" count="156" type="stmt"/>
        <line num="1150" count="156" type="stmt"/>
        <line num="1151" count="156" type="stmt"/>
        <line num="1152" count="156" type="stmt"/>
        <line num="1154" count="0" type="stmt"/>
        <line num="1155" count="0" type="stmt"/>
        <line num="1159" count="73" type="stmt"/>
        <line num="1164" count="258" type="stmt"/>
        <line num="1165" count="258" type="stmt"/>
        <line num="1166" count="258" type="stmt"/>
        <line num="1167" count="258" type="stmt"/>
        <line num="1169" count="258" type="stmt"/>
        <line num="1174" count="258" type="stmt"/>
        <line num="1179" count="203" type="stmt"/>
        <line num="1180" count="149" type="stmt"/>
        <line num="1182" count="258" type="stmt"/>
        <line num="1186" count="258" type="stmt"/>
        <line num="1187" count="258" type="stmt"/>
        <line num="1188" count="258" type="stmt"/>
        <line num="1190" count="0" type="stmt"/>
        <line num="1191" count="0" type="stmt"/>
        <line num="1195" count="73" type="stmt"/>
        <line num="1196" count="169" type="stmt"/>
        <line num="1197" count="169" type="cond" truecount="2" falsecount="0"/>
        <line num="1198" count="148" type="stmt"/>
        <line num="1199" count="148" type="stmt"/>
        <line num="1200" count="148" type="stmt"/>
        <line num="1202" count="1110" type="stmt"/>
        <line num="1207" count="148" type="stmt"/>
        <line num="1208" count="1839" type="stmt"/>
        <line num="1209" count="1839" type="stmt"/>
        <line num="1210" count="1839" type="cond" truecount="1" falsecount="1"/>
        <line num="1211" count="0" type="cond" truecount="0" falsecount="4"/>
        <line num="1212" count="0" type="stmt"/>
        <line num="1213" count="0" type="stmt"/>
        <line num="1214" count="0" type="cond" truecount="0" falsecount="2"/>
        <line num="1215" count="0" type="cond" truecount="0" falsecount="2"/>
        <line num="1217" count="1110" type="stmt"/>
        <line num="1218" count="1110" type="stmt"/>
        <line num="1219" count="148" type="stmt"/>
        <line num="1221" count="148" type="stmt"/>
        <line num="1227" count="148" type="stmt"/>
        <line num="1228" count="148" type="stmt"/>
        <line num="1230" count="0" type="stmt"/>
        <line num="1231" count="0" type="stmt"/>
        <line num="1235" count="73" type="stmt"/>
        <line num="1236" count="1" type="stmt"/>
        <line num="1237" count="1" type="stmt"/>
        <line num="1238" count="1" type="stmt"/>
        <line num="1239" count="1" type="stmt"/>
        <line num="1240" count="1" type="stmt"/>
        <line num="1242" count="1" type="stmt"/>
        <line num="1243" count="1" type="stmt"/>
        <line num="1245" count="1" type="stmt"/>
        <line num="1251" count="0" type="stmt"/>
        <line num="1252" count="0" type="stmt"/>
        <line num="1253" count="0" type="cond" truecount="0" falsecount="2"/>
        <line num="1254" count="0" type="stmt"/>
        <line num="1256" count="0" type="stmt"/>
        <line num="1257" count="0" type="stmt"/>
        <line num="1258" count="0" type="cond" truecount="0" falsecount="2"/>
        <line num="1259" count="0" type="stmt"/>
        <line num="1260" count="0" type="stmt"/>
        <line num="1262" count="0" type="cond" truecount="0" falsecount="4"/>
        <line num="1263" count="0" type="stmt"/>
        <line num="1264" count="0" type="cond" truecount="0" falsecount="2"/>
        <line num="1265" count="0" type="stmt"/>
        <line num="1266" count="0" type="stmt"/>
        <line num="1267" count="0" type="stmt"/>
        <line num="1271" count="0" type="stmt"/>
        <line num="1272" count="0" type="cond" truecount="0" falsecount="2"/>
        <line num="1273" count="0" type="cond" truecount="0" falsecount="2"/>
        <line num="1274" count="0" type="cond" truecount="0" falsecount="2"/>
        <line num="1275" count="0" type="stmt"/>
        <line num="1279" count="0" type="cond" truecount="0" falsecount="4"/>
        <line num="1280" count="0" type="stmt"/>
        <line num="1281" count="0" type="cond" truecount="0" falsecount="2"/>
        <line num="1282" count="0" type="stmt"/>
        <line num="1283" count="0" type="stmt"/>
        <line num="1284" count="0" type="stmt"/>
        <line num="1288" count="0" type="stmt"/>
        <line num="1289" count="0" type="cond" truecount="0" falsecount="2"/>
        <line num="1290" count="0" type="cond" truecount="0" falsecount="2"/>
        <line num="1291" count="0" type="cond" truecount="0" falsecount="2"/>
        <line num="1292" count="0" type="stmt"/>
        <line num="1296" count="0" type="stmt"/>
        <line num="1300" count="0" type="cond" truecount="0" falsecount="2"/>
        <line num="1302" count="0" type="stmt"/>
        <line num="1305" count="1" type="stmt"/>
        <line num="1311" count="1" type="cond" truecount="1" falsecount="1"/>
        <line num="1312" count="1" type="stmt"/>
        <line num="1313" count="1" type="stmt"/>
        <line num="1314" count="1" type="stmt"/>
        <line num="1315" count="1" type="cond" truecount="1" falsecount="1"/>
        <line num="1317" count="1" type="stmt"/>
        <line num="1318" count="3" type="stmt"/>
        <line num="1319" count="3" type="stmt"/>
        <line num="1320" count="3" type="stmt"/>
        <line num="1322" count="1" type="stmt"/>
        <line num="1323" count="4" type="stmt"/>
        <line num="1325" count="1" type="stmt"/>
        <line num="1326" count="4" type="stmt"/>
        <line num="1328" count="1" type="cond" truecount="1" falsecount="1"/>
        <line num="1330" count="1" type="stmt"/>
        <line num="1335" count="3" type="stmt"/>
        <line num="1336" count="4" type="stmt"/>
        <line num="1338" count="1" type="stmt"/>
        <line num="1341" count="0" type="stmt"/>
        <line num="1342" count="0" type="stmt"/>
        <line num="1343" count="0" type="stmt"/>
        <line num="1344" count="0" type="stmt"/>
        <line num="1345" count="0" type="stmt"/>
        <line num="1347" count="0" type="cond" truecount="0" falsecount="4"/>
        <line num="1348" count="0" type="stmt"/>
        <line num="1349" count="0" type="cond" truecount="0" falsecount="2"/>
        <line num="1350" count="0" type="stmt"/>
        <line num="1351" count="0" type="stmt"/>
        <line num="1352" count="0" type="stmt"/>
        <line num="1356" count="0" type="stmt"/>
        <line num="1357" count="0" type="cond" truecount="0" falsecount="2"/>
        <line num="1358" count="0" type="cond" truecount="0" falsecount="2"/>
        <line num="1359" count="0" type="cond" truecount="0" falsecount="2"/>
        <line num="1360" count="0" type="stmt"/>
        <line num="1364" count="0" type="cond" truecount="0" falsecount="4"/>
        <line num="1365" count="0" type="stmt"/>
        <line num="1366" count="0" type="cond" truecount="0" falsecount="2"/>
        <line num="1367" count="0" type="stmt"/>
        <line num="1368" count="0" type="stmt"/>
        <line num="1369" count="0" type="stmt"/>
        <line num="1373" count="0" type="stmt"/>
        <line num="1374" count="0" type="cond" truecount="0" falsecount="2"/>
        <line num="1375" count="0" type="cond" truecount="0" falsecount="2"/>
        <line num="1376" count="0" type="cond" truecount="0" falsecount="2"/>
        <line num="1377" count="0" type="stmt"/>
        <line num="1381" count="0" type="stmt"/>
        <line num="1385" count="0" type="cond" truecount="0" falsecount="2"/>
        <line num="1387" count="0" type="stmt"/>
        <line num="1390" count="1" type="stmt"/>
        <line num="1398" count="0" type="cond" truecount="0" falsecount="4"/>
        <line num="1399" count="0" type="stmt"/>
        <line num="1400" count="0" type="cond" truecount="0" falsecount="2"/>
        <line num="1401" count="0" type="stmt"/>
        <line num="1402" count="0" type="stmt"/>
        <line num="1403" count="0" type="stmt"/>
        <line num="1404" count="0" type="stmt"/>
        <line num="1405" count="0" type="cond" truecount="0" falsecount="2"/>
        <line num="1406" count="0" type="cond" truecount="0" falsecount="2"/>
        <line num="1407" count="0" type="stmt"/>
        <line num="1411" count="0" type="cond" truecount="0" falsecount="4"/>
        <line num="1412" count="0" type="stmt"/>
        <line num="1413" count="0" type="cond" truecount="0" falsecount="2"/>
        <line num="1414" count="0" type="stmt"/>
        <line num="1415" count="0" type="stmt"/>
        <line num="1416" count="0" type="stmt"/>
        <line num="1417" count="0" type="stmt"/>
        <line num="1418" count="0" type="cond" truecount="0" falsecount="2"/>
        <line num="1419" count="0" type="cond" truecount="0" falsecount="2"/>
        <line num="1420" count="0" type="stmt"/>
        <line num="1424" count="0" type="cond" truecount="0" falsecount="2"/>
        <line num="1426" count="0" type="cond" truecount="0" falsecount="2"/>
        <line num="1427" count="0" type="stmt"/>
        <line num="1432" count="0" type="stmt"/>
        <line num="1433" count="0" type="stmt"/>
        <line num="1439" count="0" type="stmt"/>
        <line num="1440" count="0" type="stmt"/>
        <line num="1443" count="0" type="cond" truecount="0" falsecount="2"/>
        <line num="1444" count="0" type="stmt"/>
        <line num="1445" count="0" type="stmt"/>
        <line num="1446" count="0" type="stmt"/>
        <line num="1451" count="0" type="stmt"/>
        <line num="1452" count="0" type="stmt"/>
        <line num="1453" count="0" type="stmt"/>
        <line num="1459" count="0" type="stmt"/>
        <line num="1460" count="0" type="stmt"/>
        <line num="1463" count="0" type="cond" truecount="0" falsecount="2"/>
        <line num="1464" count="0" type="stmt"/>
        <line num="1465" count="0" type="stmt"/>
        <line num="1466" count="0" type="stmt"/>
        <line num="1467" count="0" type="stmt"/>
        <line num="1468" count="0" type="stmt"/>
        <line num="1473" count="0" type="stmt"/>
        <line num="1474" count="0" type="stmt"/>
        <line num="1475" count="0" type="stmt"/>
        <line num="1481" count="0" type="stmt"/>
        <line num="1482" count="0" type="stmt"/>
        <line num="1485" count="1" type="stmt"/>
        <line num="1486" count="1" type="stmt"/>
        <line num="1487" count="1" type="stmt"/>
        <line num="1489" count="1" type="cond" truecount="1" falsecount="1"/>
        <line num="1490" count="1" type="stmt"/>
        <line num="1491" count="1" type="stmt"/>
        <line num="1495" count="1" type="stmt"/>
        <line num="1496" count="1" type="stmt"/>
        <line num="1498" count="0" type="stmt"/>
        <line num="1499" count="0" type="stmt"/>
        <line num="1500" count="0" type="stmt"/>
        <line num="1504" count="73" type="stmt"/>
        <line num="1508" count="4" type="stmt"/>
        <line num="1509" count="4" type="stmt"/>
        <line num="1510" count="12" type="stmt"/>
        <line num="1511" count="4" type="stmt"/>
        <line num="1514" count="73" type="stmt"/>
        <line num="1515" count="3" type="stmt"/>
        <line num="1518" count="73" type="stmt"/>
        <line num="1520" count="100" type="stmt"/>
        <line num="1524" count="7110" type="stmt"/>
        <line num="1527" count="73" type="stmt"/>
        <line num="1543" count="73" type="stmt"/>
        <line num="1544" count="212" type="cond" truecount="2" falsecount="0"/>
        <line num="1545" count="212" type="stmt"/>
        <line num="1546" count="212" type="stmt"/>
        <line num="1547" count="212" type="stmt"/>
        <line num="1550" count="73" type="stmt"/>
        <line num="1551" count="73" type="stmt"/>
        <line num="1553" count="73" type="stmt"/>
        <line num="1560" count="127" type="stmt"/>
        <line num="1561" count="127" type="stmt"/>
        <line num="1569" count="127" type="stmt"/>
        <line num="1573" count="127" type="cond" truecount="1" falsecount="1"/>
        <line num="1574" count="127" type="cond" truecount="1" falsecount="1"/>
        <line num="1575" count="127" type="stmt"/>
        <line num="1576" count="127" type="cond" truecount="1" falsecount="1"/>
        <line num="1577" count="127" type="stmt"/>
        <line num="1581" count="127" type="cond" truecount="1" falsecount="1"/>
        <line num="1583" count="127" type="stmt"/>
        <line num="1585" count="127" type="cond" truecount="1" falsecount="1"/>
        <line num="1587" count="0" type="stmt"/>
      </file>
      <file name="io.ts" path="/Users/zhangxueai/Projects/idea/oin/packages/io/src/lib/core/io.ts">
        <metrics statements="14" coveredstatements="14" conditionals="16" coveredconditionals="16" methods="1" coveredmethods="1"/>
        <line num="36" count="151" type="cond" truecount="2" falsecount="0"/>
        <line num="37" count="8" type="cond" truecount="2" falsecount="0"/>
        <line num="38" count="2" type="stmt"/>
        <line num="39" count="6" type="cond" truecount="2" falsecount="0"/>
        <line num="40" count="6" type="stmt"/>
        <line num="41" count="1" type="stmt"/>
        <line num="44" count="143" type="cond" truecount="2" falsecount="0"/>
        <line num="45" count="143" type="stmt"/>
        <line num="46" count="101" type="cond" truecount="2" falsecount="0"/>
        <line num="47" count="101" type="stmt"/>
        <line num="48" count="54" type="cond" truecount="4" falsecount="0"/>
        <line num="49" count="3" type="cond" truecount="2" falsecount="0"/>
        <line num="50" count="1" type="stmt"/>
        <line num="54" count="51" type="stmt"/>
      </file>
    </package>
    <package name="extensions">
      <metrics statements="91" coveredstatements="56" conditionals="76" coveredconditionals="42" methods="31" coveredmethods="20"/>
      <file name="focus.ts" path="/Users/zhangxueai/Projects/idea/oin/packages/io/src/lib/extensions/focus.ts">
        <metrics statements="45" coveredstatements="25" conditionals="32" coveredconditionals="22" methods="14" coveredmethods="5"/>
        <line num="19" count="2" type="cond" truecount="1" falsecount="1"/>
        <line num="20" count="3" type="stmt"/>
        <line num="24" count="1" type="cond" truecount="2" falsecount="0"/>
        <line num="31" count="3" type="stmt"/>
        <line num="32" count="3" type="stmt"/>
        <line num="33" count="5" type="stmt"/>
        <line num="34" count="5" type="stmt"/>
        <line num="35" count="5" type="cond" truecount="1" falsecount="1"/>
        <line num="36" count="0" type="stmt"/>
        <line num="38" count="5" type="cond" truecount="2" falsecount="0"/>
        <line num="39" count="3" type="cond" truecount="2" falsecount="2"/>
        <line num="40" count="0" type="stmt"/>
        <line num="44" count="3" type="stmt"/>
        <line num="45" count="3" type="stmt"/>
        <line num="48" count="2" type="cond" truecount="2" falsecount="0"/>
        <line num="49" count="1" type="cond" truecount="3" falsecount="1"/>
        <line num="50" count="1" type="stmt"/>
        <line num="54" count="0" type="stmt"/>
        <line num="55" count="0" type="stmt"/>
        <line num="58" count="1" type="stmt"/>
        <line num="63" count="1" type="stmt"/>
        <line num="64" count="1" type="cond" truecount="1" falsecount="1"/>
        <line num="65" count="0" type="stmt"/>
        <line num="67" count="1" type="cond" truecount="1" falsecount="1"/>
        <line num="68" count="0" type="stmt"/>
        <line num="69" count="0" type="stmt"/>
        <line num="70" count="0" type="stmt"/>
        <line num="71" count="0" type="stmt"/>
        <line num="72" count="0" type="stmt"/>
        <line num="73" count="0" type="stmt"/>
        <line num="77" count="1" type="cond" truecount="1" falsecount="1"/>
        <line num="78" count="0" type="stmt"/>
        <line num="79" count="0" type="stmt"/>
        <line num="80" count="0" type="stmt"/>
        <line num="81" count="0" type="stmt"/>
        <line num="82" count="0" type="stmt"/>
        <line num="86" count="1" type="cond" truecount="3" falsecount="1"/>
        <line num="87" count="1" type="stmt"/>
        <line num="88" count="1" type="cond" truecount="1" falsecount="1"/>
        <line num="92" count="0" type="stmt"/>
        <line num="96" count="1" type="stmt"/>
        <line num="97" count="1" type="stmt"/>
        <line num="98" count="0" type="stmt"/>
        <line num="99" count="0" type="stmt"/>
        <line num="103" count="0" type="stmt"/>
      </file>
      <file name="with-behaviors.ts" path="/Users/zhangxueai/Projects/idea/oin/packages/io/src/lib/extensions/with-behaviors.ts">
        <metrics statements="46" coveredstatements="31" conditionals="44" coveredconditionals="20" methods="17" coveredmethods="15"/>
        <line num="17" count="8" type="stmt"/>
        <line num="26" count="3" type="stmt"/>
        <line num="30" count="11" type="stmt"/>
        <line num="38" count="8" type="stmt"/>
        <line num="39" count="8" type="stmt"/>
        <line num="40" count="3" type="cond" truecount="1" falsecount="1"/>
        <line num="41" count="0" type="cond" truecount="0" falsecount="2"/>
        <line num="42" count="0" type="stmt"/>
        <line num="44" count="8" type="stmt"/>
        <line num="45" count="1" type="cond" truecount="1" falsecount="1"/>
        <line num="46" count="0" type="stmt"/>
        <line num="47" count="1" type="stmt"/>
        <line num="51" count="8" type="stmt"/>
        <line num="52" count="3" type="cond" truecount="1" falsecount="1"/>
        <line num="53" count="3" type="stmt"/>
        <line num="55" count="8" type="stmt"/>
        <line num="60" count="0" type="stmt"/>
        <line num="69" count="8" type="stmt"/>
        <line num="70" count="4" type="cond" truecount="2" falsecount="0"/>
        <line num="71" count="3" type="cond" truecount="1" falsecount="1"/>
        <line num="72" count="3" type="stmt"/>
        <line num="75" count="8" type="stmt"/>
        <line num="84" count="8" type="stmt"/>
        <line num="86" count="4" type="stmt"/>
        <line num="89" count="5" type="cond" truecount="2" falsecount="0"/>
        <line num="90" count="2" type="cond" truecount="1" falsecount="1"/>
        <line num="91" count="2" type="stmt"/>
        <line num="92" count="0" type="stmt"/>
        <line num="95" count="3" type="cond" truecount="1" falsecount="1"/>
        <line num="96" count="0" type="stmt"/>
        <line num="101" count="1" type="stmt"/>
        <line num="105" count="1" type="stmt"/>
        <line num="106" count="6" type="cond" truecount="2" falsecount="0"/>
        <line num="108" count="1" type="stmt"/>
        <line num="111" count="0" type="stmt"/>
        <line num="112" count="0" type="cond" truecount="0" falsecount="4"/>
        <line num="114" count="0" type="cond" truecount="0" falsecount="2"/>
        <line num="115" count="0" type="stmt"/>
        <line num="116" count="0" type="cond" truecount="0" falsecount="2"/>
        <line num="117" count="0" type="stmt"/>
        <line num="124" count="0" type="stmt"/>
        <line num="125" count="0" type="cond" truecount="0" falsecount="2"/>
        <line num="126" count="0" type="stmt"/>
        <line num="143" count="8" type="cond" truecount="1" falsecount="1"/>
        <line num="144" count="8" type="stmt"/>
        <line num="145" count="8" type="stmt"/>
      </file>
    </package>
    <package name="extensions.behaviors">
      <metrics statements="44" coveredstatements="40" conditionals="25" coveredconditionals="16" methods="15" coveredmethods="14"/>
      <file name="devtools.ts" path="/Users/zhangxueai/Projects/idea/oin/packages/io/src/lib/extensions/behaviors/devtools.ts">
        <metrics statements="12" coveredstatements="12" conditionals="6" coveredconditionals="5" methods="3" coveredmethods="3"/>
        <line num="13" count="2" type="stmt"/>
        <line num="14" count="2" type="stmt"/>
        <line num="15" count="2" type="cond" truecount="2" falsecount="0"/>
        <line num="16" count="2" type="cond" truecount="2" falsecount="0"/>
        <line num="17" count="2" type="stmt"/>
        <line num="18" count="2" type="stmt"/>
        <line num="19" count="2" type="stmt"/>
        <line num="20" count="1" type="stmt"/>
        <line num="21" count="1" type="cond" truecount="1" falsecount="1"/>
        <line num="22" count="1" type="stmt"/>
        <line num="24" count="1" type="stmt"/>
        <line num="26" count="2" type="stmt"/>
      </file>
      <file name="persist.ts" path="/Users/zhangxueai/Projects/idea/oin/packages/io/src/lib/extensions/behaviors/persist.ts">
        <metrics statements="19" coveredstatements="15" conditionals="16" coveredconditionals="9" methods="6" coveredmethods="5"/>
        <line num="15" count="1" type="stmt"/>
        <line num="16" count="1" type="stmt"/>
        <line num="19" count="1" type="cond" truecount="1" falsecount="1"/>
        <line num="20" count="0" type="cond" truecount="0" falsecount="2"/>
        <line num="21" count="0" type="stmt"/>
        <line num="25" count="1" type="stmt"/>
        <line num="26" count="1" type="stmt"/>
        <line num="27" count="1" type="cond" truecount="2" falsecount="0"/>
        <line num="28" count="1" type="cond" truecount="2" falsecount="0"/>
        <line num="29" count="1" type="cond" truecount="1" falsecount="1"/>
        <line num="30" count="1" type="stmt"/>
        <line num="31" count="1" type="cond" truecount="2" falsecount="2"/>
        <line num="32" count="0" type="stmt"/>
        <line num="33" count="0" type="stmt"/>
        <line num="40" count="1" type="stmt"/>
        <line num="43" count="1" type="stmt"/>
        <line num="44" count="1" type="cond" truecount="1" falsecount="1"/>
        <line num="45" count="1" type="stmt"/>
        <line num="46" count="1" type="stmt"/>
      </file>
      <file name="schedule.ts" path="/Users/zhangxueai/Projects/idea/oin/packages/io/src/lib/extensions/behaviors/schedule.ts">
        <metrics statements="13" coveredstatements="13" conditionals="3" coveredconditionals="2" methods="6" coveredmethods="6"/>
        <line num="7" count="5" type="stmt"/>
        <line num="10" count="1" type="stmt"/>
        <line num="11" count="1" type="stmt"/>
        <line num="12" count="1" type="stmt"/>
        <line num="13" count="2" type="stmt"/>
        <line num="14" count="2" type="cond" truecount="1" falsecount="1"/>
        <line num="15" count="2" type="stmt"/>
        <line num="16" count="2" type="stmt"/>
        <line num="17" count="2" type="stmt"/>
        <line num="18" count="2" type="stmt"/>
        <line num="21" count="1" type="stmt"/>
        <line num="22" count="1" type="stmt"/>
        <line num="23" count="1" type="stmt"/>
      </file>
    </package>
    <package name="units">
      <metrics statements="58" coveredstatements="54" conditionals="14" coveredconditionals="13" methods="17" coveredmethods="17"/>
      <file name="unit.ts" path="/Users/zhangxueai/Projects/idea/oin/packages/io/src/lib/units/unit.ts">
        <metrics statements="58" coveredstatements="54" conditionals="14" coveredconditionals="13" methods="17" coveredmethods="17"/>
        <line num="41" count="29702" type="cond" truecount="4" falsecount="0"/>
        <line num="42" count="22693" type="stmt"/>
        <line num="43" count="7009" type="stmt"/>
        <line num="44" count="7009" type="stmt"/>
        <line num="45" count="7009" type="stmt"/>
        <line num="46" count="7009" type="stmt"/>
        <line num="47" count="7009" type="stmt"/>
        <line num="51" count="5219" type="stmt"/>
        <line num="52" count="5219" type="stmt"/>
        <line num="56" count="1589" type="stmt"/>
        <line num="60" count="1899" type="stmt"/>
        <line num="78" count="5389" type="stmt"/>
        <line num="79" count="5389" type="stmt"/>
        <line num="81" count="5389" type="stmt"/>
        <line num="83" count="5389" type="cond" truecount="2" falsecount="0"/>
        <line num="84" count="5389" type="stmt"/>
        <line num="85" count="5389" type="cond" truecount="2" falsecount="0"/>
        <line num="87" count="5219" type="stmt"/>
        <line num="88" count="5219" type="stmt"/>
        <line num="89" count="5219" type="stmt"/>
        <line num="91" count="5219" type="cond" truecount="2" falsecount="0"/>
        <line num="92" count="1589" type="stmt"/>
        <line num="98" count="1589" type="stmt"/>
        <line num="99" count="1589" type="stmt"/>
        <line num="102" count="5219" type="cond" truecount="1" falsecount="1"/>
        <line num="106" count="1899" type="stmt"/>
        <line num="108" count="1899" type="stmt"/>
        <line num="109" count="5389" type="stmt"/>
        <line num="110" count="5389" type="stmt"/>
        <line num="112" count="0" type="stmt"/>
        <line num="113" count="0" type="stmt"/>
        <line num="120" count="1850" type="cond" truecount="2" falsecount="0"/>
        <line num="121" count="118" type="stmt"/>
        <line num="122" count="118" type="stmt"/>
        <line num="124" count="1732" type="stmt"/>
        <line num="126" count="1899" type="stmt"/>
        <line num="128" count="24365" type="stmt"/>
        <line num="130" count="1899" type="stmt"/>
        <line num="131" count="1857" type="stmt"/>
        <line num="132" count="1857" type="stmt"/>
        <line num="133" count="1173" type="stmt"/>
        <line num="137" count="1899" type="stmt"/>
        <line num="138" count="1857" type="stmt"/>
        <line num="139" count="1857" type="stmt"/>
        <line num="140" count="1169" type="stmt"/>
        <line num="144" count="1899" type="stmt"/>
        <line num="145" count="1" type="stmt"/>
        <line num="146" count="1" type="stmt"/>
        <line num="148" count="0" type="stmt"/>
        <line num="149" count="0" type="stmt"/>
        <line num="153" count="1899" type="stmt"/>
        <line num="156" count="4940" type="stmt"/>
        <line num="157" count="3" type="stmt"/>
        <line num="160" count="1899" type="stmt"/>
        <line num="170" count="1899" type="stmt"/>
        <line num="172" count="1899" type="stmt"/>
        <line num="176" count="2879" type="stmt"/>
        <line num="177" count="2879" type="stmt"/>
      </file>
    </package>
    <package name="utils">
      <metrics statements="436" coveredstatements="364" conditionals="292" coveredconditionals="194" methods="91" coveredmethods="80"/>
      <file name="batch.ts" path="/Users/zhangxueai/Projects/idea/oin/packages/io/src/lib/utils/batch.ts">
        <metrics statements="30" coveredstatements="23" conditionals="12" coveredconditionals="7" methods="4" coveredmethods="4"/>
        <line num="8" count="5" type="stmt"/>
        <line num="10" count="5" type="stmt"/>
        <line num="11" count="5" type="stmt"/>
        <line num="14" count="1" type="cond" truecount="1" falsecount="1"/>
        <line num="15" count="1" type="stmt"/>
        <line num="16" count="1" type="stmt"/>
        <line num="17" count="1" type="stmt"/>
        <line num="18" count="1" type="stmt"/>
        <line num="22" count="1" type="cond" truecount="1" falsecount="1"/>
        <line num="23" count="0" type="stmt"/>
        <line num="24" count="0" type="stmt"/>
        <line num="25" count="0" type="stmt"/>
        <line num="26" count="0" type="stmt"/>
        <line num="32" count="1" type="stmt"/>
        <line num="33" count="1" type="stmt"/>
        <line num="34" count="1" type="stmt"/>
        <line num="36" count="1" type="stmt"/>
        <line num="37" count="1" type="cond" truecount="1" falsecount="1"/>
        <line num="45" count="12920" type="cond" truecount="2" falsecount="0"/>
        <line num="46" count="12917" type="stmt"/>
        <line num="47" count="12917" type="stmt"/>
        <line num="49" count="3" type="stmt"/>
        <line num="50" count="3" type="stmt"/>
        <line num="58" count="4109" type="cond" truecount="2" falsecount="0"/>
        <line num="59" count="4106" type="stmt"/>
        <line num="60" count="4106" type="stmt"/>
        <line num="62" count="3" type="stmt"/>
        <line num="63" count="0" type="stmt"/>
        <line num="64" count="0" type="cond" truecount="0" falsecount="2"/>
        <line num="65" count="0" type="stmt"/>
      </file>
      <file name="cow.ts" path="/Users/zhangxueai/Projects/idea/oin/packages/io/src/lib/utils/cow.ts">
        <metrics statements="81" coveredstatements="64" conditionals="60" coveredconditionals="41" methods="19" coveredmethods="13"/>
        <line num="10" count="6" type="stmt"/>
        <line num="11" count="6" type="stmt"/>
        <line num="13" count="6" type="stmt"/>
        <line num="16" count="408" type="cond" truecount="3" falsecount="1"/>
        <line num="17" count="408" type="cond" truecount="1" falsecount="1"/>
        <line num="18" count="408" type="stmt"/>
        <line num="22" count="408" type="stmt"/>
        <line num="23" count="408" type="cond" truecount="1" falsecount="1"/>
        <line num="24" count="408" type="stmt"/>
        <line num="28" count="3431" type="cond" truecount="3" falsecount="1"/>
        <line num="29" count="3431" type="cond" truecount="2" falsecount="0"/>
        <line num="30" count="2415" type="stmt"/>
        <line num="34" count="2202" type="cond" truecount="2" falsecount="0"/>
        <line num="38" count="211" type="cond" truecount="2" falsecount="0"/>
        <line num="39" count="209" type="stmt"/>
        <line num="40" count="209" type="stmt"/>
        <line num="41" count="209" type="stmt"/>
        <line num="45" count="1015" type="cond" truecount="2" falsecount="0"/>
        <line num="46" count="211" type="stmt"/>
        <line num="47" count="211" type="stmt"/>
        <line num="49" count="1015" type="stmt"/>
        <line num="53" count="1015" type="cond" truecount="1" falsecount="1"/>
        <line num="54" count="0" type="cond" truecount="0" falsecount="2"/>
        <line num="55" count="0" type="stmt"/>
        <line num="58" count="6" type="stmt"/>
        <line num="71" count="216" type="cond" truecount="2" falsecount="0"/>
        <line num="72" count="216" type="stmt"/>
        <line num="74" count="216" type="stmt"/>
        <line num="81" count="216" type="stmt"/>
        <line num="83" count="2202" type="cond" truecount="1" falsecount="1"/>
        <line num="85" count="2202" type="stmt"/>
        <line num="87" count="2202" type="cond" truecount="4" falsecount="0"/>
        <line num="88" count="201" type="stmt"/>
        <line num="89" count="201" type="cond" truecount="1" falsecount="1"/>
        <line num="90" count="201" type="stmt"/>
        <line num="91" count="201" type="stmt"/>
        <line num="92" count="201" type="stmt"/>
        <line num="95" count="201" type="cond" truecount="1" falsecount="1"/>
        <line num="96" count="0" type="stmt"/>
        <line num="98" count="201" type="cond" truecount="4" falsecount="0"/>
        <line num="103" count="201" type="stmt"/>
        <line num="110" count="2001" type="stmt"/>
        <line num="111" count="2001" type="cond" truecount="2" falsecount="0"/>
        <line num="113" count="2000" type="stmt"/>
        <line num="114" count="2000" type="cond" truecount="2" falsecount="0"/>
        <line num="116" count="6" type="stmt"/>
        <line num="117" count="6" type="stmt"/>
        <line num="118" count="6" type="stmt"/>
        <line num="121" count="814" type="stmt"/>
        <line num="122" count="814" type="stmt"/>
        <line num="123" count="814" type="stmt"/>
        <line num="124" count="814" type="stmt"/>
        <line num="125" count="814" type="stmt"/>
        <line num="128" count="0" type="stmt"/>
        <line num="129" count="0" type="stmt"/>
        <line num="130" count="0" type="stmt"/>
        <line num="131" count="0" type="stmt"/>
        <line num="134" count="0" type="stmt"/>
        <line num="137" count="0" type="stmt"/>
        <line num="140" count="0" type="stmt"/>
        <line num="141" count="0" type="cond" truecount="0" falsecount="2"/>
        <line num="142" count="0" type="stmt"/>
        <line num="149" count="216" type="stmt"/>
        <line num="150" count="216" type="stmt"/>
        <line num="151" count="216" type="stmt"/>
        <line num="155" count="415" type="cond" truecount="1" falsecount="1"/>
        <line num="156" count="415" type="stmt"/>
        <line num="157" count="415" type="cond" truecount="2" falsecount="0"/>
        <line num="158" count="216" type="stmt"/>
        <line num="162" count="0" type="cond" truecount="0" falsecount="2"/>
        <line num="163" count="0" type="stmt"/>
        <line num="167" count="408" type="cond" truecount="1" falsecount="1"/>
        <line num="168" count="408" type="stmt"/>
        <line num="170" count="408" type="cond" truecount="2" falsecount="0"/>
        <line num="172" count="208" type="stmt"/>
        <line num="173" count="208" type="stmt"/>
        <line num="174" count="0" type="stmt"/>
        <line num="175" count="0" type="cond" truecount="0" falsecount="2"/>
        <line num="178" count="208" type="stmt"/>
        <line num="179" count="208" type="stmt"/>
        <line num="183" count="0" type="stmt"/>
      </file>
      <file name="debug.ts" path="/Users/zhangxueai/Projects/idea/oin/packages/io/src/lib/utils/debug.ts">
        <metrics statements="23" coveredstatements="21" conditionals="22" coveredconditionals="14" methods="5" coveredmethods="5"/>
        <line num="19" count="2" type="stmt"/>
        <line num="20" count="2" type="stmt"/>
        <line num="21" count="2" type="cond" truecount="3" falsecount="1"/>
        <line num="23" count="2" type="stmt"/>
        <line num="26" count="2" type="cond" truecount="1" falsecount="1"/>
        <line num="27" count="2" type="cond" truecount="1" falsecount="1"/>
        <line num="28" count="2" type="stmt"/>
        <line num="32" count="1" type="stmt"/>
        <line num="33" count="1" type="stmt"/>
        <line num="34" count="1" type="cond" truecount="3" falsecount="1"/>
        <line num="35" count="0" type="stmt"/>
        <line num="37" count="1" type="stmt"/>
        <line num="40" count="1" type="cond" truecount="1" falsecount="1"/>
        <line num="41" count="1" type="cond" truecount="1" falsecount="1"/>
        <line num="42" count="1" type="stmt"/>
        <line num="43" count="1" type="stmt"/>
        <line num="44" count="1" type="stmt"/>
        <line num="52" count="1" type="cond" truecount="3" falsecount="1"/>
        <line num="53" count="1" type="stmt"/>
        <line num="56" count="1" type="cond" truecount="1" falsecount="1"/>
        <line num="57" count="0" type="stmt"/>
        <line num="58" count="1" type="stmt"/>
        <line num="59" count="2" type="stmt"/>
      </file>
      <file name="internal-access.ts" path="/Users/zhangxueai/Projects/idea/oin/packages/io/src/lib/utils/internal-access.ts">
        <metrics statements="11" coveredstatements="11" conditionals="12" coveredconditionals="8" methods="4" coveredmethods="4"/>
        <line num="5" count="5" type="stmt"/>
        <line num="8" count="2434" type="stmt"/>
        <line num="12" count="96134" type="cond" truecount="3" falsecount="1"/>
        <line num="13" count="96134" type="cond" truecount="3" falsecount="1"/>
        <line num="14" count="96134" type="stmt"/>
        <line num="18" count="2487" type="stmt"/>
        <line num="19" count="2487" type="cond" truecount="1" falsecount="1"/>
        <line num="20" count="2487" type="stmt"/>
        <line num="28" count="2487" type="stmt"/>
        <line num="29" count="2487" type="cond" truecount="1" falsecount="1"/>
        <line num="30" count="2487" type="stmt"/>
      </file>
      <file name="internal-symbol.ts" path="/Users/zhangxueai/Projects/idea/oin/packages/io/src/lib/utils/internal-symbol.ts">
        <metrics statements="1" coveredstatements="1" conditionals="0" coveredconditionals="0" methods="0" coveredmethods="0"/>
        <line num="1" count="5" type="stmt"/>
      </file>
      <file name="patch-path.ts" path="/Users/zhangxueai/Projects/idea/oin/packages/io/src/lib/utils/patch-path.ts">
        <metrics statements="2" coveredstatements="2" conditionals="0" coveredconditionals="0" methods="3" coveredmethods="3"/>
        <line num="4" count="1460" type="stmt"/>
        <line num="8" count="1460" type="stmt"/>
      </file>
      <file name="plain-object.ts" path="/Users/zhangxueai/Projects/idea/oin/packages/io/src/lib/utils/plain-object.ts">
        <metrics statements="5" coveredstatements="5" conditionals="10" coveredconditionals="9" methods="1" coveredmethods="1"/>
        <line num="2" count="3141" type="cond" truecount="4" falsecount="0"/>
        <line num="3" count="3136" type="cond" truecount="2" falsecount="0"/>
        <line num="4" count="436" type="cond" truecount="1" falsecount="1"/>
        <line num="5" count="436" type="stmt"/>
        <line num="6" count="436" type="cond" truecount="2" falsecount="0"/>
      </file>
      <file name="schedule.ts" path="/Users/zhangxueai/Projects/idea/oin/packages/io/src/lib/utils/schedule.ts">
        <metrics statements="9" coveredstatements="5" conditionals="8" coveredconditionals="4" methods="2" coveredmethods="1"/>
        <line num="8" count="1" type="cond" truecount="1" falsecount="1"/>
        <line num="13" count="2" type="cond" truecount="1" falsecount="1"/>
        <line num="14" count="2" type="stmt"/>
        <line num="15" count="2" type="stmt"/>
        <line num="17" count="0" type="stmt"/>
        <line num="18" count="2" type="cond" truecount="2" falsecount="2"/>
        <line num="19" count="0" type="stmt"/>
        <line num="20" count="0" type="stmt"/>
        <line num="22" count="0" type="stmt"/>
      </file>
      <file name="signals.ts" path="/Users/zhangxueai/Projects/idea/oin/packages/io/src/lib/utils/signals.ts">
        <metrics statements="101" coveredstatements="89" conditionals="28" coveredconditionals="16" methods="31" coveredmethods="29"/>
        <line num="11" count="5" type="stmt"/>
        <line num="14" count="136" type="stmt"/>
        <line num="18" count="0" type="stmt"/>
        <line num="19" count="0" type="stmt"/>
        <line num="20" count="0" type="stmt"/>
        <line num="21" count="0" type="stmt"/>
        <line num="23" count="0" type="stmt"/>
        <line num="28" count="14" type="stmt"/>
        <line num="29" count="14" type="stmt"/>
        <line num="30" count="14" type="stmt"/>
        <line num="31" count="14" type="stmt"/>
        <line num="33" count="14" type="stmt"/>
        <line num="43" count="8" type="stmt"/>
        <line num="46" count="14" type="stmt"/>
        <line num="50" count="14" type="stmt"/>
        <line num="51" count="8" type="cond" truecount="1" falsecount="1"/>
        <line num="52" count="0" type="stmt"/>
        <line num="53" count="0" type="stmt"/>
        <line num="55" count="14" type="stmt"/>
        <line num="56" count="16" type="cond" truecount="2" falsecount="0"/>
        <line num="57" count="8" type="stmt"/>
        <line num="58" count="8" type="stmt"/>
        <line num="63" count="2" type="stmt"/>
        <line num="64" count="2" type="stmt"/>
        <line num="68" count="5" type="stmt"/>
        <line num="69" count="5" type="stmt"/>
        <line num="72" count="3" type="cond" truecount="1" falsecount="1"/>
        <line num="73" count="3" type="stmt"/>
        <line num="74" count="3" type="stmt"/>
        <line num="75" count="3" type="cond" truecount="1" falsecount="1"/>
        <line num="76" count="3" type="stmt"/>
        <line num="77" count="3" type="stmt"/>
        <line num="78" count="3" type="stmt"/>
        <line num="79" count="3" type="stmt"/>
        <line num="80" count="3" type="stmt"/>
        <line num="81" count="3" type="stmt"/>
        <line num="82" count="3" type="stmt"/>
        <line num="83" count="3" type="cond" truecount="1" falsecount="1"/>
        <line num="89" count="2" type="stmt"/>
        <line num="91" count="2" type="stmt"/>
        <line num="92" count="2" type="stmt"/>
        <line num="94" count="2" type="stmt"/>
        <line num="97" count="5" type="stmt"/>
        <line num="100" count="2" type="stmt"/>
        <line num="103" count="5" type="cond" truecount="1" falsecount="1"/>
        <line num="104" count="5" type="cond" truecount="1" falsecount="1"/>
        <line num="105" count="0" type="stmt"/>
        <line num="106" count="0" type="stmt"/>
        <line num="108" count="5" type="stmt"/>
        <line num="109" count="5" type="stmt"/>
        <line num="110" count="5" type="stmt"/>
        <line num="111" count="5" type="stmt"/>
        <line num="112" count="5" type="cond" truecount="1" falsecount="1"/>
        <line num="113" count="5" type="stmt"/>
        <line num="117" count="2" type="cond" truecount="1" falsecount="1"/>
        <line num="118" count="2" type="stmt"/>
        <line num="119" count="2" type="cond" truecount="1" falsecount="1"/>
        <line num="120" count="0" type="stmt"/>
        <line num="121" count="0" type="stmt"/>
        <line num="123" count="2" type="stmt"/>
        <line num="128" count="2" type="stmt"/>
        <line num="129" count="2" type="stmt"/>
        <line num="130" count="2" type="stmt"/>
        <line num="135" count="2" type="stmt"/>
        <line num="138" count="2" type="stmt"/>
        <line num="142" count="4" type="stmt"/>
        <line num="143" count="4" type="stmt"/>
        <line num="147" count="1" type="stmt"/>
        <line num="149" count="1" type="cond" truecount="1" falsecount="1"/>
        <line num="150" count="1" type="cond" truecount="1" falsecount="1"/>
        <line num="151" count="1" type="stmt"/>
        <line num="152" count="1" type="stmt"/>
        <line num="156" count="2" type="stmt"/>
        <line num="157" count="2" type="stmt"/>
        <line num="158" count="0" type="stmt"/>
        <line num="164" count="6" type="stmt"/>
        <line num="165" count="6" type="stmt"/>
        <line num="167" count="6" type="stmt"/>
        <line num="168" count="6" type="stmt"/>
        <line num="170" count="6" type="stmt"/>
        <line num="172" count="3" type="stmt"/>
        <line num="173" count="3" type="cond" truecount="1" falsecount="1"/>
        <line num="174" count="3" type="stmt"/>
        <line num="175" count="3" type="stmt"/>
        <line num="180" count="9" type="stmt"/>
        <line num="181" count="9" type="stmt"/>
        <line num="182" count="9" type="stmt"/>
        <line num="183" count="9" type="stmt"/>
        <line num="184" count="9" type="stmt"/>
        <line num="185" count="9" type="stmt"/>
        <line num="186" count="9" type="stmt"/>
        <line num="190" count="11" type="stmt"/>
        <line num="194" count="14" type="stmt"/>
        <line num="195" count="14" type="cond" truecount="2" falsecount="0"/>
        <line num="196" count="14" type="stmt"/>
        <line num="200" count="1" type="stmt"/>
        <line num="201" count="1" type="stmt"/>
        <line num="202" count="1" type="stmt"/>
        <line num="207" count="5" type="stmt"/>
        <line num="213" count="1" type="stmt"/>
        <line num="217" count="6" type="stmt"/>
      </file>
      <file name="snapshot.ts" path="/Users/zhangxueai/Projects/idea/oin/packages/io/src/lib/utils/snapshot.ts">
        <metrics statements="56" coveredstatements="47" conditionals="56" coveredconditionals="38" methods="13" coveredmethods="11"/>
        <line num="1" count="7" type="stmt"/>
        <line num="2" count="7" type="stmt"/>
        <line num="5" count="8213" type="stmt"/>
        <line num="9" count="8113" type="stmt"/>
        <line num="13" count="117" type="stmt"/>
        <line num="14" count="117" type="stmt"/>
        <line num="16" count="117" type="cond" truecount="2" falsecount="0"/>
        <line num="17" count="116" type="stmt"/>
        <line num="19" count="1" type="stmt"/>
        <line num="25" count="12659" type="cond" truecount="4" falsecount="0"/>
        <line num="26" count="12646" type="cond" truecount="2" falsecount="0"/>
        <line num="27" count="207" type="cond" truecount="2" falsecount="0"/>
        <line num="28" count="117" type="stmt"/>
        <line num="29" count="117" type="stmt"/>
        <line num="30" count="117" type="stmt"/>
        <line num="31" count="117" type="stmt"/>
        <line num="35" count="120" type="cond" truecount="3" falsecount="1"/>
        <line num="36" count="120" type="cond" truecount="1" falsecount="1"/>
        <line num="38" count="120" type="stmt"/>
        <line num="40" count="120" type="stmt"/>
        <line num="41" count="648" type="cond" truecount="3" falsecount="1"/>
        <line num="42" count="648" type="cond" truecount="2" falsecount="0"/>
        <line num="43" count="132" type="stmt"/>
        <line num="44" count="132" type="cond" truecount="2" falsecount="0"/>
        <line num="45" count="130" type="stmt"/>
        <line num="47" count="130" type="stmt"/>
        <line num="49" count="130" type="cond" truecount="2" falsecount="0"/>
        <line num="50" count="200" type="stmt"/>
        <line num="53" count="130" type="stmt"/>
        <line num="54" count="329" type="stmt"/>
        <line num="55" count="329" type="cond" truecount="1" falsecount="1"/>
        <line num="56" count="329" type="cond" truecount="2" falsecount="0"/>
        <line num="60" count="120" type="stmt"/>
        <line num="61" count="120" type="stmt"/>
        <line num="65" count="0" type="cond" truecount="0" falsecount="4"/>
        <line num="66" count="0" type="cond" truecount="0" falsecount="2"/>
        <line num="67" count="0" type="cond" truecount="0" falsecount="2"/>
        <line num="68" count="0" type="stmt"/>
        <line num="69" count="0" type="stmt"/>
        <line num="70" count="0" type="stmt"/>
        <line num="74" count="7997" type="cond" truecount="3" falsecount="1"/>
        <line num="75" count="7997" type="cond" truecount="1" falsecount="1"/>
        <line num="76" count="7997" type="cond" truecount="1" falsecount="1"/>
        <line num="77" count="7997" type="stmt"/>
        <line num="78" count="7997" type="stmt"/>
        <line num="79" count="7997" type="stmt"/>
        <line num="83" count="12659" type="stmt"/>
        <line num="87" count="0" type="cond" truecount="0" falsecount="2"/>
        <line num="88" count="0" type="stmt"/>
        <line num="92" count="7016" type="cond" truecount="4" falsecount="0"/>
        <line num="93" count="7011" type="cond" truecount="2" falsecount="0"/>
        <line num="94" count="9" type="cond" truecount="1" falsecount="1"/>
        <line num="95" count="0" type="stmt"/>
        <line num="98" count="7" type="stmt"/>
        <line num="100" count="1" type="stmt"/>
        <line num="102" count="1" type="stmt"/>
      </file>
      <file name="updates.ts" path="/Users/zhangxueai/Projects/idea/oin/packages/io/src/lib/utils/updates.ts">
        <metrics statements="117" coveredstatements="96" conditionals="84" coveredconditionals="57" methods="9" coveredmethods="9"/>
        <line num="55" count="8656" type="stmt"/>
        <line num="59" count="4171" type="stmt"/>
        <line num="60" count="4171" type="cond" truecount="3" falsecount="1"/>
        <line num="61" count="4171" type="stmt"/>
        <line num="62" count="4171" type="cond" truecount="1" falsecount="1"/>
        <line num="63" count="4171" type="stmt"/>
        <line num="66" count="0" type="stmt"/>
        <line num="74" count="4171" type="stmt"/>
        <line num="78" count="3054" type="stmt"/>
        <line num="79" count="3054" type="stmt"/>
        <line num="80" count="1562" type="stmt"/>
        <line num="81" count="1562" type="cond" truecount="2" falsecount="0"/>
        <line num="82" count="54" type="stmt"/>
        <line num="83" count="54" type="stmt"/>
        <line num="85" count="1508" type="cond" truecount="1" falsecount="1"/>
        <line num="86" count="0" type="stmt"/>
        <line num="87" count="0" type="stmt"/>
        <line num="89" count="1508" type="stmt"/>
        <line num="90" count="1508" type="stmt"/>
        <line num="92" count="3054" type="stmt"/>
        <line num="96" count="31" type="cond" truecount="1" falsecount="1"/>
        <line num="97" count="31" type="cond" truecount="1" falsecount="1"/>
        <line num="99" count="31" type="stmt"/>
        <line num="100" count="31" type="stmt"/>
        <line num="101" count="2089" type="stmt"/>
        <line num="102" count="2290" type="stmt"/>
        <line num="103" count="2290" type="cond" truecount="2" falsecount="0"/>
        <line num="109" count="1012" type="stmt"/>
        <line num="110" count="1012" type="stmt"/>
        <line num="112" count="1278" type="stmt"/>
        <line num="116" count="31" type="stmt"/>
        <line num="117" count="31" type="stmt"/>
        <line num="118" count="31" type="stmt"/>
        <line num="122" count="31" type="stmt"/>
        <line num="123" count="31" type="stmt"/>
        <line num="124" count="1278" type="stmt"/>
        <line num="125" count="1278" type="cond" truecount="2" falsecount="0"/>
        <line num="126" count="643" type="stmt"/>
        <line num="132" count="643" type="stmt"/>
        <line num="134" count="635" type="cond" truecount="2" falsecount="0"/>
        <line num="135" count="489" type="stmt"/>
        <line num="143" count="489" type="stmt"/>
        <line num="145" count="146" type="stmt"/>
        <line num="146" count="146" type="stmt"/>
        <line num="147" count="1104" type="stmt"/>
        <line num="148" count="1104" type="stmt"/>
        <line num="150" count="146" type="stmt"/>
        <line num="153" count="31" type="stmt"/>
        <line num="161" count="2672" type="stmt"/>
        <line num="162" count="2672" type="cond" truecount="2" falsecount="0"/>
        <line num="164" count="2671" type="stmt"/>
        <line num="168" count="4589" type="stmt"/>
        <line num="169" count="4589" type="stmt"/>
        <line num="170" count="618" type="stmt"/>
        <line num="171" count="618" type="cond" truecount="1" falsecount="1"/>
        <line num="172" count="0" type="stmt"/>
        <line num="174" count="618" type="cond" truecount="2" falsecount="0"/>
        <line num="176" count="518" type="cond" truecount="2" falsecount="2"/>
        <line num="177" count="0" type="stmt"/>
        <line num="178" count="518" type="cond" truecount="1" falsecount="1"/>
        <line num="183" count="518" type="stmt"/>
        <line num="186" count="100" type="cond" truecount="1" falsecount="1"/>
        <line num="187" count="100" type="cond" truecount="1" falsecount="1"/>
        <line num="188" count="0" type="stmt"/>
        <line num="189" count="100" type="stmt"/>
        <line num="192" count="100" type="stmt"/>
        <line num="195" count="0" type="stmt"/>
        <line num="197" count="4589" type="stmt"/>
        <line num="200" count="2671" type="stmt"/>
        <line num="201" count="5366" type="stmt"/>
        <line num="202" count="5366" type="cond" truecount="2" falsecount="0"/>
        <line num="203" count="3247" type="cond" truecount="2" falsecount="0"/>
        <line num="204" count="777" type="stmt"/>
        <line num="205" count="777" type="cond" truecount="3" falsecount="1"/>
        <line num="206" count="0" type="stmt"/>
        <line num="208" count="777" type="stmt"/>
        <line num="209" count="777" type="stmt"/>
        <line num="212" count="2470" type="stmt"/>
        <line num="213" count="2470" type="stmt"/>
        <line num="214" count="2470" type="stmt"/>
        <line num="215" count="2470" type="stmt"/>
        <line num="216" count="2470" type="cond" truecount="1" falsecount="1"/>
        <line num="217" count="0" type="stmt"/>
        <line num="219" count="2470" type="cond" truecount="2" falsecount="0"/>
        <line num="220" count="2078" type="cond" truecount="3" falsecount="1"/>
        <line num="221" count="0" type="stmt"/>
        <line num="223" count="2078" type="stmt"/>
        <line num="227" count="2078" type="stmt"/>
        <line num="230" count="392" type="cond" truecount="1" falsecount="1"/>
        <line num="231" count="392" type="cond" truecount="1" falsecount="1"/>
        <line num="232" count="0" type="stmt"/>
        <line num="233" count="392" type="stmt"/>
        <line num="237" count="392" type="stmt"/>
        <line num="240" count="0" type="stmt"/>
        <line num="243" count="2119" type="cond" truecount="2" falsecount="0"/>
        <line num="244" count="1680" type="stmt"/>
        <line num="245" count="1680" type="stmt"/>
        <line num="246" count="1680" type="cond" truecount="3" falsecount="1"/>
        <line num="247" count="0" type="stmt"/>
        <line num="248" count="1680" type="stmt"/>
        <line num="251" count="1680" type="stmt"/>
        <line num="254" count="439" type="cond" truecount="1" falsecount="1"/>
        <line num="255" count="439" type="stmt"/>
        <line num="256" count="439" type="stmt"/>
        <line num="257" count="439" type="cond" truecount="3" falsecount="1"/>
        <line num="258" count="0" type="stmt"/>
        <line num="259" count="439" type="stmt"/>
        <line num="260" count="439" type="stmt"/>
        <line num="263" count="0" type="stmt"/>
        <line num="265" count="0" type="stmt"/>
        <line num="266" count="0" type="stmt"/>
        <line num="270" count="2671" type="cond" truecount="1" falsecount="1"/>
        <line num="271" count="0" type="stmt"/>
        <line num="273" count="0" type="stmt"/>
        <line num="276" count="0" type="stmt"/>
        <line num="278" count="0" type="cond" truecount="0" falsecount="4"/>
        <line num="283" count="2608" type="stmt"/>
      </file>
    </package>
  </project>
</coverage>
