{"total": {"lines":{"total":1756,"covered":1507,"skipped":0,"pct":85.82},"statements":{"total":1997,"covered":1654,"skipped":0,"pct":82.82},"functions":{"total":374,"covered":323,"skipped":0,"pct":86.36},"branches":{"total":957,"covered":690,"skipped":0,"pct":72.1},"branchesTrue":{"total":0,"covered":0,"skipped":0,"pct":100}}
,"/Users/zhangxueai/Projects/idea/oin/packages/io/src/lib/container/bubbling.ts": {"lines":{"total":16,"covered":15,"skipped":0,"pct":93.75},"functions":{"total":8,"covered":7,"skipped":0,"pct":87.5},"statements":{"total":18,"covered":16,"skipped":0,"pct":88.88},"branches":{"total":18,"covered":15,"skipped":0,"pct":83.33}}
,"/Users/zhangxueai/Projects/idea/oin/packages/io/src/lib/container/cache.ts": {"lines":{"total":6,"covered":6,"skipped":0,"pct":100},"functions":{"total":1,"covered":1,"skipped":0,"pct":100},"statements":{"total":7,"covered":7,"skipped":0,"pct":100},"branches":{"total":4,"covered":4,"skipped":0,"pct":100}}
,"/Users/zhangxueai/Projects/idea/oin/packages/io/src/lib/core/commit.ts": {"lines":{"total":146,"covered":138,"skipped":0,"pct":94.52},"functions":{"total":14,"covered":14,"skipped":0,"pct":100},"statements":{"total":162,"covered":152,"skipped":0,"pct":93.82},"branches":{"total":88,"covered":67,"skipped":0,"pct":76.13}}
,"/Users/zhangxueai/Projects/idea/oin/packages/io/src/lib/core/derived.ts": {"lines":{"total":121,"covered":109,"skipped":0,"pct":90.08},"functions":{"total":30,"covered":28,"skipped":0,"pct":93.33},"statements":{"total":139,"covered":120,"skipped":0,"pct":86.33},"branches":{"total":79,"covered":56,"skipped":0,"pct":70.88}}
,"/Users/zhangxueai/Projects/idea/oin/packages/io/src/lib/core/dirty-indices.ts": {"lines":{"total":18,"covered":16,"skipped":0,"pct":88.88},"functions":{"total":4,"covered":4,"skipped":0,"pct":100},"statements":{"total":21,"covered":18,"skipped":0,"pct":85.71},"branches":{"total":14,"covered":11,"skipped":0,"pct":78.57}}
,"/Users/zhangxueai/Projects/idea/oin/packages/io/src/lib/core/io-tree.ts": {"lines":{"total":20,"covered":20,"skipped":0,"pct":100},"functions":{"total":9,"covered":9,"skipped":0,"pct":100},"statements":{"total":22,"covered":22,"skipped":0,"pct":100},"branches":{"total":4,"covered":4,"skipped":0,"pct":100}}
,"/Users/zhangxueai/Projects/idea/oin/packages/io/src/lib/core/io.ts": {"lines":{"total":13,"covered":13,"skipped":0,"pct":100},"functions":{"total":1,"covered":1,"skipped":0,"pct":100},"statements":{"total":13,"covered":13,"skipped":0,"pct":100},"branches":{"total":14,"covered":14,"skipped":0,"pct":100}}
,"/Users/zhangxueai/Projects/idea/oin/packages/io/src/lib/core/node-factory.ts": {"lines":{"total":52,"covered":46,"skipped":0,"pct":88.46},"functions":{"total":6,"covered":6,"skipped":0,"pct":100},"statements":{"total":54,"covered":47,"skipped":0,"pct":87.03},"branches":{"total":40,"covered":31,"skipped":0,"pct":77.5}}
,"/Users/zhangxueai/Projects/idea/oin/packages/io/src/lib/core/path-trie.ts": {"lines":{"total":69,"covered":66,"skipped":0,"pct":95.65},"functions":{"total":7,"covered":7,"skipped":0,"pct":100},"statements":{"total":84,"covered":74,"skipped":0,"pct":88.09},"branches":{"total":36,"covered":28,"skipped":0,"pct":77.77}}
,"/Users/zhangxueai/Projects/idea/oin/packages/io/src/lib/core/snapshot-array.ts": {"lines":{"total":45,"covered":45,"skipped":0,"pct":100},"functions":{"total":7,"covered":7,"skipped":0,"pct":100},"statements":{"total":54,"covered":52,"skipped":0,"pct":96.29},"branches":{"total":39,"covered":36,"skipped":0,"pct":92.3}}
,"/Users/zhangxueai/Projects/idea/oin/packages/io/src/lib/core/snapshot-scope.ts": {"lines":{"total":43,"covered":43,"skipped":0,"pct":100},"functions":{"total":15,"covered":15,"skipped":0,"pct":100},"statements":{"total":53,"covered":53,"skipped":0,"pct":100},"branches":{"total":35,"covered":35,"skipped":0,"pct":100}}
,"/Users/zhangxueai/Projects/idea/oin/packages/io/src/lib/core/subscriptions.ts": {"lines":{"total":74,"covered":74,"skipped":0,"pct":100},"functions":{"total":17,"covered":17,"skipped":0,"pct":100},"statements":{"total":79,"covered":77,"skipped":0,"pct":97.46},"branches":{"total":28,"covered":23,"skipped":0,"pct":82.14}}
,"/Users/zhangxueai/Projects/idea/oin/packages/io/src/lib/core/tree-context.ts": {"lines":{"total":10,"covered":10,"skipped":0,"pct":100},"functions":{"total":3,"covered":3,"skipped":0,"pct":100},"statements":{"total":14,"covered":14,"skipped":0,"pct":100},"branches":{"total":10,"covered":9,"skipped":0,"pct":90}}
,"/Users/zhangxueai/Projects/idea/oin/packages/io/src/lib/core/node-factory/link.ts": {"lines":{"total":14,"covered":13,"skipped":0,"pct":92.85},"functions":{"total":5,"covered":5,"skipped":0,"pct":100},"statements":{"total":21,"covered":17,"skipped":0,"pct":80.95},"branches":{"total":10,"covered":6,"skipped":0,"pct":60}}
,"/Users/zhangxueai/Projects/idea/oin/packages/io/src/lib/core/node-factory/array/commit.ts": {"lines":{"total":27,"covered":18,"skipped":0,"pct":66.66},"functions":{"total":11,"covered":6,"skipped":0,"pct":54.54},"statements":{"total":28,"covered":18,"skipped":0,"pct":64.28},"branches":{"total":2,"covered":1,"skipped":0,"pct":50}}
,"/Users/zhangxueai/Projects/idea/oin/packages/io/src/lib/core/node-factory/array/index-mutation.ts": {"lines":{"total":54,"covered":41,"skipped":0,"pct":75.92},"functions":{"total":2,"covered":2,"skipped":0,"pct":100},"statements":{"total":58,"covered":43,"skipped":0,"pct":74.13},"branches":{"total":24,"covered":14,"skipped":0,"pct":58.33}}
,"/Users/zhangxueai/Projects/idea/oin/packages/io/src/lib/core/node-factory/array/mutate.ts": {"lines":{"total":3,"covered":3,"skipped":0,"pct":100},"functions":{"total":1,"covered":1,"skipped":0,"pct":100},"statements":{"total":3,"covered":3,"skipped":0,"pct":100},"branches":{"total":0,"covered":0,"skipped":0,"pct":100}}
,"/Users/zhangxueai/Projects/idea/oin/packages/io/src/lib/core/node-factory/array/node.ts": {"lines":{"total":43,"covered":41,"skipped":0,"pct":95.34},"functions":{"total":11,"covered":10,"skipped":0,"pct":90.9},"statements":{"total":45,"covered":43,"skipped":0,"pct":95.55},"branches":{"total":12,"covered":11,"skipped":0,"pct":91.66}}
,"/Users/zhangxueai/Projects/idea/oin/packages/io/src/lib/core/node-factory/array/ops.ts": {"lines":{"total":14,"covered":14,"skipped":0,"pct":100},"functions":{"total":5,"covered":5,"skipped":0,"pct":100},"statements":{"total":16,"covered":16,"skipped":0,"pct":100},"branches":{"total":0,"covered":0,"skipped":0,"pct":100}}
,"/Users/zhangxueai/Projects/idea/oin/packages/io/src/lib/core/node-factory/array/structural-mutations.ts": {"lines":{"total":150,"covered":119,"skipped":0,"pct":79.33},"functions":{"total":22,"covered":20,"skipped":0,"pct":90.9},"statements":{"total":166,"covered":131,"skipped":0,"pct":78.91},"branches":{"total":34,"covered":18,"skipped":0,"pct":52.94}}
,"/Users/zhangxueai/Projects/idea/oin/packages/io/src/lib/core/node-factory/scope/commit.ts": {"lines":{"total":31,"covered":23,"skipped":0,"pct":74.19},"functions":{"total":11,"covered":3,"skipped":0,"pct":27.27},"statements":{"total":32,"covered":24,"skipped":0,"pct":75},"branches":{"total":4,"covered":4,"skipped":0,"pct":100}}
,"/Users/zhangxueai/Projects/idea/oin/packages/io/src/lib/core/node-factory/scope/mutate.ts": {"lines":{"total":30,"covered":16,"skipped":0,"pct":53.33},"functions":{"total":2,"covered":2,"skipped":0,"pct":100},"statements":{"total":31,"covered":16,"skipped":0,"pct":51.61},"branches":{"total":10,"covered":5,"skipped":0,"pct":50}}
,"/Users/zhangxueai/Projects/idea/oin/packages/io/src/lib/core/node-factory/scope/node.ts": {"lines":{"total":36,"covered":35,"skipped":0,"pct":97.22},"functions":{"total":11,"covered":10,"skipped":0,"pct":90.9},"statements":{"total":37,"covered":36,"skipped":0,"pct":97.29},"branches":{"total":0,"covered":0,"skipped":0,"pct":100}}
,"/Users/zhangxueai/Projects/idea/oin/packages/io/src/lib/extensions/relocate.ts": {"lines":{"total":45,"covered":25,"skipped":0,"pct":55.55},"functions":{"total":14,"covered":5,"skipped":0,"pct":35.71},"statements":{"total":48,"covered":27,"skipped":0,"pct":56.25},"branches":{"total":33,"covered":23,"skipped":0,"pct":69.69}}
,"/Users/zhangxueai/Projects/idea/oin/packages/io/src/lib/extensions/with-behaviors.ts": {"lines":{"total":43,"covered":14,"skipped":0,"pct":32.55},"functions":{"total":14,"covered":7,"skipped":0,"pct":50},"statements":{"total":54,"covered":18,"skipped":0,"pct":33.33},"branches":{"total":40,"covered":11,"skipped":0,"pct":27.5}}
,"/Users/zhangxueai/Projects/idea/oin/packages/io/src/lib/extensions/behaviors/devtools.ts": {"lines":{"total":12,"covered":12,"skipped":0,"pct":100},"functions":{"total":3,"covered":3,"skipped":0,"pct":100},"statements":{"total":12,"covered":12,"skipped":0,"pct":100},"branches":{"total":6,"covered":5,"skipped":0,"pct":83.33}}
,"/Users/zhangxueai/Projects/idea/oin/packages/io/src/lib/extensions/behaviors/persist.ts": {"lines":{"total":19,"covered":15,"skipped":0,"pct":78.94},"functions":{"total":6,"covered":5,"skipped":0,"pct":83.33},"statements":{"total":24,"covered":17,"skipped":0,"pct":70.83},"branches":{"total":16,"covered":9,"skipped":0,"pct":56.25}}
,"/Users/zhangxueai/Projects/idea/oin/packages/io/src/lib/extensions/behaviors/schedule.ts": {"lines":{"total":23,"covered":23,"skipped":0,"pct":100},"functions":{"total":6,"covered":6,"skipped":0,"pct":100},"statements":{"total":25,"covered":24,"skipped":0,"pct":96},"branches":{"total":8,"covered":7,"skipped":0,"pct":87.5}}
,"/Users/zhangxueai/Projects/idea/oin/packages/io/src/lib/units/unit.ts": {"lines":{"total":60,"covered":56,"skipped":0,"pct":93.33},"functions":{"total":18,"covered":18,"skipped":0,"pct":100},"statements":{"total":63,"covered":59,"skipped":0,"pct":93.65},"branches":{"total":12,"covered":12,"skipped":0,"pct":100}}
,"/Users/zhangxueai/Projects/idea/oin/packages/io/src/lib/utils/batch.ts": {"lines":{"total":49,"covered":32,"skipped":0,"pct":65.3},"functions":{"total":6,"covered":4,"skipped":0,"pct":66.66},"statements":{"total":55,"covered":36,"skipped":0,"pct":65.45},"branches":{"total":24,"covered":12,"skipped":0,"pct":50}}
,"/Users/zhangxueai/Projects/idea/oin/packages/io/src/lib/utils/cow.ts": {"lines":{"total":81,"covered":64,"skipped":0,"pct":79.01},"functions":{"total":19,"covered":13,"skipped":0,"pct":68.42},"statements":{"total":100,"covered":71,"skipped":0,"pct":71},"branches":{"total":60,"covered":41,"skipped":0,"pct":68.33}}
,"/Users/zhangxueai/Projects/idea/oin/packages/io/src/lib/utils/debug.ts": {"lines":{"total":23,"covered":21,"skipped":0,"pct":91.3},"functions":{"total":5,"covered":5,"skipped":0,"pct":100},"statements":{"total":29,"covered":23,"skipped":0,"pct":79.31},"branches":{"total":22,"covered":14,"skipped":0,"pct":63.63}}
,"/Users/zhangxueai/Projects/idea/oin/packages/io/src/lib/utils/history.ts": {"lines":{"total":49,"covered":37,"skipped":0,"pct":75.51},"functions":{"total":11,"covered":9,"skipped":0,"pct":81.81},"statements":{"total":55,"covered":38,"skipped":0,"pct":69.09},"branches":{"total":24,"covered":14,"skipped":0,"pct":58.33}}
,"/Users/zhangxueai/Projects/idea/oin/packages/io/src/lib/utils/internal-access.ts": {"lines":{"total":11,"covered":11,"skipped":0,"pct":100},"functions":{"total":4,"covered":4,"skipped":0,"pct":100},"statements":{"total":15,"covered":12,"skipped":0,"pct":80},"branches":{"total":12,"covered":9,"skipped":0,"pct":75}}
,"/Users/zhangxueai/Projects/idea/oin/packages/io/src/lib/utils/internal-symbol.ts": {"lines":{"total":1,"covered":1,"skipped":0,"pct":100},"functions":{"total":0,"covered":0,"skipped":0,"pct":100},"statements":{"total":1,"covered":1,"skipped":0,"pct":100},"branches":{"total":0,"covered":0,"skipped":0,"pct":100}}
,"/Users/zhangxueai/Projects/idea/oin/packages/io/src/lib/utils/link.ts": {"lines":{"total":9,"covered":9,"skipped":0,"pct":100},"functions":{"total":3,"covered":3,"skipped":0,"pct":100},"statements":{"total":11,"covered":11,"skipped":0,"pct":100},"branches":{"total":6,"covered":6,"skipped":0,"pct":100}}
,"/Users/zhangxueai/Projects/idea/oin/packages/io/src/lib/utils/patch-path.ts": {"lines":{"total":2,"covered":2,"skipped":0,"pct":100},"functions":{"total":3,"covered":3,"skipped":0,"pct":100},"statements":{"total":3,"covered":3,"skipped":0,"pct":100},"branches":{"total":0,"covered":0,"skipped":0,"pct":100}}
,"/Users/zhangxueai/Projects/idea/oin/packages/io/src/lib/utils/plain-object.ts": {"lines":{"total":5,"covered":5,"skipped":0,"pct":100},"functions":{"total":1,"covered":1,"skipped":0,"pct":100},"statements":{"total":8,"covered":8,"skipped":0,"pct":100},"branches":{"total":10,"covered":10,"skipped":0,"pct":100}}
,"/Users/zhangxueai/Projects/idea/oin/packages/io/src/lib/utils/schedule.ts": {"lines":{"total":9,"covered":7,"skipped":0,"pct":77.77},"functions":{"total":2,"covered":1,"skipped":0,"pct":50},"statements":{"total":10,"covered":7,"skipped":0,"pct":70},"branches":{"total":8,"covered":5,"skipped":0,"pct":62.5}}
,"/Users/zhangxueai/Projects/idea/oin/packages/io/src/lib/utils/signals.ts": {"lines":{"total":101,"covered":89,"skipped":0,"pct":88.11},"functions":{"total":31,"covered":29,"skipped":0,"pct":93.54},"statements":{"total":118,"covered":100,"skipped":0,"pct":84.74},"branches":{"total":28,"covered":16,"skipped":0,"pct":57.14}}
,"/Users/zhangxueai/Projects/idea/oin/packages/io/src/lib/utils/snapshot.ts": {"lines":{"total":56,"covered":49,"skipped":0,"pct":87.5},"functions":{"total":13,"covered":12,"skipped":0,"pct":92.3},"statements":{"total":77,"covered":59,"skipped":0,"pct":76.62},"branches":{"total":56,"covered":39,"skipped":0,"pct":69.64}}
,"/Users/zhangxueai/Projects/idea/oin/packages/io/src/lib/utils/update-merge.ts": {"lines":{"total":38,"covered":35,"skipped":0,"pct":92.1},"functions":{"total":4,"covered":4,"skipped":0,"pct":100},"statements":{"total":43,"covered":37,"skipped":0,"pct":86.04},"branches":{"total":27,"covered":21,"skipped":0,"pct":77.77}}
,"/Users/zhangxueai/Projects/idea/oin/packages/io/src/lib/utils/updates.ts": {"lines":{"total":85,"covered":76,"skipped":0,"pct":89.41},"functions":{"total":8,"covered":8,"skipped":0,"pct":100},"statements":{"total":89,"covered":79,"skipped":0,"pct":88.76},"branches":{"total":60,"covered":44,"skipped":0,"pct":73.33}}
}
