{
  "/Users/zhangxueai/Projects/idea/oin/packages/io/src/lib/container/bubbling.ts": {
    "path": "/Users/zhangxueai/Projects/idea/oin/packages/io/src/lib/container/bubbling.ts",
    "statementMap": {
      "0": {
        "start": { "line": 5, "column": 39 },
        "end": { "line": 7, "column": null }
      },
      "1": {
        "start": { "line": 6, "column": 2 },
        "end": { "line": 6, "column": null }
      },
      "2": {
        "start": { "line": 22, "column": 16 },
        "end": { "line": 22, "column": null }
      },
      "3": {
        "start": { "line": 25, "column": 4 },
        "end": { "line": 27, "column": null }
      },
      "4": {
        "start": { "line": 26, "column": 30 },
        "end": { "line": 26, "column": 50 }
      },
      "5": {
        "start": { "line": 30, "column": 4 },
        "end": { "line": 32, "column": null }
      },
      "6": {
        "start": { "line": 31, "column": 37 },
        "end": { "line": 31, "column": 83 }
      },
      "7": {
        "start": { "line": 34, "column": 2 },
        "end": { "line": 34, "column": null }
      },
      "8": {
        "start": { "line": 45, "column": 16 },
        "end": { "line": 45, "column": null }
      },
      "9": {
        "start": { "line": 48, "column": 4 },
        "end": { "line": 50, "column": null }
      },
      "10": {
        "start": { "line": 49, "column": 30 },
        "end": { "line": 49, "column": 50 }
      },
      "11": {
        "start": { "line": 53, "column": 4 },
        "end": { "line": 59, "column": null }
      },
      "12": {
        "start": { "line": 55, "column": 24 },
        "end": { "line": 55, "column": null }
      },
      "13": {
        "start": { "line": 56, "column": 10 },
        "end": { "line": 56, "column": null }
      },
      "14": {
        "start": { "line": 56, "column": 25 },
        "end": { "line": 56, "column": null }
      },
      "15": {
        "start": { "line": 57, "column": 10 },
        "end": { "line": 57, "column": null }
      },
      "16": {
        "start": { "line": 61, "column": 2 },
        "end": { "line": 61, "column": null }
      }
    },
    "fnMap": {
      "0": {
        "name": "(anonymous_0)",
        "decl": {
          "start": { "line": 5, "column": 39 },
          "end": { "line": 5, "column": 45 }
        },
        "loc": {
          "start": { "line": 5, "column": 45 },
          "end": { "line": 7, "column": null }
        },
        "line": 5
      },
      "1": {
        "name": "subscribeKeyedChild",
        "decl": {
          "start": { "line": 14, "column": 16 },
          "end": { "line": 14, "column": null }
        },
        "loc": {
          "start": { "line": 21, "column": 61 },
          "end": { "line": 35, "column": null }
        },
        "line": 21
      },
      "2": {
        "name": "(anonymous_2)",
        "decl": {
          "start": { "line": 26, "column": 24 },
          "end": { "line": 26, "column": 30 }
        },
        "loc": {
          "start": { "line": 26, "column": 30 },
          "end": { "line": 26, "column": 50 }
        },
        "line": 26
      },
      "3": {
        "name": "(anonymous_3)",
        "decl": {
          "start": { "line": 31, "column": 30 },
          "end": { "line": 31, "column": 31 }
        },
        "loc": {
          "start": { "line": 31, "column": 37 },
          "end": { "line": 31, "column": 83 }
        },
        "line": 31
      },
      "4": {
        "name": "subscribeIndexedChild",
        "decl": {
          "start": { "line": 37, "column": 16 },
          "end": { "line": 37, "column": null }
        },
        "loc": {
          "start": { "line": 44, "column": 61 },
          "end": { "line": 62, "column": null }
        },
        "line": 44
      },
      "5": {
        "name": "(anonymous_5)",
        "decl": {
          "start": { "line": 49, "column": 24 },
          "end": { "line": 49, "column": 30 }
        },
        "loc": {
          "start": { "line": 49, "column": 30 },
          "end": { "line": 49, "column": 50 }
        },
        "line": 49
      },
      "6": {
        "name": "(anonymous_6)",
        "decl": {
          "start": { "line": 54, "column": 30 },
          "end": { "line": 54, "column": 31 }
        },
        "loc": {
          "start": { "line": 54, "column": 37 },
          "end": { "line": 58, "column": 9 }
        },
        "line": 54
      }
    },
    "branchMap": {
      "0": {
        "loc": {
          "start": { "line": 25, "column": 4 },
          "end": { "line": 27, "column": null }
        },
        "type": "cond-expr",
        "locations": [
          {
            "start": { "line": 26, "column": 8 },
            "end": { "line": 26, "column": null }
          },
          {
            "start": { "line": 27, "column": 8 },
            "end": { "line": 27, "column": null }
          }
        ],
        "line": 25
      },
      "1": {
        "loc": {
          "start": { "line": 25, "column": 4 },
          "end": { "line": 25, "column": null }
        },
        "type": "binary-expr",
        "locations": [
          {
            "start": { "line": 25, "column": 4 },
            "end": { "line": 25, "column": 45 }
          },
          {
            "start": { "line": 25, "column": 45 },
            "end": { "line": 25, "column": null }
          }
        ],
        "line": 25
      },
      "2": {
        "loc": {
          "start": { "line": 30, "column": 4 },
          "end": { "line": 32, "column": null }
        },
        "type": "cond-expr",
        "locations": [
          {
            "start": { "line": 31, "column": 8 },
            "end": { "line": 31, "column": null }
          },
          {
            "start": { "line": 32, "column": 8 },
            "end": { "line": 32, "column": null }
          }
        ],
        "line": 30
      },
      "3": {
        "loc": {
          "start": { "line": 30, "column": 4 },
          "end": { "line": 30, "column": null }
        },
        "type": "binary-expr",
        "locations": [
          {
            "start": { "line": 30, "column": 4 },
            "end": { "line": 30, "column": 51 }
          },
          {
            "start": { "line": 30, "column": 51 },
            "end": { "line": 30, "column": null }
          }
        ],
        "line": 30
      },
      "4": {
        "loc": {
          "start": { "line": 48, "column": 4 },
          "end": { "line": 50, "column": null }
        },
        "type": "cond-expr",
        "locations": [
          {
            "start": { "line": 49, "column": 8 },
            "end": { "line": 49, "column": null }
          },
          {
            "start": { "line": 50, "column": 8 },
            "end": { "line": 50, "column": null }
          }
        ],
        "line": 48
      },
      "5": {
        "loc": {
          "start": { "line": 48, "column": 4 },
          "end": { "line": 48, "column": null }
        },
        "type": "binary-expr",
        "locations": [
          {
            "start": { "line": 48, "column": 4 },
            "end": { "line": 48, "column": 45 }
          },
          {
            "start": { "line": 48, "column": 45 },
            "end": { "line": 48, "column": null }
          }
        ],
        "line": 48
      },
      "6": {
        "loc": {
          "start": { "line": 53, "column": 4 },
          "end": { "line": 59, "column": null }
        },
        "type": "cond-expr",
        "locations": [
          {
            "start": { "line": 54, "column": 8 },
            "end": { "line": 58, "column": null }
          },
          {
            "start": { "line": 59, "column": 8 },
            "end": { "line": 59, "column": null }
          }
        ],
        "line": 53
      },
      "7": {
        "loc": {
          "start": { "line": 53, "column": 4 },
          "end": { "line": 53, "column": null }
        },
        "type": "binary-expr",
        "locations": [
          {
            "start": { "line": 53, "column": 4 },
            "end": { "line": 53, "column": 51 }
          },
          {
            "start": { "line": 53, "column": 51 },
            "end": { "line": 53, "column": null }
          }
        ],
        "line": 53
      },
      "8": {
        "loc": {
          "start": { "line": 56, "column": 10 },
          "end": { "line": 56, "column": null }
        },
        "type": "if",
        "locations": [
          {
            "start": { "line": 56, "column": 10 },
            "end": { "line": 56, "column": null }
          },
          { "start": {}, "end": {} }
        ],
        "line": 56
      }
    },
    "s": {
      "0": 5,
      "1": 0,
      "2": 469,
      "3": 469,
      "4": 4196,
      "5": 469,
      "6": 1217,
      "7": 469,
      "8": 1703,
      "9": 1703,
      "10": 735,
      "11": 1703,
      "12": 243,
      "13": 243,
      "14": 0,
      "15": 243,
      "16": 1703
    },
    "f": {
      "0": 0,
      "1": 469,
      "2": 4196,
      "3": 1217,
      "4": 1703,
      "5": 735,
      "6": 243
    },
    "b": {
      "0": [468, 1],
      "1": [469, 468],
      "2": [468, 1],
      "3": [469, 468],
      "4": [1703, 0],
      "5": [1703, 1703],
      "6": [1703, 0],
      "7": [1703, 1703],
      "8": [0, 243]
    },
    "meta": {
      "lastBranch": 9,
      "lastFunction": 7,
      "lastStatement": 17,
      "seen": {
        "s:5:39:7:Infinity": 0,
        "f:5:39:5:45": 0,
        "s:6:2:6:Infinity": 1,
        "f:14:16:14:Infinity": 1,
        "s:22:16:22:Infinity": 2,
        "s:25:4:27:Infinity": 3,
        "b:26:8:26:Infinity:27:8:27:Infinity": 0,
        "b:25:4:25:45:25:45:25:Infinity": 1,
        "f:26:24:26:30": 2,
        "s:26:30:26:50": 4,
        "s:30:4:32:Infinity": 5,
        "b:31:8:31:Infinity:32:8:32:Infinity": 2,
        "b:30:4:30:51:30:51:30:Infinity": 3,
        "f:31:30:31:31": 3,
        "s:31:37:31:83": 6,
        "s:34:2:34:Infinity": 7,
        "f:37:16:37:Infinity": 4,
        "s:45:16:45:Infinity": 8,
        "s:48:4:50:Infinity": 9,
        "b:49:8:49:Infinity:50:8:50:Infinity": 4,
        "b:48:4:48:45:48:45:48:Infinity": 5,
        "f:49:24:49:30": 5,
        "s:49:30:49:50": 10,
        "s:53:4:59:Infinity": 11,
        "b:54:8:58:Infinity:59:8:59:Infinity": 6,
        "b:53:4:53:51:53:51:53:Infinity": 7,
        "f:54:30:54:31": 6,
        "s:55:24:55:Infinity": 12,
        "b:56:10:56:Infinity:undefined:undefined:undefined:undefined": 8,
        "s:56:10:56:Infinity": 13,
        "s:56:25:56:Infinity": 14,
        "s:57:10:57:Infinity": 15,
        "s:61:2:61:Infinity": 16
      }
    }
  },
  "/Users/zhangxueai/Projects/idea/oin/packages/io/src/lib/container/cache.ts": {
    "path": "/Users/zhangxueai/Projects/idea/oin/packages/io/src/lib/container/cache.ts",
    "statementMap": {
      "0": {
        "start": { "line": 12, "column": 2 },
        "end": { "line": 12, "column": null }
      },
      "1": {
        "start": { "line": 12, "column": 51 },
        "end": { "line": 12, "column": null }
      },
      "2": {
        "start": { "line": 13, "column": 15 },
        "end": { "line": 13, "column": null }
      },
      "3": {
        "start": { "line": 14, "column": 2 },
        "end": { "line": 14, "column": null }
      },
      "4": {
        "start": { "line": 15, "column": 2 },
        "end": { "line": 15, "column": null }
      },
      "5": {
        "start": { "line": 16, "column": 2 },
        "end": { "line": 16, "column": null }
      },
      "6": {
        "start": { "line": 17, "column": 2 },
        "end": { "line": 17, "column": null }
      }
    },
    "fnMap": {
      "0": {
        "name": "readCachedByVersion",
        "decl": {
          "start": { "line": 7, "column": 16 },
          "end": { "line": 7, "column": null }
        },
        "loc": {
          "start": { "line": 11, "column": 5 },
          "end": { "line": 18, "column": null }
        },
        "line": 11
      }
    },
    "branchMap": {
      "0": {
        "loc": {
          "start": { "line": 12, "column": 2 },
          "end": { "line": 12, "column": null }
        },
        "type": "if",
        "locations": [
          {
            "start": { "line": 12, "column": 2 },
            "end": { "line": 12, "column": null }
          },
          { "start": {}, "end": {} }
        ],
        "line": 12
      },
      "1": {
        "loc": {
          "start": { "line": 12, "column": 6 },
          "end": { "line": 12, "column": 51 }
        },
        "type": "binary-expr",
        "locations": [
          {
            "start": { "line": 12, "column": 6 },
            "end": { "line": 12, "column": 24 }
          },
          {
            "start": { "line": 12, "column": 24 },
            "end": { "line": 12, "column": 51 }
          }
        ],
        "line": 12
      }
    },
    "s": {
      "0": 11731,
      "1": 3733,
      "2": 7998,
      "3": 7998,
      "4": 7998,
      "5": 7998,
      "6": 7998
    },
    "f": { "0": 11731 },
    "b": { "0": [3733, 7998], "1": [11731, 11298] },
    "meta": {
      "lastBranch": 2,
      "lastFunction": 1,
      "lastStatement": 7,
      "seen": {
        "f:7:16:7:Infinity": 0,
        "b:12:2:12:Infinity:undefined:undefined:undefined:undefined": 0,
        "s:12:2:12:Infinity": 0,
        "b:12:6:12:24:12:24:12:51": 1,
        "s:12:51:12:Infinity": 1,
        "s:13:15:13:Infinity": 2,
        "s:14:2:14:Infinity": 3,
        "s:15:2:15:Infinity": 4,
        "s:16:2:16:Infinity": 5,
        "s:17:2:17:Infinity": 6
      }
    }
  },
  "/Users/zhangxueai/Projects/idea/oin/packages/io/src/lib/core/derived.ts": {
    "path": "/Users/zhangxueai/Projects/idea/oin/packages/io/src/lib/core/derived.ts",
    "statementMap": {
      "0": {
        "start": { "line": 29, "column": 19 },
        "end": { "line": 29, "column": null }
      },
      "1": {
        "start": { "line": 32, "column": 2 },
        "end": { "line": 32, "column": null }
      },
      "2": {
        "start": { "line": 36, "column": 2 },
        "end": { "line": 36, "column": null }
      },
      "3": {
        "start": { "line": 40, "column": 2 },
        "end": { "line": 40, "column": null }
      },
      "4": {
        "start": { "line": 40, "column": 43 },
        "end": { "line": 40, "column": null }
      },
      "5": {
        "start": { "line": 41, "column": 12 },
        "end": { "line": 41, "column": null }
      },
      "6": {
        "start": { "line": 42, "column": 2 },
        "end": { "line": 42, "column": null }
      },
      "7": {
        "start": { "line": 42, "column": 42 },
        "end": { "line": 42, "column": null }
      },
      "8": {
        "start": { "line": 44, "column": 8 },
        "end": { "line": 44, "column": null }
      },
      "9": {
        "start": { "line": 45, "column": 2 },
        "end": { "line": 47, "column": null }
      },
      "10": {
        "start": { "line": 46, "column": 4 },
        "end": { "line": 46, "column": null }
      },
      "11": {
        "start": { "line": 49, "column": 14 },
        "end": { "line": 49, "column": null }
      },
      "12": {
        "start": { "line": 50, "column": 17 },
        "end": { "line": 50, "column": null }
      },
      "13": {
        "start": { "line": 51, "column": 2 },
        "end": { "line": 51, "column": null }
      },
      "14": {
        "start": { "line": 51, "column": 14 },
        "end": { "line": 51, "column": null }
      },
      "15": {
        "start": { "line": 53, "column": 16 },
        "end": { "line": 82, "column": null }
      },
      "16": {
        "start": { "line": 55, "column": 6 },
        "end": { "line": 55, "column": null }
      },
      "17": {
        "start": { "line": 55, "column": 30 },
        "end": { "line": 55, "column": null }
      },
      "18": {
        "start": { "line": 56, "column": 6 },
        "end": { "line": 56, "column": null }
      },
      "19": {
        "start": { "line": 56, "column": 29 },
        "end": { "line": 56, "column": null }
      },
      "20": {
        "start": { "line": 58, "column": 6 },
        "end": { "line": 61, "column": null }
      },
      "21": {
        "start": { "line": 59, "column": 22 },
        "end": { "line": 59, "column": null }
      },
      "22": {
        "start": { "line": 60, "column": 8 },
        "end": { "line": 60, "column": null }
      },
      "23": {
        "start": { "line": 63, "column": 6 },
        "end": { "line": 70, "column": null }
      },
      "24": {
        "start": { "line": 68, "column": 21 },
        "end": { "line": 68, "column": null }
      },
      "25": {
        "start": { "line": 69, "column": 8 },
        "end": { "line": 69, "column": null }
      },
      "26": {
        "start": { "line": 72, "column": 20 },
        "end": { "line": 72, "column": null }
      },
      "27": {
        "start": { "line": 73, "column": 12 },
        "end": { "line": 73, "column": null }
      },
      "28": {
        "start": { "line": 74, "column": 6 },
        "end": { "line": 76, "column": null }
      },
      "29": {
        "start": { "line": 75, "column": 8 },
        "end": { "line": 75, "column": null }
      },
      "30": {
        "start": { "line": 77, "column": 6 },
        "end": { "line": 79, "column": null }
      },
      "31": {
        "start": { "line": 78, "column": 8 },
        "end": { "line": 78, "column": null }
      },
      "32": {
        "start": { "line": 80, "column": 6 },
        "end": { "line": 80, "column": null }
      },
      "33": {
        "start": { "line": 84, "column": 2 },
        "end": { "line": 84, "column": null }
      },
      "34": {
        "start": { "line": 85, "column": 2 },
        "end": { "line": 85, "column": null }
      },
      "35": {
        "start": { "line": 89, "column": 20 },
        "end": { "line": 89, "column": null }
      },
      "36": {
        "start": { "line": 91, "column": 16 },
        "end": { "line": 91, "column": null }
      },
      "37": {
        "start": { "line": 93, "column": 18 },
        "end": { "line": 95, "column": null }
      },
      "38": {
        "start": { "line": 94, "column": 4 },
        "end": { "line": 94, "column": null }
      },
      "39": {
        "start": { "line": 97, "column": 19 },
        "end": { "line": 97, "column": null }
      },
      "40": {
        "start": { "line": 99, "column": 20 },
        "end": { "line": 116, "column": null }
      },
      "41": {
        "start": { "line": 100, "column": 4 },
        "end": { "line": 100, "column": null }
      },
      "42": {
        "start": { "line": 101, "column": 4 },
        "end": { "line": 108, "column": null }
      },
      "43": {
        "start": { "line": 102, "column": 6 },
        "end": { "line": 107, "column": null }
      },
      "44": {
        "start": { "line": 103, "column": 21 },
        "end": { "line": 103, "column": null }
      },
      "45": {
        "start": { "line": 104, "column": 8 },
        "end": { "line": 104, "column": null }
      },
      "46": {
        "start": { "line": 104, "column": 38 },
        "end": { "line": 104, "column": null }
      },
      "47": {
        "start": { "line": 105, "column": 8 },
        "end": { "line": 105, "column": null }
      },
      "48": {
        "start": { "line": 106, "column": 8 },
        "end": { "line": 106, "column": null }
      },
      "49": {
        "start": { "line": 106, "column": 35 },
        "end": { "line": 106, "column": null }
      },
      "50": {
        "start": { "line": 109, "column": 4 },
        "end": { "line": 115, "column": null }
      },
      "51": {
        "start": { "line": 110, "column": 6 },
        "end": { "line": 110, "column": null }
      },
      "52": {
        "start": { "line": 111, "column": 6 },
        "end": { "line": 114, "column": null }
      },
      "53": {
        "start": { "line": 112, "column": 8 },
        "end": { "line": 112, "column": null }
      },
      "54": {
        "start": { "line": 113, "column": 8 },
        "end": { "line": 113, "column": null }
      },
      "55": {
        "start": { "line": 118, "column": 40 },
        "end": { "line": 118, "column": null }
      },
      "56": {
        "start": { "line": 120, "column": 2 },
        "end": { "line": 124, "column": null }
      },
      "57": {
        "start": { "line": 126, "column": 2 },
        "end": { "line": 126, "column": null }
      },
      "58": {
        "start": { "line": 128, "column": 2 },
        "end": { "line": 128, "column": null }
      },
      "59": {
        "start": { "line": 135, "column": 19 },
        "end": { "line": 141, "column": null }
      },
      "60": {
        "start": { "line": 136, "column": 4 },
        "end": { "line": 141, "column": null }
      },
      "61": {
        "start": { "line": 137, "column": 12 },
        "end": { "line": 137, "column": null }
      },
      "62": {
        "start": { "line": 138, "column": 6 },
        "end": { "line": 138, "column": null }
      },
      "63": {
        "start": { "line": 138, "column": 38 },
        "end": { "line": 138, "column": null }
      },
      "64": {
        "start": { "line": 139, "column": 6 },
        "end": { "line": 139, "column": null }
      },
      "65": {
        "start": { "line": 139, "column": 37 },
        "end": { "line": 139, "column": null }
      },
      "66": {
        "start": { "line": 140, "column": 6 },
        "end": { "line": 140, "column": null }
      },
      "67": {
        "start": { "line": 143, "column": 16 },
        "end": { "line": 143, "column": null }
      },
      "68": {
        "start": { "line": 145, "column": 20 },
        "end": { "line": 145, "column": null }
      },
      "69": {
        "start": { "line": 146, "column": 35 },
        "end": { "line": 146, "column": null }
      },
      "70": {
        "start": { "line": 147, "column": 15 },
        "end": { "line": 147, "column": null }
      },
      "71": {
        "start": { "line": 149, "column": 24 },
        "end": { "line": 152, "column": null }
      },
      "72": {
        "start": { "line": 150, "column": 4 },
        "end": { "line": 150, "column": null }
      },
      "73": {
        "start": { "line": 150, "column": 16 },
        "end": { "line": 150, "column": null }
      },
      "74": {
        "start": { "line": 151, "column": 4 },
        "end": { "line": 151, "column": null }
      },
      "75": {
        "start": { "line": 154, "column": 20 },
        "end": { "line": 160, "column": null }
      },
      "76": {
        "start": { "line": 155, "column": 17 },
        "end": { "line": 155, "column": null }
      },
      "77": {
        "start": { "line": 156, "column": 4 },
        "end": { "line": 156, "column": null }
      },
      "78": {
        "start": { "line": 156, "column": 34 },
        "end": { "line": 156, "column": null }
      },
      "79": {
        "start": { "line": 157, "column": 4 },
        "end": { "line": 157, "column": null }
      },
      "80": {
        "start": { "line": 158, "column": 10 },
        "end": { "line": 158, "column": null }
      },
      "81": {
        "start": { "line": 159, "column": 4 },
        "end": { "line": 159, "column": null }
      },
      "82": {
        "start": { "line": 159, "column": 38 },
        "end": { "line": 159, "column": null }
      },
      "83": {
        "start": { "line": 162, "column": 16 },
        "end": { "line": 171, "column": null }
      },
      "84": {
        "start": { "line": 163, "column": 4 },
        "end": { "line": 163, "column": null }
      },
      "85": {
        "start": { "line": 163, "column": 16 },
        "end": { "line": 163, "column": null }
      },
      "86": {
        "start": { "line": 164, "column": 4 },
        "end": { "line": 164, "column": null }
      },
      "87": {
        "start": { "line": 165, "column": 4 },
        "end": { "line": 170, "column": null }
      },
      "88": {
        "start": { "line": 166, "column": 19 },
        "end": { "line": 168, "column": null }
      },
      "89": {
        "start": { "line": 167, "column": 8 },
        "end": { "line": 167, "column": null }
      },
      "90": {
        "start": { "line": 169, "column": 6 },
        "end": { "line": 169, "column": null }
      },
      "91": {
        "start": { "line": 173, "column": 15 },
        "end": { "line": 178, "column": null }
      },
      "92": {
        "start": { "line": 174, "column": 4 },
        "end": { "line": 174, "column": null }
      },
      "93": {
        "start": { "line": 174, "column": 17 },
        "end": { "line": 174, "column": null }
      },
      "94": {
        "start": { "line": 175, "column": 4 },
        "end": { "line": 175, "column": null }
      },
      "95": {
        "start": { "line": 176, "column": 4 },
        "end": { "line": 176, "column": null }
      },
      "96": {
        "start": { "line": 176, "column": 35 },
        "end": { "line": 176, "column": null }
      },
      "97": {
        "start": { "line": 177, "column": 4 },
        "end": { "line": 177, "column": null }
      },
      "98": {
        "start": { "line": 180, "column": 18 },
        "end": { "line": 183, "column": null }
      },
      "99": {
        "start": { "line": 181, "column": 4 },
        "end": { "line": 181, "column": null }
      },
      "100": {
        "start": { "line": 182, "column": 4 },
        "end": { "line": 182, "column": null }
      },
      "101": {
        "start": { "line": 185, "column": 19 },
        "end": { "line": 188, "column": null }
      },
      "102": {
        "start": { "line": 186, "column": 4 },
        "end": { "line": 186, "column": null }
      },
      "103": {
        "start": { "line": 187, "column": 4 },
        "end": { "line": 187, "column": null }
      },
      "104": {
        "start": { "line": 190, "column": 20 },
        "end": { "line": 200, "column": null }
      },
      "105": {
        "start": { "line": 191, "column": 4 },
        "end": { "line": 191, "column": null }
      },
      "106": {
        "start": { "line": 192, "column": 4 },
        "end": { "line": 195, "column": null }
      },
      "107": {
        "start": { "line": 193, "column": 6 },
        "end": { "line": 193, "column": null }
      },
      "108": {
        "start": { "line": 194, "column": 6 },
        "end": { "line": 194, "column": null }
      },
      "109": {
        "start": { "line": 196, "column": 4 },
        "end": { "line": 199, "column": null }
      },
      "110": {
        "start": { "line": 197, "column": 6 },
        "end": { "line": 197, "column": null }
      },
      "111": {
        "start": { "line": 198, "column": 6 },
        "end": { "line": 198, "column": null }
      },
      "112": {
        "start": { "line": 198, "column": 32 },
        "end": { "line": 198, "column": null }
      },
      "113": {
        "start": { "line": 202, "column": 40 },
        "end": { "line": 202, "column": null }
      },
      "114": {
        "start": { "line": 204, "column": 2 },
        "end": { "line": 208, "column": null }
      },
      "115": {
        "start": { "line": 210, "column": 2 },
        "end": { "line": 210, "column": null }
      },
      "116": {
        "start": { "line": 212, "column": 2 },
        "end": { "line": 212, "column": null }
      },
      "117": {
        "start": { "line": 219, "column": 8 },
        "end": { "line": 219, "column": null }
      },
      "118": {
        "start": { "line": 219, "column": 27 },
        "end": { "line": 219, "column": 68 }
      },
      "119": {
        "start": { "line": 220, "column": 2 },
        "end": { "line": 220, "column": null }
      },
      "120": {
        "start": { "line": 224, "column": 8 },
        "end": { "line": 224, "column": null }
      },
      "121": {
        "start": { "line": 225, "column": 2 },
        "end": { "line": 225, "column": null }
      },
      "122": {
        "start": { "line": 241, "column": 2 },
        "end": { "line": 248, "column": null }
      },
      "123": {
        "start": { "line": 242, "column": 4 },
        "end": { "line": 243, "column": null }
      },
      "124": {
        "start": { "line": 243, "column": 6 },
        "end": { "line": 243, "column": null }
      },
      "125": {
        "start": { "line": 244, "column": 4 },
        "end": { "line": 247, "column": null }
      },
      "126": {
        "start": { "line": 250, "column": 2 },
        "end": { "line": 252, "column": null }
      },
      "127": {
        "start": { "line": 251, "column": 4 },
        "end": { "line": 251, "column": null }
      },
      "128": {
        "start": { "line": 254, "column": 2 },
        "end": { "line": 256, "column": null }
      },
      "129": {
        "start": { "line": 255, "column": 4 },
        "end": { "line": 255, "column": null }
      },
      "130": {
        "start": { "line": 258, "column": 2 },
        "end": { "line": 261, "column": null }
      }
    },
    "fnMap": {
      "0": {
        "name": "asObjectKey",
        "decl": {
          "start": { "line": 31, "column": 9 },
          "end": { "line": 31, "column": 21 }
        },
        "loc": {
          "start": { "line": 31, "column": 65 },
          "end": { "line": 33, "column": null }
        },
        "line": 31
      },
      "1": {
        "name": "isIndexKey",
        "decl": {
          "start": { "line": 35, "column": 9 },
          "end": { "line": 35, "column": 20 }
        },
        "loc": {
          "start": { "line": 35, "column": 55 },
          "end": { "line": 37, "column": null }
        },
        "line": 35
      },
      "2": {
        "name": "getValueView",
        "decl": {
          "start": { "line": 39, "column": 9 },
          "end": { "line": 39, "column": 25 }
        },
        "loc": {
          "start": { "line": 39, "column": 43 },
          "end": { "line": 86, "column": null }
        },
        "line": 39
      },
      "3": {
        "name": "(anonymous_3)",
        "decl": {
          "start": { "line": 54, "column": 4 },
          "end": { "line": 54, "column": 8 }
        },
        "loc": {
          "start": { "line": 54, "column": 32 },
          "end": { "line": 81, "column": null }
        },
        "line": 54
      },
      "4": {
        "name": "createDerivedFromComputed",
        "decl": {
          "start": { "line": 88, "column": 9 },
          "end": { "line": 88, "column": 38 }
        },
        "loc": {
          "start": { "line": 88, "column": 69 },
          "end": { "line": 129, "column": null }
        },
        "line": 88
      },
      "5": {
        "name": "(anonymous_5)",
        "decl": {
          "start": { "line": 93, "column": 18 },
          "end": { "line": 93, "column": 30 }
        },
        "loc": {
          "start": { "line": 93, "column": 30 },
          "end": { "line": 95, "column": null }
        },
        "line": 93
      },
      "6": {
        "name": "(anonymous_6)",
        "decl": {
          "start": { "line": 97, "column": 19 },
          "end": { "line": 97, "column": 28 }
        },
        "loc": {
          "start": { "line": 97, "column": 19 },
          "end": { "line": 97, "column": null }
        },
        "line": 97
      },
      "7": {
        "name": "(anonymous_7)",
        "decl": {
          "start": { "line": 99, "column": 20 },
          "end": { "line": 99, "column": 21 }
        },
        "loc": {
          "start": { "line": 99, "column": 59 },
          "end": { "line": 116, "column": null }
        },
        "line": 99
      },
      "8": {
        "name": "(anonymous_8)",
        "decl": {
          "start": { "line": 102, "column": 20 },
          "end": { "line": 102, "column": 26 }
        },
        "loc": {
          "start": { "line": 102, "column": 26 },
          "end": { "line": 107, "column": 7 }
        },
        "line": 102
      },
      "9": {
        "name": "(anonymous_9)",
        "decl": {
          "start": { "line": 109, "column": 11 },
          "end": { "line": 109, "column": 17 }
        },
        "loc": {
          "start": { "line": 109, "column": 17 },
          "end": { "line": 115, "column": null }
        },
        "line": 109
      },
      "10": {
        "name": "derivedFromDeps",
        "decl": {
          "start": { "line": 131, "column": 9 },
          "end": { "line": 131, "column": null }
        },
        "loc": {
          "start": { "line": 134, "column": 16 },
          "end": { "line": 213, "column": null }
        },
        "line": 134
      },
      "11": {
        "name": "(anonymous_11)",
        "decl": {
          "start": { "line": 135, "column": 19 },
          "end": { "line": 135, "column": null }
        },
        "loc": {
          "start": { "line": 136, "column": 4 },
          "end": { "line": 141, "column": null }
        },
        "line": 136
      },
      "12": {
        "name": "(anonymous_12)",
        "decl": {
          "start": { "line": 136, "column": 13 },
          "end": { "line": 136, "column": 14 }
        },
        "loc": {
          "start": { "line": 136, "column": 22 },
          "end": { "line": 141, "column": 5 }
        },
        "line": 136
      },
      "13": {
        "name": "(anonymous_13)",
        "decl": {
          "start": { "line": 149, "column": 24 },
          "end": { "line": 149, "column": 36 }
        },
        "loc": {
          "start": { "line": 149, "column": 36 },
          "end": { "line": 152, "column": null }
        },
        "line": 149
      },
      "14": {
        "name": "(anonymous_14)",
        "decl": {
          "start": { "line": 154, "column": 20 },
          "end": { "line": 154, "column": 32 }
        },
        "loc": {
          "start": { "line": 154, "column": 32 },
          "end": { "line": 160, "column": null }
        },
        "line": 154
      },
      "15": {
        "name": "(anonymous_15)",
        "decl": {
          "start": { "line": 162, "column": 16 },
          "end": { "line": 162, "column": 28 }
        },
        "loc": {
          "start": { "line": 162, "column": 28 },
          "end": { "line": 171, "column": null }
        },
        "line": 162
      },
      "16": {
        "name": "(anonymous_16)",
        "decl": {
          "start": { "line": 165, "column": 29 },
          "end": { "line": 165, "column": 30 }
        },
        "loc": {
          "start": { "line": 165, "column": 38 },
          "end": { "line": 170, "column": 5 }
        },
        "line": 165
      },
      "17": {
        "name": "(anonymous_17)",
        "decl": {
          "start": { "line": 166, "column": 63 },
          "end": { "line": 166, "column": 69 }
        },
        "loc": {
          "start": { "line": 166, "column": 69 },
          "end": { "line": 168, "column": 7 }
        },
        "line": 166
      },
      "18": {
        "name": "(anonymous_18)",
        "decl": {
          "start": { "line": 173, "column": 15 },
          "end": { "line": 173, "column": 27 }
        },
        "loc": {
          "start": { "line": 173, "column": 27 },
          "end": { "line": 178, "column": null }
        },
        "line": 173
      },
      "19": {
        "name": "(anonymous_19)",
        "decl": {
          "start": { "line": 180, "column": 18 },
          "end": { "line": 180, "column": 30 }
        },
        "loc": {
          "start": { "line": 180, "column": 30 },
          "end": { "line": 183, "column": null }
        },
        "line": 180
      },
      "20": {
        "name": "(anonymous_20)",
        "decl": {
          "start": { "line": 185, "column": 19 },
          "end": { "line": 185, "column": 28 }
        },
        "loc": {
          "start": { "line": 185, "column": 28 },
          "end": { "line": 188, "column": null }
        },
        "line": 185
      },
      "21": {
        "name": "(anonymous_21)",
        "decl": {
          "start": { "line": 190, "column": 20 },
          "end": { "line": 190, "column": 21 }
        },
        "loc": {
          "start": { "line": 190, "column": 59 },
          "end": { "line": 200, "column": null }
        },
        "line": 190
      },
      "22": {
        "name": "(anonymous_22)",
        "decl": {
          "start": { "line": 196, "column": 11 },
          "end": { "line": 196, "column": 17 }
        },
        "loc": {
          "start": { "line": 196, "column": 17 },
          "end": { "line": 199, "column": null }
        },
        "line": 196
      },
      "23": {
        "name": "derivedFromNode",
        "decl": {
          "start": { "line": 215, "column": 9 },
          "end": { "line": 215, "column": null }
        },
        "loc": {
          "start": { "line": 218, "column": 16 },
          "end": { "line": 221, "column": null }
        },
        "line": 218
      },
      "24": {
        "name": "(anonymous_24)",
        "decl": {
          "start": { "line": 219, "column": 21 },
          "end": { "line": 219, "column": 27 }
        },
        "loc": {
          "start": { "line": 219, "column": 27 },
          "end": { "line": 219, "column": 68 }
        },
        "line": 219
      },
      "25": {
        "name": "derivedFromCompute",
        "decl": {
          "start": { "line": 223, "column": 9 },
          "end": { "line": 223, "column": 31 }
        },
        "loc": {
          "start": { "line": 223, "column": 63 },
          "end": { "line": 226, "column": null }
        },
        "line": 223
      },
      "26": {
        "name": "derived",
        "decl": {
          "start": { "line": 237, "column": 16 },
          "end": { "line": 237, "column": null }
        },
        "loc": {
          "start": { "line": 240, "column": 22 },
          "end": { "line": 262, "column": null }
        },
        "line": 240
      }
    },
    "branchMap": {
      "0": {
        "loc": {
          "start": { "line": 32, "column": 9 },
          "end": { "line": 32, "column": null }
        },
        "type": "binary-expr",
        "locations": [
          {
            "start": { "line": 32, "column": 9 },
            "end": { "line": 32, "column": 37 }
          },
          {
            "start": { "line": 32, "column": 37 },
            "end": { "line": 32, "column": null }
          }
        ],
        "line": 32
      },
      "1": {
        "loc": {
          "start": { "line": 36, "column": 9 },
          "end": { "line": 36, "column": null }
        },
        "type": "binary-expr",
        "locations": [
          {
            "start": { "line": 36, "column": 9 },
            "end": { "line": 36, "column": 37 }
          },
          {
            "start": { "line": 36, "column": 37 },
            "end": { "line": 36, "column": null }
          }
        ],
        "line": 36
      },
      "2": {
        "loc": {
          "start": { "line": 40, "column": 2 },
          "end": { "line": 40, "column": null }
        },
        "type": "if",
        "locations": [
          {
            "start": { "line": 40, "column": 2 },
            "end": { "line": 40, "column": null }
          },
          { "start": {}, "end": {} }
        ],
        "line": 40
      },
      "3": {
        "loc": {
          "start": { "line": 40, "column": 6 },
          "end": { "line": 40, "column": 43 }
        },
        "type": "binary-expr",
        "locations": [
          {
            "start": { "line": 40, "column": 6 },
            "end": { "line": 40, "column": 23 }
          },
          {
            "start": { "line": 40, "column": 23 },
            "end": { "line": 40, "column": 43 }
          }
        ],
        "line": 40
      },
      "4": {
        "loc": {
          "start": { "line": 42, "column": 2 },
          "end": { "line": 42, "column": null }
        },
        "type": "if",
        "locations": [
          {
            "start": { "line": 42, "column": 2 },
            "end": { "line": 42, "column": null }
          },
          { "start": {}, "end": {} }
        ],
        "line": 42
      },
      "5": {
        "loc": {
          "start": { "line": 42, "column": 6 },
          "end": { "line": 42, "column": 42 }
        },
        "type": "binary-expr",
        "locations": [
          {
            "start": { "line": 42, "column": 6 },
            "end": { "line": 42, "column": 24 }
          },
          {
            "start": { "line": 42, "column": 24 },
            "end": { "line": 42, "column": 42 }
          }
        ],
        "line": 42
      },
      "6": {
        "loc": {
          "start": { "line": 45, "column": 2 },
          "end": { "line": 47, "column": null }
        },
        "type": "if",
        "locations": [
          {
            "start": { "line": 45, "column": 2 },
            "end": { "line": 47, "column": null }
          },
          { "start": {}, "end": {} }
        ],
        "line": 45
      },
      "7": {
        "loc": {
          "start": { "line": 45, "column": 6 },
          "end": { "line": 45, "column": 65 }
        },
        "type": "binary-expr",
        "locations": [
          {
            "start": { "line": 45, "column": 6 },
            "end": { "line": 45, "column": 35 }
          },
          {
            "start": { "line": 45, "column": 35 },
            "end": { "line": 45, "column": 65 }
          }
        ],
        "line": 45
      },
      "8": {
        "loc": {
          "start": { "line": 51, "column": 2 },
          "end": { "line": 51, "column": null }
        },
        "type": "if",
        "locations": [
          {
            "start": { "line": 51, "column": 2 },
            "end": { "line": 51, "column": null }
          },
          { "start": {}, "end": {} }
        ],
        "line": 51
      },
      "9": {
        "loc": {
          "start": { "line": 55, "column": 6 },
          "end": { "line": 55, "column": null }
        },
        "type": "if",
        "locations": [
          {
            "start": { "line": 55, "column": 6 },
            "end": { "line": 55, "column": null }
          },
          { "start": {}, "end": {} }
        ],
        "line": 55
      },
      "10": {
        "loc": {
          "start": { "line": 56, "column": 6 },
          "end": { "line": 56, "column": null }
        },
        "type": "if",
        "locations": [
          {
            "start": { "line": 56, "column": 6 },
            "end": { "line": 56, "column": null }
          },
          { "start": {}, "end": {} }
        ],
        "line": 56
      },
      "11": {
        "loc": {
          "start": { "line": 58, "column": 6 },
          "end": { "line": 61, "column": null }
        },
        "type": "if",
        "locations": [
          {
            "start": { "line": 58, "column": 6 },
            "end": { "line": 61, "column": null }
          },
          { "start": {}, "end": {} }
        ],
        "line": 58
      },
      "12": {
        "loc": {
          "start": { "line": 63, "column": 6 },
          "end": { "line": 70, "column": null }
        },
        "type": "if",
        "locations": [
          {
            "start": { "line": 63, "column": 6 },
            "end": { "line": 70, "column": null }
          },
          { "start": {}, "end": {} }
        ],
        "line": 63
      },
      "13": {
        "loc": {
          "start": { "line": 64, "column": 8 },
          "end": { "line": 66, "column": null }
        },
        "type": "binary-expr",
        "locations": [
          {
            "start": { "line": 64, "column": 8 },
            "end": { "line": 64, "column": null }
          },
          {
            "start": { "line": 65, "column": 8 },
            "end": { "line": 65, "column": null }
          },
          {
            "start": { "line": 66, "column": 8 },
            "end": { "line": 66, "column": null }
          }
        ],
        "line": 64
      },
      "14": {
        "loc": {
          "start": { "line": 74, "column": 6 },
          "end": { "line": 76, "column": null }
        },
        "type": "if",
        "locations": [
          {
            "start": { "line": 74, "column": 6 },
            "end": { "line": 76, "column": null }
          },
          { "start": {}, "end": {} }
        ],
        "line": 74
      },
      "15": {
        "loc": {
          "start": { "line": 74, "column": 10 },
          "end": { "line": 74, "column": 79 }
        },
        "type": "binary-expr",
        "locations": [
          {
            "start": { "line": 74, "column": 10 },
            "end": { "line": 74, "column": 44 }
          },
          {
            "start": { "line": 74, "column": 44 },
            "end": { "line": 74, "column": 79 }
          }
        ],
        "line": 74
      },
      "16": {
        "loc": {
          "start": { "line": 77, "column": 6 },
          "end": { "line": 79, "column": null }
        },
        "type": "if",
        "locations": [
          {
            "start": { "line": 77, "column": 6 },
            "end": { "line": 79, "column": null }
          },
          { "start": {}, "end": {} }
        ],
        "line": 77
      },
      "17": {
        "loc": {
          "start": { "line": 77, "column": 10 },
          "end": { "line": 77, "column": 78 }
        },
        "type": "binary-expr",
        "locations": [
          {
            "start": { "line": 77, "column": 10 },
            "end": { "line": 77, "column": 45 }
          },
          {
            "start": { "line": 77, "column": 45 },
            "end": { "line": 77, "column": 78 }
          }
        ],
        "line": 77
      },
      "18": {
        "loc": {
          "start": { "line": 101, "column": 4 },
          "end": { "line": 108, "column": null }
        },
        "type": "if",
        "locations": [
          {
            "start": { "line": 101, "column": 4 },
            "end": { "line": 108, "column": null }
          },
          { "start": {}, "end": {} }
        ],
        "line": 101
      },
      "19": {
        "loc": {
          "start": { "line": 104, "column": 8 },
          "end": { "line": 104, "column": null }
        },
        "type": "if",
        "locations": [
          {
            "start": { "line": 104, "column": 8 },
            "end": { "line": 104, "column": null }
          },
          { "start": {}, "end": {} }
        ],
        "line": 104
      },
      "20": {
        "loc": {
          "start": { "line": 111, "column": 6 },
          "end": { "line": 114, "column": null }
        },
        "type": "if",
        "locations": [
          {
            "start": { "line": 111, "column": 6 },
            "end": { "line": 114, "column": null }
          },
          { "start": {}, "end": {} }
        ],
        "line": 111
      },
      "21": {
        "loc": {
          "start": { "line": 138, "column": 6 },
          "end": { "line": 138, "column": null }
        },
        "type": "if",
        "locations": [
          {
            "start": { "line": 138, "column": 6 },
            "end": { "line": 138, "column": null }
          },
          { "start": {}, "end": {} }
        ],
        "line": 138
      },
      "22": {
        "loc": {
          "start": { "line": 139, "column": 6 },
          "end": { "line": 139, "column": null }
        },
        "type": "if",
        "locations": [
          {
            "start": { "line": 139, "column": 6 },
            "end": { "line": 139, "column": null }
          },
          { "start": {}, "end": {} }
        ],
        "line": 139
      },
      "23": {
        "loc": {
          "start": { "line": 150, "column": 4 },
          "end": { "line": 150, "column": null }
        },
        "type": "if",
        "locations": [
          {
            "start": { "line": 150, "column": 4 },
            "end": { "line": 150, "column": null }
          },
          { "start": {}, "end": {} }
        ],
        "line": 150
      },
      "24": {
        "loc": {
          "start": { "line": 156, "column": 4 },
          "end": { "line": 156, "column": null }
        },
        "type": "if",
        "locations": [
          {
            "start": { "line": 156, "column": 4 },
            "end": { "line": 156, "column": null }
          },
          { "start": {}, "end": {} }
        ],
        "line": 156
      },
      "25": {
        "loc": {
          "start": { "line": 163, "column": 4 },
          "end": { "line": 163, "column": null }
        },
        "type": "if",
        "locations": [
          {
            "start": { "line": 163, "column": 4 },
            "end": { "line": 163, "column": null }
          },
          { "start": {}, "end": {} }
        ],
        "line": 163
      },
      "26": {
        "loc": {
          "start": { "line": 169, "column": 13 },
          "end": { "line": 169, "column": null }
        },
        "type": "cond-expr",
        "locations": [
          {
            "start": { "line": 169, "column": 41 },
            "end": { "line": 169, "column": 49 }
          },
          {
            "start": { "line": 169, "column": 49 },
            "end": { "line": 169, "column": null }
          }
        ],
        "line": 169
      },
      "27": {
        "loc": {
          "start": { "line": 174, "column": 4 },
          "end": { "line": 174, "column": null }
        },
        "type": "if",
        "locations": [
          {
            "start": { "line": 174, "column": 4 },
            "end": { "line": 174, "column": null }
          },
          { "start": {}, "end": {} }
        ],
        "line": 174
      },
      "28": {
        "loc": {
          "start": { "line": 192, "column": 4 },
          "end": { "line": 195, "column": null }
        },
        "type": "if",
        "locations": [
          {
            "start": { "line": 192, "column": 4 },
            "end": { "line": 195, "column": null }
          },
          { "start": {}, "end": {} }
        ],
        "line": 192
      },
      "29": {
        "loc": {
          "start": { "line": 198, "column": 6 },
          "end": { "line": 198, "column": null }
        },
        "type": "if",
        "locations": [
          {
            "start": { "line": 198, "column": 6 },
            "end": { "line": 198, "column": null }
          },
          { "start": {}, "end": {} }
        ],
        "line": 198
      },
      "30": {
        "loc": {
          "start": { "line": 241, "column": 2 },
          "end": { "line": 248, "column": null }
        },
        "type": "if",
        "locations": [
          {
            "start": { "line": 241, "column": 2 },
            "end": { "line": 248, "column": null }
          },
          { "start": {}, "end": {} }
        ],
        "line": 241
      },
      "31": {
        "loc": {
          "start": { "line": 242, "column": 4 },
          "end": { "line": 243, "column": null }
        },
        "type": "if",
        "locations": [
          {
            "start": { "line": 242, "column": 4 },
            "end": { "line": 243, "column": null }
          },
          { "start": {}, "end": {} }
        ],
        "line": 242
      },
      "32": {
        "loc": {
          "start": { "line": 250, "column": 2 },
          "end": { "line": 252, "column": null }
        },
        "type": "if",
        "locations": [
          {
            "start": { "line": 250, "column": 2 },
            "end": { "line": 252, "column": null }
          },
          { "start": {}, "end": {} }
        ],
        "line": 250
      },
      "33": {
        "loc": {
          "start": { "line": 250, "column": 6 },
          "end": { "line": 250, "column": 56 }
        },
        "type": "binary-expr",
        "locations": [
          {
            "start": { "line": 250, "column": 6 },
            "end": { "line": 250, "column": 36 }
          },
          {
            "start": { "line": 250, "column": 36 },
            "end": { "line": 250, "column": 56 }
          }
        ],
        "line": 250
      },
      "34": {
        "loc": {
          "start": { "line": 254, "column": 2 },
          "end": { "line": 256, "column": null }
        },
        "type": "if",
        "locations": [
          {
            "start": { "line": 254, "column": 2 },
            "end": { "line": 256, "column": null }
          },
          { "start": {}, "end": {} }
        ],
        "line": 254
      }
    },
    "s": {
      "0": 3,
      "1": 14,
      "2": 14,
      "3": 11,
      "4": 0,
      "5": 11,
      "6": 11,
      "7": 0,
      "8": 11,
      "9": 11,
      "10": 0,
      "11": 11,
      "12": 11,
      "13": 11,
      "14": 7,
      "15": 4,
      "16": 14,
      "17": 0,
      "18": 14,
      "19": 0,
      "20": 14,
      "21": 0,
      "22": 0,
      "23": 14,
      "24": 0,
      "25": 0,
      "26": 14,
      "27": 14,
      "28": 14,
      "29": 7,
      "30": 7,
      "31": 7,
      "32": 0,
      "33": 4,
      "34": 4,
      "35": 4,
      "36": 4,
      "37": 4,
      "38": 4,
      "39": 0,
      "40": 4,
      "41": 1,
      "42": 1,
      "43": 1,
      "44": 3,
      "45": 3,
      "46": 1,
      "47": 2,
      "48": 2,
      "49": 2,
      "50": 1,
      "51": 1,
      "52": 1,
      "53": 1,
      "54": 1,
      "55": 4,
      "56": 4,
      "57": 4,
      "58": 4,
      "59": 5,
      "60": 12,
      "61": 12,
      "62": 12,
      "63": 3,
      "64": 9,
      "65": 9,
      "66": 0,
      "67": 5,
      "68": 5,
      "69": 5,
      "70": 5,
      "71": 5,
      "72": 8,
      "73": 2,
      "74": 6,
      "75": 5,
      "76": 1,
      "77": 1,
      "78": 0,
      "79": 1,
      "80": 1,
      "81": 1,
      "82": 1,
      "83": 5,
      "84": 2,
      "85": 0,
      "86": 2,
      "87": 2,
      "88": 2,
      "89": 1,
      "90": 2,
      "91": 5,
      "92": 2,
      "93": 0,
      "94": 2,
      "95": 2,
      "96": 2,
      "97": 2,
      "98": 5,
      "99": 6,
      "100": 6,
      "101": 5,
      "102": 0,
      "103": 0,
      "104": 5,
      "105": 2,
      "106": 2,
      "107": 2,
      "108": 2,
      "109": 2,
      "110": 2,
      "111": 2,
      "112": 2,
      "113": 5,
      "114": 5,
      "115": 5,
      "116": 5,
      "117": 2,
      "118": 4,
      "119": 2,
      "120": 2,
      "121": 2,
      "122": 9,
      "123": 5,
      "124": 0,
      "125": 5,
      "126": 4,
      "127": 2,
      "128": 2,
      "129": 0,
      "130": 2
    },
    "f": {
      "0": 14,
      "1": 14,
      "2": 11,
      "3": 14,
      "4": 4,
      "5": 4,
      "6": 0,
      "7": 1,
      "8": 3,
      "9": 1,
      "10": 5,
      "11": 12,
      "12": 12,
      "13": 8,
      "14": 1,
      "15": 2,
      "16": 2,
      "17": 1,
      "18": 2,
      "19": 6,
      "20": 0,
      "21": 2,
      "22": 2,
      "23": 2,
      "24": 4,
      "25": 2,
      "26": 9
    },
    "b": {
      "0": [14, 0],
      "1": [14, 14],
      "2": [0, 11],
      "3": [11, 11],
      "4": [0, 11],
      "5": [11, 0],
      "6": [0, 11],
      "7": [11, 11],
      "8": [7, 4],
      "9": [0, 14],
      "10": [0, 14],
      "11": [0, 14],
      "12": [0, 14],
      "13": [14, 14, 0],
      "14": [7, 7],
      "15": [14, 7],
      "16": [7, 0],
      "17": [7, 0],
      "18": [1, 0],
      "19": [1, 2],
      "20": [1, 0],
      "21": [3, 9],
      "22": [9, 0],
      "23": [2, 6],
      "24": [0, 1],
      "25": [0, 2],
      "26": [2, 0],
      "27": [0, 2],
      "28": [2, 0],
      "29": [2, 0],
      "30": [5, 4],
      "31": [0, 5],
      "32": [2, 2],
      "33": [4, 2],
      "34": [0, 2]
    },
    "meta": {
      "lastBranch": 35,
      "lastFunction": 27,
      "lastStatement": 131,
      "seen": {
        "s:29:19:29:Infinity": 0,
        "f:31:9:31:21": 0,
        "s:32:2:32:Infinity": 1,
        "b:32:9:32:37:32:37:32:Infinity": 0,
        "f:35:9:35:20": 1,
        "s:36:2:36:Infinity": 2,
        "b:36:9:36:37:36:37:36:Infinity": 1,
        "f:39:9:39:25": 2,
        "b:40:2:40:Infinity:undefined:undefined:undefined:undefined": 2,
        "s:40:2:40:Infinity": 3,
        "b:40:6:40:23:40:23:40:43": 3,
        "s:40:43:40:Infinity": 4,
        "s:41:12:41:Infinity": 5,
        "b:42:2:42:Infinity:undefined:undefined:undefined:undefined": 4,
        "s:42:2:42:Infinity": 6,
        "b:42:6:42:24:42:24:42:42": 5,
        "s:42:42:42:Infinity": 7,
        "s:44:8:44:Infinity": 8,
        "b:45:2:47:Infinity:undefined:undefined:undefined:undefined": 6,
        "s:45:2:47:Infinity": 9,
        "b:45:6:45:35:45:35:45:65": 7,
        "s:46:4:46:Infinity": 10,
        "s:49:14:49:Infinity": 11,
        "s:50:17:50:Infinity": 12,
        "b:51:2:51:Infinity:undefined:undefined:undefined:undefined": 8,
        "s:51:2:51:Infinity": 13,
        "s:51:14:51:Infinity": 14,
        "s:53:16:82:Infinity": 15,
        "f:54:4:54:8": 3,
        "b:55:6:55:Infinity:undefined:undefined:undefined:undefined": 9,
        "s:55:6:55:Infinity": 16,
        "s:55:30:55:Infinity": 17,
        "b:56:6:56:Infinity:undefined:undefined:undefined:undefined": 10,
        "s:56:6:56:Infinity": 18,
        "s:56:29:56:Infinity": 19,
        "b:58:6:61:Infinity:undefined:undefined:undefined:undefined": 11,
        "s:58:6:61:Infinity": 20,
        "s:59:22:59:Infinity": 21,
        "s:60:8:60:Infinity": 22,
        "b:63:6:70:Infinity:undefined:undefined:undefined:undefined": 12,
        "s:63:6:70:Infinity": 23,
        "b:64:8:64:Infinity:65:8:65:Infinity:66:8:66:Infinity": 13,
        "s:68:21:68:Infinity": 24,
        "s:69:8:69:Infinity": 25,
        "s:72:20:72:Infinity": 26,
        "s:73:12:73:Infinity": 27,
        "b:74:6:76:Infinity:undefined:undefined:undefined:undefined": 14,
        "s:74:6:76:Infinity": 28,
        "b:74:10:74:44:74:44:74:79": 15,
        "s:75:8:75:Infinity": 29,
        "b:77:6:79:Infinity:undefined:undefined:undefined:undefined": 16,
        "s:77:6:79:Infinity": 30,
        "b:77:10:77:45:77:45:77:78": 17,
        "s:78:8:78:Infinity": 31,
        "s:80:6:80:Infinity": 32,
        "s:84:2:84:Infinity": 33,
        "s:85:2:85:Infinity": 34,
        "f:88:9:88:38": 4,
        "s:89:20:89:Infinity": 35,
        "s:91:16:91:Infinity": 36,
        "s:93:18:95:Infinity": 37,
        "f:93:18:93:30": 5,
        "s:94:4:94:Infinity": 38,
        "s:97:19:97:Infinity": 39,
        "f:97:19:97:28": 6,
        "s:99:20:116:Infinity": 40,
        "f:99:20:99:21": 7,
        "s:100:4:100:Infinity": 41,
        "b:101:4:108:Infinity:undefined:undefined:undefined:undefined": 18,
        "s:101:4:108:Infinity": 42,
        "s:102:6:107:Infinity": 43,
        "f:102:20:102:26": 8,
        "s:103:21:103:Infinity": 44,
        "b:104:8:104:Infinity:undefined:undefined:undefined:undefined": 19,
        "s:104:8:104:Infinity": 45,
        "s:104:38:104:Infinity": 46,
        "s:105:8:105:Infinity": 47,
        "s:106:8:106:Infinity": 48,
        "s:106:35:106:Infinity": 49,
        "s:109:4:115:Infinity": 50,
        "f:109:11:109:17": 9,
        "s:110:6:110:Infinity": 51,
        "b:111:6:114:Infinity:undefined:undefined:undefined:undefined": 20,
        "s:111:6:114:Infinity": 52,
        "s:112:8:112:Infinity": 53,
        "s:113:8:113:Infinity": 54,
        "s:118:40:118:Infinity": 55,
        "s:120:2:124:Infinity": 56,
        "s:126:2:126:Infinity": 57,
        "s:128:2:128:Infinity": 58,
        "f:131:9:131:Infinity": 10,
        "s:135:19:141:Infinity": 59,
        "f:135:19:135:Infinity": 11,
        "s:136:4:141:Infinity": 60,
        "f:136:13:136:14": 12,
        "s:137:12:137:Infinity": 61,
        "b:138:6:138:Infinity:undefined:undefined:undefined:undefined": 21,
        "s:138:6:138:Infinity": 62,
        "s:138:38:138:Infinity": 63,
        "b:139:6:139:Infinity:undefined:undefined:undefined:undefined": 22,
        "s:139:6:139:Infinity": 64,
        "s:139:37:139:Infinity": 65,
        "s:140:6:140:Infinity": 66,
        "s:143:16:143:Infinity": 67,
        "s:145:20:145:Infinity": 68,
        "s:146:35:146:Infinity": 69,
        "s:147:15:147:Infinity": 70,
        "s:149:24:152:Infinity": 71,
        "f:149:24:149:36": 13,
        "b:150:4:150:Infinity:undefined:undefined:undefined:undefined": 23,
        "s:150:4:150:Infinity": 72,
        "s:150:16:150:Infinity": 73,
        "s:151:4:151:Infinity": 74,
        "s:154:20:160:Infinity": 75,
        "f:154:20:154:32": 14,
        "s:155:17:155:Infinity": 76,
        "b:156:4:156:Infinity:undefined:undefined:undefined:undefined": 24,
        "s:156:4:156:Infinity": 77,
        "s:156:34:156:Infinity": 78,
        "s:157:4:157:Infinity": 79,
        "s:158:10:158:Infinity": 80,
        "s:159:4:159:Infinity": 81,
        "s:159:38:159:Infinity": 82,
        "s:162:16:171:Infinity": 83,
        "f:162:16:162:28": 15,
        "b:163:4:163:Infinity:undefined:undefined:undefined:undefined": 25,
        "s:163:4:163:Infinity": 84,
        "s:163:16:163:Infinity": 85,
        "s:164:4:164:Infinity": 86,
        "s:165:4:170:Infinity": 87,
        "f:165:29:165:30": 16,
        "s:166:19:168:Infinity": 88,
        "f:166:63:166:69": 17,
        "s:167:8:167:Infinity": 89,
        "s:169:6:169:Infinity": 90,
        "b:169:41:169:49:169:49:169:Infinity": 26,
        "s:173:15:178:Infinity": 91,
        "f:173:15:173:27": 18,
        "b:174:4:174:Infinity:undefined:undefined:undefined:undefined": 27,
        "s:174:4:174:Infinity": 92,
        "s:174:17:174:Infinity": 93,
        "s:175:4:175:Infinity": 94,
        "s:176:4:176:Infinity": 95,
        "s:176:35:176:Infinity": 96,
        "s:177:4:177:Infinity": 97,
        "s:180:18:183:Infinity": 98,
        "f:180:18:180:30": 19,
        "s:181:4:181:Infinity": 99,
        "s:182:4:182:Infinity": 100,
        "s:185:19:188:Infinity": 101,
        "f:185:19:185:28": 20,
        "s:186:4:186:Infinity": 102,
        "s:187:4:187:Infinity": 103,
        "s:190:20:200:Infinity": 104,
        "f:190:20:190:21": 21,
        "s:191:4:191:Infinity": 105,
        "b:192:4:195:Infinity:undefined:undefined:undefined:undefined": 28,
        "s:192:4:195:Infinity": 106,
        "s:193:6:193:Infinity": 107,
        "s:194:6:194:Infinity": 108,
        "s:196:4:199:Infinity": 109,
        "f:196:11:196:17": 22,
        "s:197:6:197:Infinity": 110,
        "b:198:6:198:Infinity:undefined:undefined:undefined:undefined": 29,
        "s:198:6:198:Infinity": 111,
        "s:198:32:198:Infinity": 112,
        "s:202:40:202:Infinity": 113,
        "s:204:2:208:Infinity": 114,
        "s:210:2:210:Infinity": 115,
        "s:212:2:212:Infinity": 116,
        "f:215:9:215:Infinity": 23,
        "s:219:8:219:Infinity": 117,
        "f:219:21:219:27": 24,
        "s:219:27:219:68": 118,
        "s:220:2:220:Infinity": 119,
        "f:223:9:223:31": 25,
        "s:224:8:224:Infinity": 120,
        "s:225:2:225:Infinity": 121,
        "f:237:16:237:Infinity": 26,
        "b:241:2:248:Infinity:undefined:undefined:undefined:undefined": 30,
        "s:241:2:248:Infinity": 122,
        "b:242:4:243:Infinity:undefined:undefined:undefined:undefined": 31,
        "s:242:4:243:Infinity": 123,
        "s:243:6:243:Infinity": 124,
        "s:244:4:247:Infinity": 125,
        "b:250:2:252:Infinity:undefined:undefined:undefined:undefined": 32,
        "s:250:2:252:Infinity": 126,
        "b:250:6:250:36:250:36:250:56": 33,
        "s:251:4:251:Infinity": 127,
        "b:254:2:256:Infinity:undefined:undefined:undefined:undefined": 34,
        "s:254:2:256:Infinity": 128,
        "s:255:4:255:Infinity": 129,
        "s:258:2:261:Infinity": 130
      }
    }
  },
  "/Users/zhangxueai/Projects/idea/oin/packages/io/src/lib/core/io-tree.ts": {
    "path": "/Users/zhangxueai/Projects/idea/oin/packages/io/src/lib/core/io-tree.ts",
    "statementMap": {
      "0": {
        "start": { "line": 58, "column": 2 },
        "end": { "line": 58, "column": null }
      },
      "1": {
        "start": { "line": 62, "column": 2 },
        "end": { "line": 62, "column": null }
      },
      "2": {
        "start": { "line": 62, "column": 21 },
        "end": { "line": 62, "column": null }
      },
      "3": {
        "start": { "line": 63, "column": 16 },
        "end": { "line": 63, "column": null }
      },
      "4": {
        "start": { "line": 64, "column": 2 },
        "end": { "line": 73, "column": null }
      },
      "5": {
        "start": { "line": 65, "column": 17 },
        "end": { "line": 65, "column": null }
      },
      "6": {
        "start": { "line": 66, "column": 4 },
        "end": { "line": 69, "column": null }
      },
      "7": {
        "start": { "line": 67, "column": 6 },
        "end": { "line": 67, "column": null }
      },
      "8": {
        "start": { "line": 68, "column": 6 },
        "end": { "line": 68, "column": null }
      },
      "9": {
        "start": { "line": 70, "column": 20 },
        "end": { "line": 70, "column": null }
      },
      "10": {
        "start": { "line": 71, "column": 4 },
        "end": { "line": 71, "column": null }
      },
      "11": {
        "start": { "line": 72, "column": 4 },
        "end": { "line": 72, "column": null }
      },
      "12": {
        "start": { "line": 74, "column": 2 },
        "end": { "line": 74, "column": null }
      },
      "13": {
        "start": { "line": 78, "column": 2 },
        "end": { "line": 78, "column": null }
      },
      "14": {
        "start": { "line": 78, "column": 21 },
        "end": { "line": 78, "column": null }
      },
      "15": {
        "start": { "line": 79, "column": 16 },
        "end": { "line": 79, "column": null }
      },
      "16": {
        "start": { "line": 80, "column": 2 },
        "end": { "line": 84, "column": null }
      },
      "17": {
        "start": { "line": 81, "column": 17 },
        "end": { "line": 81, "column": null }
      },
      "18": {
        "start": { "line": 82, "column": 4 },
        "end": { "line": 82, "column": null }
      },
      "19": {
        "start": { "line": 82, "column": 15 },
        "end": { "line": 82, "column": null }
      },
      "20": {
        "start": { "line": 83, "column": 4 },
        "end": { "line": 83, "column": null }
      },
      "21": {
        "start": { "line": 85, "column": 2 },
        "end": { "line": 85, "column": null }
      },
      "22": {
        "start": { "line": 89, "column": 2 },
        "end": { "line": 89, "column": null }
      },
      "23": {
        "start": { "line": 89, "column": 21 },
        "end": { "line": 89, "column": null }
      },
      "24": {
        "start": { "line": 90, "column": 2 },
        "end": { "line": 93, "column": null }
      },
      "25": {
        "start": { "line": 91, "column": 4 },
        "end": { "line": 91, "column": null }
      },
      "26": {
        "start": { "line": 92, "column": 4 },
        "end": { "line": 92, "column": null }
      },
      "27": {
        "start": { "line": 94, "column": 32 },
        "end": { "line": 94, "column": null }
      },
      "28": {
        "start": { "line": 95, "column": 16 },
        "end": { "line": 95, "column": null }
      },
      "29": {
        "start": { "line": 96, "column": 2 },
        "end": { "line": 101, "column": null }
      },
      "30": {
        "start": { "line": 97, "column": 17 },
        "end": { "line": 97, "column": null }
      },
      "31": {
        "start": { "line": 98, "column": 4 },
        "end": { "line": 98, "column": null }
      },
      "32": {
        "start": { "line": 98, "column": 15 },
        "end": { "line": 98, "column": null }
      },
      "33": {
        "start": { "line": 99, "column": 4 },
        "end": { "line": 99, "column": null }
      },
      "34": {
        "start": { "line": 100, "column": 4 },
        "end": { "line": 100, "column": null }
      },
      "35": {
        "start": { "line": 102, "column": 2 },
        "end": { "line": 102, "column": null }
      },
      "36": {
        "start": { "line": 104, "column": 2 },
        "end": { "line": 112, "column": null }
      },
      "37": {
        "start": { "line": 104, "column": 15 },
        "end": { "line": 104, "column": 32 }
      },
      "38": {
        "start": { "line": 105, "column": 19 },
        "end": { "line": 105, "column": null }
      },
      "39": {
        "start": { "line": 106, "column": 16 },
        "end": { "line": 106, "column": null }
      },
      "40": {
        "start": { "line": 107, "column": 18 },
        "end": { "line": 107, "column": null }
      },
      "41": {
        "start": { "line": 108, "column": 4 },
        "end": { "line": 108, "column": null }
      },
      "42": {
        "start": { "line": 108, "column": 16 },
        "end": { "line": 108, "column": null }
      },
      "43": {
        "start": { "line": 109, "column": 4 },
        "end": { "line": 109, "column": null }
      },
      "44": {
        "start": { "line": 109, "column": 34 },
        "end": { "line": 109, "column": null }
      },
      "45": {
        "start": { "line": 110, "column": 4 },
        "end": { "line": 110, "column": null }
      },
      "46": {
        "start": { "line": 110, "column": 33 },
        "end": { "line": 110, "column": null }
      },
      "47": {
        "start": { "line": 111, "column": 4 },
        "end": { "line": 111, "column": null }
      },
      "48": {
        "start": { "line": 195, "column": 2 },
        "end": { "line": 195, "column": null }
      },
      "49": {
        "start": { "line": 204, "column": 15 },
        "end": { "line": 204, "column": null }
      },
      "50": {
        "start": { "line": 205, "column": 2 },
        "end": { "line": 205, "column": null }
      },
      "51": {
        "start": { "line": 205, "column": 43 },
        "end": { "line": 205, "column": null }
      },
      "52": {
        "start": { "line": 206, "column": 2 },
        "end": { "line": 206, "column": null }
      },
      "53": {
        "start": { "line": 207, "column": 2 },
        "end": { "line": 207, "column": null }
      },
      "54": {
        "start": { "line": 209, "column": 19 },
        "end": { "line": 209, "column": null }
      },
      "55": {
        "start": { "line": 210, "column": 2 },
        "end": { "line": 210, "column": null }
      },
      "56": {
        "start": { "line": 210, "column": 17 },
        "end": { "line": 210, "column": null }
      },
      "57": {
        "start": { "line": 212, "column": 2 },
        "end": { "line": 218, "column": null }
      },
      "58": {
        "start": { "line": 213, "column": 18 },
        "end": { "line": 213, "column": null }
      },
      "59": {
        "start": { "line": 214, "column": 4 },
        "end": { "line": 216, "column": null }
      },
      "60": {
        "start": { "line": 215, "column": 6 },
        "end": { "line": 215, "column": null }
      },
      "61": {
        "start": { "line": 217, "column": 4 },
        "end": { "line": 217, "column": null }
      },
      "62": {
        "start": { "line": 220, "column": 2 },
        "end": { "line": 225, "column": null }
      },
      "63": {
        "start": { "line": 221, "column": 18 },
        "end": { "line": 221, "column": null }
      },
      "64": {
        "start": { "line": 222, "column": 4 },
        "end": { "line": 224, "column": null }
      },
      "65": {
        "start": { "line": 222, "column": 17 },
        "end": { "line": 222, "column": 20 }
      },
      "66": {
        "start": { "line": 223, "column": 6 },
        "end": { "line": 223, "column": null }
      },
      "67": {
        "start": { "line": 234, "column": 15 },
        "end": { "line": 234, "column": null }
      },
      "68": {
        "start": { "line": 235, "column": 2 },
        "end": { "line": 235, "column": null }
      },
      "69": {
        "start": { "line": 235, "column": 43 },
        "end": { "line": 235, "column": null }
      },
      "70": {
        "start": { "line": 236, "column": 2 },
        "end": { "line": 236, "column": null }
      },
      "71": {
        "start": { "line": 237, "column": 2 },
        "end": { "line": 237, "column": null }
      },
      "72": {
        "start": { "line": 239, "column": 19 },
        "end": { "line": 239, "column": null }
      },
      "73": {
        "start": { "line": 240, "column": 2 },
        "end": { "line": 240, "column": null }
      },
      "74": {
        "start": { "line": 240, "column": 17 },
        "end": { "line": 240, "column": null }
      },
      "75": {
        "start": { "line": 242, "column": 2 },
        "end": { "line": 248, "column": null }
      },
      "76": {
        "start": { "line": 243, "column": 18 },
        "end": { "line": 243, "column": null }
      },
      "77": {
        "start": { "line": 244, "column": 4 },
        "end": { "line": 246, "column": null }
      },
      "78": {
        "start": { "line": 245, "column": 6 },
        "end": { "line": 245, "column": null }
      },
      "79": {
        "start": { "line": 247, "column": 4 },
        "end": { "line": 247, "column": null }
      },
      "80": {
        "start": { "line": 250, "column": 2 },
        "end": { "line": 255, "column": null }
      },
      "81": {
        "start": { "line": 251, "column": 18 },
        "end": { "line": 251, "column": null }
      },
      "82": {
        "start": { "line": 252, "column": 4 },
        "end": { "line": 254, "column": null }
      },
      "83": {
        "start": { "line": 252, "column": 17 },
        "end": { "line": 252, "column": 20 }
      },
      "84": {
        "start": { "line": 253, "column": 6 },
        "end": { "line": 253, "column": null }
      },
      "85": {
        "start": { "line": 262, "column": 2 },
        "end": { "line": 262, "column": null }
      },
      "86": {
        "start": { "line": 263, "column": 2 },
        "end": { "line": 263, "column": null }
      },
      "87": {
        "start": { "line": 267, "column": 2 },
        "end": { "line": 267, "column": null }
      },
      "88": {
        "start": { "line": 267, "column": 51 },
        "end": { "line": 267, "column": null }
      },
      "89": {
        "start": { "line": 268, "column": 2 },
        "end": { "line": 268, "column": null }
      },
      "90": {
        "start": { "line": 275, "column": 19 },
        "end": { "line": 275, "column": null }
      },
      "91": {
        "start": { "line": 276, "column": 2 },
        "end": { "line": 276, "column": null }
      },
      "92": {
        "start": { "line": 276, "column": 33 },
        "end": { "line": 276, "column": null }
      },
      "93": {
        "start": { "line": 277, "column": 2 },
        "end": { "line": 278, "column": null }
      },
      "94": {
        "start": { "line": 278, "column": 4 },
        "end": { "line": 278, "column": null }
      },
      "95": {
        "start": { "line": 279, "column": 2 },
        "end": { "line": 280, "column": null }
      },
      "96": {
        "start": { "line": 280, "column": 4 },
        "end": { "line": 280, "column": null }
      },
      "97": {
        "start": { "line": 281, "column": 2 },
        "end": { "line": 281, "column": null }
      },
      "98": {
        "start": { "line": 281, "column": 25 },
        "end": { "line": 281, "column": null }
      },
      "99": {
        "start": { "line": 282, "column": 2 },
        "end": { "line": 282, "column": null }
      },
      "100": {
        "start": { "line": 289, "column": 2 },
        "end": { "line": 325, "column": null }
      },
      "101": {
        "start": { "line": 290, "column": 18 },
        "end": { "line": 290, "column": null }
      },
      "102": {
        "start": { "line": 291, "column": 19 },
        "end": { "line": 291, "column": null }
      },
      "103": {
        "start": { "line": 292, "column": 4 },
        "end": { "line": 292, "column": null }
      },
      "104": {
        "start": { "line": 292, "column": 16 },
        "end": { "line": 292, "column": null }
      },
      "105": {
        "start": { "line": 294, "column": 17 },
        "end": { "line": 296, "column": null }
      },
      "106": {
        "start": { "line": 298, "column": 4 },
        "end": { "line": 301, "column": null }
      },
      "107": {
        "start": { "line": 299, "column": 6 },
        "end": { "line": 299, "column": null }
      },
      "108": {
        "start": { "line": 300, "column": 6 },
        "end": { "line": 300, "column": null }
      },
      "109": {
        "start": { "line": 304, "column": 6 },
        "end": { "line": 306, "column": null }
      },
      "110": {
        "start": { "line": 307, "column": 4 },
        "end": { "line": 307, "column": null }
      },
      "111": {
        "start": { "line": 309, "column": 4 },
        "end": { "line": 318, "column": null }
      },
      "112": {
        "start": { "line": 310, "column": 6 },
        "end": { "line": 312, "column": null }
      },
      "113": {
        "start": { "line": 311, "column": 9 },
        "end": { "line": 311, "column": null }
      },
      "114": {
        "start": { "line": 314, "column": 6 },
        "end": { "line": 317, "column": null }
      },
      "115": {
        "start": { "line": 315, "column": 21 },
        "end": { "line": 315, "column": null }
      },
      "116": {
        "start": { "line": 316, "column": 8 },
        "end": { "line": 316, "column": null }
      },
      "117": {
        "start": { "line": 316, "column": 19 },
        "end": { "line": 316, "column": null }
      },
      "118": {
        "start": { "line": 320, "column": 4 },
        "end": { "line": 320, "column": null }
      },
      "119": {
        "start": { "line": 321, "column": 4 },
        "end": { "line": 321, "column": null }
      },
      "120": {
        "start": { "line": 322, "column": 10 },
        "end": { "line": 322, "column": null }
      },
      "121": {
        "start": { "line": 323, "column": 4 },
        "end": { "line": 323, "column": null }
      },
      "122": {
        "start": { "line": 324, "column": 4 },
        "end": { "line": 324, "column": null }
      },
      "123": {
        "start": { "line": 332, "column": 2 },
        "end": { "line": 377, "column": null }
      },
      "124": {
        "start": { "line": 333, "column": 18 },
        "end": { "line": 333, "column": null }
      },
      "125": {
        "start": { "line": 334, "column": 19 },
        "end": { "line": 334, "column": null }
      },
      "126": {
        "start": { "line": 335, "column": 4 },
        "end": { "line": 335, "column": null }
      },
      "127": {
        "start": { "line": 335, "column": 16 },
        "end": { "line": 335, "column": null }
      },
      "128": {
        "start": { "line": 337, "column": 17 },
        "end": { "line": 339, "column": null }
      },
      "129": {
        "start": { "line": 341, "column": 4 },
        "end": { "line": 349, "column": null }
      },
      "130": {
        "start": { "line": 347, "column": 6 },
        "end": { "line": 347, "column": null }
      },
      "131": {
        "start": { "line": 348, "column": 6 },
        "end": { "line": 348, "column": null }
      },
      "132": {
        "start": { "line": 352, "column": 6 },
        "end": { "line": 354, "column": null }
      },
      "133": {
        "start": { "line": 355, "column": 4 },
        "end": { "line": 355, "column": null }
      },
      "134": {
        "start": { "line": 357, "column": 4 },
        "end": { "line": 370, "column": null }
      },
      "135": {
        "start": { "line": 362, "column": 6 },
        "end": { "line": 364, "column": null }
      },
      "136": {
        "start": { "line": 362, "column": 19 },
        "end": { "line": 362, "column": 22 }
      },
      "137": {
        "start": { "line": 363, "column": 8 },
[...]
          {
            "start": { "line": 186, "column": 6 },
            "end": { "line": 193, "column": null }
          },
          { "start": {}, "end": {} }
        ],
        "line": 186
      },
      "20": {
        "loc": {
          "start": { "line": 187, "column": 8 },
          "end": { "line": 188, "column": null }
        },
        "type": "if",
        "locations": [
          {
            "start": { "line": 187, "column": 8 },
            "end": { "line": 188, "column": null }
          },
          { "start": {}, "end": {} }
        ],
        "line": 187
      },
      "21": {
        "loc": {
          "start": { "line": 190, "column": 10 },
          "end": { "line": 191, "column": null }
        },
        "type": "binary-expr",
        "locations": [
          {
            "start": { "line": 190, "column": 10 },
            "end": { "line": 190, "column": null }
          },
          {
            "start": { "line": 191, "column": 11 },
            "end": { "line": 191, "column": null }
          }
        ],
        "line": 190
      },
      "22": {
        "loc": {
          "start": { "line": 202, "column": 6 },
          "end": { "line": 241, "column": null }
        },
        "type": "if",
        "locations": [
          {
            "start": { "line": 202, "column": 6 },
            "end": { "line": 241, "column": null }
          },
          { "start": {}, "end": {} }
        ],
        "line": 202
      },
      "23": {
        "loc": {
          "start": { "line": 203, "column": 8 },
          "end": { "line": 210, "column": null }
        },
        "type": "if",
        "locations": [
          {
            "start": { "line": 203, "column": 8 },
            "end": { "line": 210, "column": null }
          },
          { "start": {}, "end": {} }
        ],
        "line": 203
      },
      "24": {
        "loc": {
          "start": { "line": 205, "column": 10 },
          "end": { "line": 207, "column": null }
        },
        "type": "if",
        "locations": [
          {
            "start": { "line": 205, "column": 10 },
            "end": { "line": 207, "column": null }
          },
          { "start": {}, "end": {} }
        ],
        "line": 205
      },
      "25": {
        "loc": {
          "start": { "line": 205, "column": 14 },
          "end": { "line": 205, "column": 53 }
        },
        "type": "binary-expr",
        "locations": [
          {
            "start": { "line": 205, "column": 14 },
            "end": { "line": 205, "column": 27 }
          },
          {
            "start": { "line": 205, "column": 27 },
            "end": { "line": 205, "column": 53 }
          }
        ],
        "line": 205
      },
      "26": {
        "loc": {
          "start": { "line": 216, "column": 8 },
          "end": { "line": 217, "column": null }
        },
        "type": "if",
        "locations": [
          {
            "start": { "line": 216, "column": 8 },
            "end": { "line": 217, "column": null }
          },
          { "start": {}, "end": {} }
        ],
        "line": 216
      },
      "27": {
        "loc": {
          "start": { "line": 219, "column": 8 },
          "end": { "line": 228, "column": null }
        },
        "type": "if",
        "locations": [
          {
            "start": { "line": 219, "column": 8 },
            "end": { "line": 228, "column": null }
          },
          { "start": {}, "end": {} }
        ],
        "line": 219
      },
      "28": {
        "loc": {
          "start": { "line": 220, "column": 10 },
          "end": { "line": 221, "column": null }
        },
        "type": "if",
        "locations": [
          {
            "start": { "line": 220, "column": 10 },
            "end": { "line": 221, "column": null }
          },
          { "start": {}, "end": {} }
        ],
        "line": 220
      },
      "29": {
        "loc": {
          "start": { "line": 220, "column": 14 },
          "end": { "line": 220, "column": null }
        },
        "type": "binary-expr",
        "locations": [
          {
            "start": { "line": 220, "column": 14 },
            "end": { "line": 220, "column": 42 }
          },
          {
            "start": { "line": 220, "column": 42 },
            "end": { "line": 220, "column": null }
          }
        ],
        "line": 220
      },
      "30": {
        "loc": {
          "start": { "line": 230, "column": 8 },
          "end": { "line": 238, "column": null }
        },
        "type": "if",
        "locations": [
          {
            "start": { "line": 230, "column": 8 },
            "end": { "line": 238, "column": null }
          },
          { "start": {}, "end": {} }
        ],
        "line": 230
      },
      "31": {
        "loc": {
          "start": { "line": 231, "column": 10 },
          "end": { "line": 232, "column": null }
        },
        "type": "if",
        "locations": [
          {
            "start": { "line": 231, "column": 10 },
            "end": { "line": 232, "column": null }
          },
          { "start": {}, "end": {} }
        ],
        "line": 231
      },
      "32": {
        "loc": {
          "start": { "line": 243, "column": 6 },
          "end": { "line": 252, "column": null }
        },
        "type": "if",
        "locations": [
          {
            "start": { "line": 243, "column": 6 },
            "end": { "line": 252, "column": null }
          },
          { "start": {}, "end": {} }
        ],
        "line": 243
      },
      "33": {
        "loc": {
          "start": { "line": 246, "column": 8 },
          "end": { "line": 247, "column": null }
        },
        "type": "if",
        "locations": [
          {
            "start": { "line": 246, "column": 8 },
            "end": { "line": 247, "column": null }
          },
          { "start": {}, "end": {} }
        ],
        "line": 246
      },
      "34": {
        "loc": {
          "start": { "line": 246, "column": 12 },
          "end": { "line": 246, "column": null }
        },
        "type": "binary-expr",
        "locations": [
          {
            "start": { "line": 246, "column": 12 },
            "end": { "line": 246, "column": 30 }
          },
          {
            "start": { "line": 246, "column": 30 },
            "end": { "line": 246, "column": null }
          }
        ],
        "line": 246
      },
      "35": {
        "loc": {
          "start": { "line": 254, "column": 6 },
          "end": { "line": 261, "column": null }
        },
        "type": "if",
        "locations": [
          {
            "start": { "line": 254, "column": 6 },
            "end": { "line": 261, "column": null }
          },
          { "start": {}, "end": {} }
        ],
        "line": 254
      },
      "36": {
        "loc": {
          "start": { "line": 257, "column": 8 },
          "end": { "line": 258, "column": null }
        },
        "type": "if",
        "locations": [
          {
            "start": { "line": 257, "column": 8 },
            "end": { "line": 258, "column": null }
          },
          { "start": {}, "end": {} }
        ],
        "line": 257
      },
      "37": {
        "loc": {
          "start": { "line": 257, "column": 12 },
          "end": { "line": 257, "column": null }
        },
        "type": "binary-expr",
        "locations": [
          {
            "start": { "line": 257, "column": 12 },
            "end": { "line": 257, "column": 30 }
          },
          {
            "start": { "line": 257, "column": 30 },
            "end": { "line": 257, "column": null }
          }
        ],
        "line": 257
      },
      "38": {
        "loc": {
          "start": { "line": 270, "column": 2 },
          "end": { "line": 279, "column": null }
        },
        "type": "if",
        "locations": [
          {
            "start": { "line": 270, "column": 2 },
            "end": { "line": 279, "column": null }
          },
          { "start": {}, "end": {} }
        ],
        "line": 270
      },
      "39": {
        "loc": {
          "start": { "line": 278, "column": 4 },
          "end": { "line": 278, "column": null }
        },
        "type": "if",
        "locations": [
          {
            "start": { "line": 278, "column": 4 },
            "end": { "line": 278, "column": null }
          },
          { "start": {}, "end": {} }
        ],
        "line": 278
      },
      "40": {
        "loc": {
          "start": { "line": 278, "column": 8 },
          "end": { "line": 278, "column": 47 }
        },
        "type": "binary-expr",
        "locations": [
          {
            "start": { "line": 278, "column": 8 },
            "end": { "line": 278, "column": 21 }
          },
          {
            "start": { "line": 278, "column": 21 },
            "end": { "line": 278, "column": 47 }
          }
        ],
        "line": 278
      }
    },
    "s": {
      "0": 8656,
      "1": 4171,
      "2": 4171,
      "3": 4171,
      "4": 4171,
      "5": 4171,
      "6": 0,
      "7": 4171,
      "8": 3054,
      "9": 3054,
      "10": 3054,
      "11": 1562,
      "12": 1562,
      "13": 54,
      "14": 54,
      "15": 1508,
      "16": 0,
      "17": 0,
      "18": 1508,
      "19": 1508,
      "20": 3054,
      "21": 31,
      "22": 0,
      "23": 31,
      "24": 0,
      "25": 31,
      "26": 31,
      "27": 2089,
      "28": 2290,
      "29": 2290,
      "30": 1012,
      "31": 1012,
      "32": 1278,
      "33": 31,
      "34": 31,
      "35": 31,
      "36": 31,
      "37": 31,
      "38": 31,
      "39": 1278,
      "40": 1278,
      "41": 643,
      "42": 643,
      "43": 635,
      "44": 489,
      "45": 489,
      "46": 146,
      "47": 146,
      "48": 146,
      "49": 1104,
      "50": 1104,
      "51": 146,
      "52": 31,
      "53": 2672,
      "54": 2672,
      "55": 1,
      "56": 2671,
      "57": 4589,
      "58": 4589,
      "59": 618,
      "60": 618,
      "61": 0,
      "62": 618,
      "63": 518,
      "64": 0,
      "65": 518,
      "66": 518,
      "67": 100,
      "68": 100,
      "69": 0,
      "70": 100,
      "71": 100,
      "72": 0,
      "73": 4589,
      "74": 2671,
      "75": 5366,
      "76": 5366,
      "77": 3247,
      "78": 777,
      "79": 777,
      "80": 0,
      "81": 777,
      "82": 777,
      "83": 2470,
      "84": 2470,
      "85": 2470,
      "86": 2470,
      "87": 2470,
      "88": 0,
      "89": 2470,
      "90": 2078,
      "91": 0,
      "92": 2078,
      "93": 2078,
      "94": 392,
      "95": 392,
      "96": 0,
      "97": 392,
      "98": 392,
      "99": 0,
      "100": 2119,
      "101": 1680,
      "102": 1680,
      "103": 1680,
      "104": 0,
      "105": 1680,
      "106": 1680,
      "107": 439,
      "108": 439,
      "109": 439,
      "110": 439,
      "111": 0,
      "112": 439,
      "113": 439,
      "114": 0,
      "115": 0,
      "116": 0,
      "117": 2671,
      "118": 0,
      "119": 0,
      "120": 0,
      "121": 0,
      "122": 0,
      "123": 42,
      "124": 2608
    },
    "f": {
      "0": 8656,
      "1": 4171,
      "2": 4171,
      "3": 3054,
      "4": 31,
      "5": 31,
      "6": 2672,
      "7": 4589,
      "8": 42
    },
    "b": {
      "0": [4171, 0],
      "1": [4171, 4171],
      "2": [4171, 0],
      "3": [54, 1508],
      "4": [0, 1508],
      "5": [0, 31],
      "6": [0, 31],
      "7": [1012, 1278],
      "8": [2290, 2259, 1634, 1527],
      "9": [643, 635],
      "10": [489, 146],
      "11": [1, 2671],
      "12": [0, 618],
      "13": [518, 100],
      "14": [0, 518],
      "15": [518, 0],
      "16": [518, 0],
      "17": [518, 0],
      "18": [518, 0],
      "19": [100, 0],
      "20": [0, 100],
      "21": [100, 0],
      "22": [3247, 2119],
      "23": [777, 2470],
      "24": [0, 777],
      "25": [777, 777],
      "26": [0, 2470],
      "27": [2078, 392],
      "28": [0, 2078],
      "29": [2078, 1],
      "30": [392, 0],
      "31": [0, 392],
      "32": [1680, 439],
      "33": [0, 1680],
      "34": [1680, 1680],
      "35": [439, 0],
      "36": [0, 439],
      "37": [439, 439],
      "38": [0, 2671],
      "39": [0, 0],
      "40": [0, 0]
    },
    "meta": {
      "lastBranch": 41,
      "lastFunction": 9,
      "lastStatement": 125,
      "seen": {
        "f:54:9:54:21": 0,
        "s:55:2:55:Infinity": 0,
        "f:58:9:58:25": 1,
        "s:59:21:59:Infinity": 1,
        "b:60:2:65:Infinity:undefined:undefined:undefined:undefined": 0,
        "s:60:2:65:Infinity": 2,
        "b:60:6:60:39:60:39:60:59": 1,
        "s:61:24:61:Infinity": 3,
        "b:62:4:64:Infinity:undefined:undefined:undefined:undefined": 2,
        "s:62:4:64:Infinity": 4,
        "s:63:6:63:Infinity": 5,
        "s:66:2:66:Infinity": 6,
        "f:69:16:69:Infinity": 2,
        "s:74:2:74:Infinity": 7,
        "f:77:9:77:17": 3,
        "s:78:12:78:Infinity": 8,
        "s:79:2:91:Infinity": 9,
        "s:79:15:79:18": 10,
        "s:80:16:80:Infinity": 11,
        "b:81:4:84:Infinity:undefined:undefined:undefined:undefined": 3,
        "s:81:4:84:Infinity": 12,
        "s:82:6:82:Infinity": 13,
        "s:83:6:83:Infinity": 14,
        "b:85:4:88:Infinity:undefined:undefined:undefined:undefined": 4,
        "s:85:4:88:Infinity": 15,
        "s:86:6:86:Infinity": 16,
        "s:87:6:87:Infinity": 17,
        "s:89:20:89:Infinity": 18,
        "s:90:4:90:Infinity": 19,
        "s:92:2:92:Infinity": 20,
        "f:95:16:95:29": 4,
        "b:96:2:96:Infinity:undefined:undefined:undefined:undefined": 5,
        "s:96:2:96:Infinity": 21,
        "s:96:28:96:Infinity": 22,
        "b:97:2:97:Infinity:undefined:undefined:undefined:undefined": 6,
        "s:97:2:97:Infinity": 23,
        "s:97:28:97:Infinity": 24,
        "s:99:28:99:Infinity": 25,
        "s:100:2:114:Infinity": 26,
        "s:101:4:113:Infinity": 27,
        "s:102:19:102:Infinity": 28,
        "b:103:6:111:Infinity:undefined:undefined:undefined:undefined": 7,
        "s:103:6:111:Infinity": 29,
        "b:104:8:104:Infinity:105:8:105:Infinity:106:8:106:Infinity:107:8:107:Infinity": 8,
        "s:109:8:109:Infinity": 30,
        "s:110:8:110:Infinity": 31,
        "s:112:6:112:Infinity": 32,
        "s:116:16:116:Infinity": 33,
        "s:117:15:117:Infinity": 34,
        "s:118:2:118:Infinity": 35,
        "f:121:16:121:29": 5,
        "s:122:30:122:Infinity": 36,
        "s:123:2:151:Infinity": 37,
        "s:123:15:123:42": 38,
        "s:124:18:124:Infinity": 39,
        "b:125:4:133:Infinity:undefined:undefined:undefined:undefined": 9,
        "s:125:4:133:Infinity": 40,
        "s:126:6:131:Infinity": 41,
        "s:132:6:132:Infinity": 42,
        "b:134:4:144:Infinity:undefined:undefined:undefined:undefined": 10,
        "s:134:4:144:Infinity": 43,
        "s:135:6:142:Infinity": 44,
        "s:143:6:143:Infinity": 45,
        "s:145:21:145:Infinity": 46,
        "s:146:4:149:Infinity": 47,
        "s:146:24:146:27": 48,
        "s:147:23:147:Infinity": 49,
        "s:148:6:148:Infinity": 50,
        "s:150:4:150:Infinity": 51,
        "s:153:2:153:Infinity": 52,
        "f:156:16:156:Infinity": 6,
        "s:161:23:161:Infinity": 53,
        "b:162:2:162:Infinity:undefined:undefined:undefined:undefined": 11,
        "s:162:2:162:Infinity": 54,
        "s:162:21:162:Infinity": 55,
        "s:164:22:198:Infinity": 56,
        "f:164:22:164:Infinity": 7,
        "s:168:27:168:Infinity": 57,
        "s:169:4:196:Infinity": 58,
        "s:170:23:170:Infinity": 59,
        "b:171:6:172:Infinity:undefined:undefined:undefined:undefined": 12,
        "s:171:6:172:Infinity": 60,
        "s:172:8:172:Infinity": 61,
        "b:174:6:184:Infinity:undefined:undefined:undefined:undefined": 13,
        "s:174:6:184:Infinity": 62,
        "b:176:8:177:Infinity:undefined:undefined:undefined:undefined": 14,
        "s:176:8:177:Infinity": 63,
        "b:176:12:176:43:176:43:176:Infinity": 15,
        "s:177:10:177:Infinity": 64,
        "s:178:8:182:Infinity": 65,
        "b:179:11:181:Infinity:182:11:182:Infinity": 16,
        "b:180:15:180:Infinity:181:14:181:Infinity": 17,
        "b:180:15:180:47:180:47:180:Infinity": 18,
        "s:183:8:183:Infinity": 66,
        "b:186:6:193:Infinity:undefined:undefined:undefined:undefined": 19,
        "s:186:6:193:Infinity": 67,
        "b:187:8:188:Infinity:undefined:undefined:undefined:undefined": 20,
        "s:187:8:188:Infinity": 68,
        "s:188:10:188:Infinity": 69,
        "s:189:8:191:Infinity": 70,
        "b:190:10:190:Infinity:191:11:191:Infinity": 21,
        "s:192:8:192:Infinity": 71,
        "s:195:6:195:Infinity": 72,
        "s:197:4:197:Infinity": 73,
        "s:200:2:268:Infinity": 74,
        "s:201:4:267:Infinity": 75,
        "b:202:6:241:Infinity:undefined:undefined:undefined:undefined": 22,
        "s:202:6:241:Infinity": 76,
        "b:203:8:210:Infinity:undefined:undefined:undefined:undefined": 23,
        "s:203:8:210:Infinity": 77,
        "s:204:27:204:Infinity": 78,
        "b:205:10:207:Infinity:undefined:undefined:undefined:undefined": 24,
        "s:205:10:207:Infinity": 79,
        "b:205:14:205:27:205:27:205:53": 25,
        "s:206:12:206:Infinity": 80,
        "s:208:10:208:Infinity": 81,
        "s:209:10:209:Infinity": 82,
        "s:212:27:212:Infinity": 83,
        "s:213:21:213:Infinity": 84,
        "s:214:27:214:Infinity": 85,
        "s:215:31:215:Infinity": 86,
        "b:216:8:217:Infinity:undefined:undefined:undefined:undefined": 26,
        "s:216:8:217:Infinity": 87,
        "s:217:10:217:Infinity": 88,
        "b:219:8:228:Infinity:undefined:undefined:undefined:undefined": 27,
        "s:219:8:228:Infinity": 89,
        "b:220:10:221:Infinity:undefined:undefined:undefined:undefined": 28,
        "s:220:10:221:Infinity": 90,
        "b:220:14:220:42:220:42:220:Infinity": 29,
        "s:221:12:221:Infinity": 91,
        "s:223:10:226:Infinity": 92,
        "s:227:10:227:Infinity": 93,
        "b:230:8:238:Infinity:undefined:undefined:undefined:undefined": 30,
        "s:230:8:238:Infinity": 94,
        "b:231:10:232:Infinity:undefined:undefined:undefined:undefined": 31,
        "s:231:10:232:Infinity": 95,
        "s:232:12:232:Infinity": 96,
        "s:233:10:236:Infinity": 97,
        "s:237:10:237:Infinity": 98,
        "s:240:8:240:Infinity": 99,
        "b:243:6:252:Infinity:undefined:undefined:undefined:undefined": 32,
        "s:243:6:252:Infinity": 100,
        "s:244:26:244:Infinity": 101,
        "s:245:30:245:Infinity": 102,
        "b:246:8:247:Infinity:undefined:undefined:undefined:undefined": 33,
        "s:246:8:247:Infinity": 103,
        "b:246:12:246:30:246:30:246:Infinity": 34,
        "s:247:10:247:Infinity": 104,
        "s:248:8:250:Infinity": 105,
        "s:251:8:251:Infinity": 106,
        "b:254:6:261:Infinity:undefined:undefined:undefined:undefined": 35,
        "s:254:6:261:Infinity": 107,
        "s:255:26:255:Infinity": 108,
        "s:256:30:256:Infinity": 109,
        "b:257:8:258:Infinity:undefined:undefined:undefined:undefined": 36,
        "s:257:8:258:Infinity": 110,
        "b:257:12:257:30:257:30:257:Infinity": 37,
        "s:258:10:258:Infinity": 111,
        "s:259:8:259:Infinity": 112,
        "s:260:8:260:Infinity": 113,
        "s:263:6:263:Infinity": 114,
        "s:265:6:265:Infinity": 115,
        "s:266:6:266:Infinity": 116,
        "b:270:2:279:Infinity:undefined:undefined:undefined:undefined": 38,
        "s:270:2:279:Infinity": 117,
        "s:271:21:271:Infinity": 118,
        "s:273:6:274:Infinity": 119,
        "s:276:6:277:Infinity": 120,
        "b:278:4:278:Infinity:undefined:undefined:undefined:undefined": 39,
        "s:278:4:278:Infinity": 121,
        "b:278:8:278:21:278:21:278:47": 40,
        "s:278:47:278:Infinity": 122,
        "f:282:16:282:23": 8,
        "s:283:2:283:Infinity": 123,
        "s:283:32:283:Infinity": 124
      }
    }
  }
}
