TN:
SF:src/lib/container/bubbling.ts
FN:4,(anonymous_0)
FN:13,subscribeKeyedChild
FN:25,(anonymous_2)
FN:30,(anonymous_3)
FN:36,subscribeIndexedChild
FN:48,(anonymous_5)
FN:53,(anonymous_6)
FN:54,(anonymous_7)
FNF:8
FNH:7
FNDA:0,(anonymous_0)
FNDA:493,subscribeKeyedChild
FNDA:4215,(anonymous_2)
FNDA:1231,(anonymous_3)
FNDA:1733,subscribeIndexedChild
FNDA:347,(anonymous_5)
FNDA:247,(anonymous_6)
FNDA:248,(anonymous_7)
DA:4,7
DA:5,0
DA:21,493
DA:24,493
DA:25,4215
DA:29,493
DA:30,1231
DA:33,493
DA:44,1733
DA:47,1733
DA:48,347
DA:52,1733
DA:54,248
DA:55,247
DA:56,247
DA:60,1733
LF:16
LH:15
BRDA:24,0,0,492
BRDA:24,0,1,1
BRDA:24,1,0,493
BRDA:24,1,1,492
BRDA:29,2,0,492
BRDA:29,2,1,1
BRDA:29,3,0,493
BRDA:29,3,1,492
BRDA:47,4,0,1733
BRDA:47,4,1,0
BRDA:47,5,0,1733
BRDA:47,5,1,1733
BRDA:52,6,0,1733
BRDA:52,6,1,0
BRDA:52,7,0,1733
BRDA:52,7,1,1733
BRDA:55,8,0,0
BRDA:55,8,1,247
BRF:18
BRH:15
end_of_record
TN:
SF:src/lib/container/cache.ts
FN:7,readCachedByVersion
FNF:1
FNH:1
FNDA:12262,readCachedByVersion
DA:12,12262
DA:13,8456
DA:14,8456
DA:15,8456
DA:16,8456
DA:17,8456
LF:6
LH:6
BRDA:12,0,0,3806
BRDA:12,0,1,8456
BRDA:12,1,0,12262
BRDA:12,1,1,11800
BRF:4
BRH:4
end_of_record
TN:
SF:src/lib/core/commit.ts
FN:60,(anonymous_0)
FN:94,createDiffHelpers
FN:111,(anonymous_2)
FN:165,(anonymous_3)
FN:181,(anonymous_4)
FN:194,(anonymous_5)
FN:195,(anonymous_6)
FN:209,(anonymous_7)
FN:226,(anonymous_8)
FN:280,(anonymous_9)
FN:292,(anonymous_10)
FN:366,(anonymous_11)
FN:438,applyScopeCommitDiff
FN:462,applyArrayCommitDiff
FNF:14
FNH:14
FNDA:12,(anonymous_0)
FNDA:219,createDiffHelpers
FNDA:4,(anonymous_2)
FNDA:2,(anonymous_3)
FNDA:7,(anonymous_4)
FNDA:5,(anonymous_5)
FNDA:7,(anonymous_6)
FNDA:427,(anonymous_7)
FNDA:1,(anonymous_8)
FNDA:2,(anonymous_9)
FNDA:220,(anonymous_10)
FNDA:9,(anonymous_11)
FNDA:214,applyScopeCommitDiff
FNDA:5,applyArrayCommitDiff
DA:60,7
DA:61,12
DA:111,219
DA:120,4
DA:121,2
DA:122,2
DA:123,2
DA:127,2
DA:128,2
DA:129,2
DA:135,2
DA:138,2
DA:139,1
DA:140,1
DA:141,1
DA:142,1
DA:146,1
DA:147,1
DA:148,1
DA:154,1
DA:165,219
DA:171,2
DA:172,2
DA:173,2
DA:174,2
DA:176,2
DA:177,5
DA:178,5
DA:179,5
DA:181,2
DA:182,7
DA:184,2
DA:185,7
DA:187,2
DA:189,2
DA:194,5
DA:195,7
DA:197,2
DA:209,219
DA:217,427
DA:218,1
DA:219,1
DA:226,1
DA:230,426
DA:231,2
DA:232,2
DA:233,2
DA:234,2
DA:235,2
DA:241,2
DA:242,2
DA:243,2
DA:247,424
DA:248,0
DA:249,0
DA:250,0
DA:251,0
DA:252,0
DA:253,0
DA:254,0
DA:255,0
DA:259,424
DA:261,419
DA:262,416
DA:263,416
DA:269,416
DA:270,416
DA:273,3
DA:280,2
DA:292,219
DA:298,220
DA:299,220
DA:300,429
DA:301,1
DA:303,219
DA:304,427
DA:305,427
DA:306,427
DA:307,427
DA:309,427
DA:310,4
DA:311,4
DA:312,3
DA:313,3
DA:314,3
DA:320,3
DA:321,3
DA:322,3
DA:323,3
DA:324,3
DA:328,424
DA:329,3
DA:330,3
DA:331,3
DA:332,3
DA:333,3
DA:337,3
DA:338,3
DA:339,3
DA:340,3
DA:341,3
DA:345,421
DA:353,421
DA:355,218
DA:366,219
DA:372,9
DA:373,2
DA:376,7
DA:377,7
DA:378,8
DA:379,8
DA:380,8
DA:382,8
DA:383,2
DA:384,2
DA:385,1
DA:386,1
DA:387,1
DA:393,1
DA:394,1
DA:395,1
DA:396,1
DA:397,1
DA:401,7
DA:402,1
DA:403,1
DA:404,1
DA:405,1
DA:406,1
DA:410,1
DA:411,1
DA:412,1
DA:413,1
DA:414,1
DA:418,6
DA:422,6
DA:424,7
DA:427,219
DA:448,214
DA:449,214
DA:450,214
DA:451,214
DA:472,5
DA:473,5
DA:474,5
DA:475,5
LF:146
LH:138
BRDA:120,0,0,2
BRDA:120,0,1,2
BRDA:138,1,0,1
BRDA:138,1,1,1
BRDA:174,2,0,2
BRDA:174,2,1,0
BRDA:187,3,0,2
BRDA:187,3,1,0
BRDA:217,4,0,1
BRDA:217,4,1,426
BRDA:230,5,0,2
BRDA:230,5,1,424
BRDA:230,6,0,426
BRDA:230,6,1,5
BRDA:232,7,0,2
BRDA:232,7,1,0
BRDA:242,8,0,2
BRDA:242,8,1,0
BRDA:247,9,0,0
BRDA:247,9,1,424
BRDA:247,10,0,424
BRDA:247,10,1,0
BRDA:249,11,0,0
BRDA:249,11,1,0
BRDA:254,12,0,0
BRDA:254,12,1,0
BRDA:259,13,0,5
BRDA:259,13,1,419
BRDA:261,14,0,416
BRDA:261,14,1,3
BRDA:300,15,0,1
BRDA:300,15,1,428
BRDA:305,16,0,0
BRDA:305,16,1,427
BRDA:309,17,0,4
BRDA:309,17,1,423
BRDA:309,18,0,427
BRDA:309,18,1,6
BRDA:311,19,0,3
BRDA:311,19,1,1
BRDA:321,20,0,3
BRDA:321,20,1,0
BRDA:322,21,0,3
BRDA:322,21,1,0
BRDA:323,22,0,3
BRDA:323,22,1,3
BRDA:328,23,0,3
BRDA:328,23,1,421
BRDA:328,24,0,424
BRDA:328,24,1,3
BRDA:330,25,0,3
BRDA:330,25,1,0
BRDA:338,26,0,3
BRDA:338,26,1,0
BRDA:339,27,0,3
BRDA:339,27,1,0
BRDA:340,28,0,3
BRDA:340,28,1,1
BRDA:353,29,0,421
BRDA:353,29,1,215
BRDA:372,30,0,2
BRDA:372,30,1,7
BRDA:382,31,0,2
BRDA:382,31,1,6
BRDA:382,32,0,8
BRDA:382,32,1,3
BRDA:384,33,0,1
BRDA:384,33,1,1
BRDA:394,34,0,1
BRDA:394,34,1,0
BRDA:395,35,0,1
BRDA:395,35,1,0
BRDA:396,36,0,1
BRDA:396,36,1,1
BRDA:401,37,0,1
BRDA:401,37,1,6
BRDA:401,38,0,7
BRDA:401,38,1,1
BRDA:403,39,0,1
BRDA:403,39,1,0
BRDA:411,40,0,1
BRDA:411,40,1,0
BRDA:412,41,0,1
BRDA:412,41,1,0
BRDA:413,42,0,1
BRDA:413,42,1,1
BRDA:422,43,0,6
BRDA:422,43,1,6
BRF:88
BRH:67
end_of_record
TN:
SF:src/lib/core/derived.ts
FN:38,asObjectKey
FN:42,isIndexKey
FN:46,hasGet
FN:54,hasSubscribe
FN:62,getValueView
FN:77,(anonymous_5)
FN:111,createDerivedFromComputed
FN:116,(anonymous_7)
FN:118,(anonymous_8)
FN:120,(anonymous_9)
FN:123,(anonymous_10)
FN:130,(anonymous_11)
FN:154,derivedFromDeps
FN:158,(anonymous_13)
FN:164,(anonymous_14)
FN:165,(anonymous_15)
FN:178,(anonymous_16)
FN:183,(anonymous_17)
FN:191,(anonymous_18)
FN:194,(anonymous_19)
FN:195,(anonymous_20)
FN:202,(anonymous_21)
FN:209,(anonymous_22)
FN:214,(anonymous_23)
FN:219,(anonymous_24)
FN:225,(anonymous_25)
FN:246,derivedFromNode
FN:250,(anonymous_27)
FN:254,derivedFromCompute
FN:268,derived
FNF:30
FNH:28
FNDA:14,asObjectKey
FNDA:14,isIndexKey
FNDA:9,hasGet
FNDA:6,hasSubscribe
FNDA:11,getValueView
FNDA:14,(anonymous_5)
FNDA:4,createDerivedFromComputed
FNDA:4,(anonymous_7)
FNDA:0,(anonymous_8)
FNDA:1,(anonymous_9)
FNDA:3,(anonymous_10)
FNDA:1,(anonymous_11)
FNDA:6,derivedFromDeps
FNDA:6,(anonymous_13)
FNDA:12,(anonymous_14)
FNDA:12,(anonymous_15)
FNDA:8,(anonymous_16)
FNDA:1,(anonymous_17)
FNDA:2,(anonymous_18)
FNDA:2,(anonymous_19)
FNDA:1,(anonymous_20)
FNDA:2,(anonymous_21)
FNDA:6,(anonymous_22)
FNDA:0,(anonymous_23)
FNDA:2,(anonymous_24)
FNDA:2,(anonymous_25)
FNDA:2,derivedFromNode
FNDA:4,(anonymous_27)
FNDA:2,derivedFromCompute
FNDA:10,derived
DA:36,4
DA:39,14
DA:43,14
DA:47,9
DA:55,6
DA:63,11
DA:64,11
DA:65,11
DA:67,11
DA:68,11
DA:69,0
DA:72,11
DA:73,11
DA:74,11
DA:76,4
DA:78,14
DA:79,14
DA:81,14
DA:82,0
DA:83,0
DA:86,14
DA:91,0
DA:92,0
DA:95,14
DA:96,14
DA:97,14
DA:98,7
DA:100,7
DA:101,7
DA:103,0
DA:107,4
DA:108,4
DA:112,4
DA:114,4
DA:116,4
DA:118,0
DA:120,4
DA:121,1
DA:122,1
DA:123,1
DA:124,3
DA:125,3
DA:126,2
DA:127,2
DA:130,1
DA:131,1
DA:132,1
DA:133,1
DA:134,1
DA:139,4
DA:141,4
DA:142,4
DA:149,4
DA:151,4
DA:158,6
DA:159,6
DA:160,1
DA:161,5
DA:164,6
DA:165,12
DA:166,12
DA:167,12
DA:168,9
DA:169,0
DA:172,6
DA:174,6
DA:175,6
DA:176,6
DA:178,6
DA:179,8
DA:180,6
DA:183,6
DA:184,1
DA:185,1
DA:186,1
DA:187,1
DA:188,1
DA:191,6
DA:192,2
DA:193,2
DA:194,2
DA:195,2
DA:196,1
DA:198,2
DA:202,6
DA:203,2
DA:204,2
DA:205,2
DA:206,2
DA:209,6
DA:210,6
DA:211,6
DA:214,6
DA:215,0
DA:216,0
DA:219,6
DA:220,2
DA:221,2
DA:222,2
DA:223,2
DA:225,2
DA:226,2
DA:227,2
DA:231,6
DA:233,6
DA:234,6
DA:241,6
DA:243,6
DA:250,4
DA:251,2
DA:255,2
DA:256,2
DA:272,10
DA:273,6
DA:274,0
DA:275,6
DA:281,4
DA:282,2
DA:285,2
DA:286,0
DA:289,2
LF:121
LH:109
BRDA:39,0,0,14
BRDA:39,0,1,0
BRDA:43,1,0,14
BRDA:43,1,1,14
BRDA:48,2,0,9
BRDA:48,2,1,9
BRDA:48,2,2,9
BRDA:56,3,0,6
BRDA:56,3,1,6
BRDA:56,3,2,6
BRDA:63,4,0,0
BRDA:63,4,1,11
BRDA:63,5,0,11
BRDA:63,5,1,11
BRDA:65,6,0,0
BRDA:65,6,1,11
BRDA:65,7,0,11
BRDA:65,7,1,0
BRDA:68,8,0,0
BRDA:68,8,1,11
BRDA:68,9,0,11
BRDA:68,9,1,11
BRDA:74,10,0,7
BRDA:74,10,1,4
BRDA:78,11,0,0
BRDA:78,11,1,14
BRDA:79,12,0,0
BRDA:79,12,1,14
BRDA:81,13,0,0
BRDA:81,13,1,14
BRDA:86,14,0,0
BRDA:86,14,1,14
BRDA:87,15,0,14
BRDA:87,15,1,14
BRDA:87,15,2,0
BRDA:97,16,0,7
BRDA:97,16,1,7
BRDA:97,17,0,14
BRDA:97,17,1,7
BRDA:100,18,0,7
BRDA:100,18,1,0
BRDA:100,19,0,7
BRDA:100,19,1,0
BRDA:122,20,0,1
BRDA:122,20,1,0
BRDA:125,21,0,1
BRDA:125,21,1,2
BRDA:132,22,0,1
BRDA:132,22,1,0
BRDA:159,23,0,1
BRDA:159,23,1,5
BRDA:167,24,0,3
BRDA:167,24,1,9
BRDA:168,25,0,9
BRDA:168,25,1,0
BRDA:179,26,0,2
BRDA:179,26,1,6
BRDA:185,27,0,0
BRDA:185,27,1,1
BRDA:192,28,0,0
BRDA:192,28,1,2
BRDA:198,29,0,2
BRDA:198,29,1,0
BRDA:203,30,0,0
BRDA:203,30,1,2
BRDA:221,31,0,2
BRDA:221,31,1,0
BRDA:227,32,0,2
BRDA:227,32,1,0
BRDA:272,33,0,6
BRDA:272,33,1,4
BRDA:273,34,0,0
BRDA:273,34,1,6
BRDA:281,35,0,2
BRDA:281,35,1,2
BRDA:281,36,0,4
BRDA:281,36,1,2
BRDA:285,37,0,0
BRDA:285,37,1,2
BRF:79
BRH:56
end_of_record
TN:
SF:src/lib/core/dirty-indices.ts
FN:9,createDirtyIndexState
FN:17,resetDirtyIndices
FN:30,clearDirtyIndices
FN:40,markDirtyIndex
FNF:4
FNH:4
FNDA:97,createDirtyIndexState
FNDA:2395,resetDirtyIndices
FNDA:4339,clearDirtyIndices
FNDA:996,markDirtyIndex
DA:7,9
DA:10,97
DA:21,2395
DA:22,2069
DA:24,326
DA:26,2395
DA:27,2395
DA:31,4339
DA:32,741
DA:33,741
DA:34,741
DA:35,0
DA:36,0
DA:45,996
DA:46,996
DA:47,996
DA:48,748
DA:49,748
LF:18
LH:16
BRDA:21,0,0,2069
BRDA:21,0,1,326
BRDA:31,1,0,3598
BRDA:31,1,1,741
BRDA:34,2,0,0
BRDA:34,2,1,741
BRDA:45,3,0,996
BRDA:45,3,1,0
BRDA:46,4,0,0
BRDA:46,4,1,996
BRDA:46,5,0,996
BRDA:46,5,1,996
BRDA:47,6,0,248
BRDA:47,6,1,748
BRF:14
BRH:11
end_of_record
TN:
SF:src/lib/core/io-tree.ts
FN:44,getInternal
FN:49,(anonymous_1)
FN:54,(anonymous_2)
FN:61,registerSubtree
FN:65,unregisterSubtree
FN:69,rebuildSubtreeMapping
FN:77,(anonymous_6)
FN:81,(anonymous_7)
FN:139,ioTree
FNF:9
FNH:9
FNDA:404,getInternal
FNDA:54613,(anonymous_1)
FNDA:51215,(anonymous_2)
FNDA:1891,registerSubtree
FNDA:1333,unregisterSubtree
FNDA:3239,rebuildSubtreeMapping
FNDA:4992,(anonymous_6)
FNDA:20324,(anonymous_7)
FNDA:151,ioTree
DA:45,404
DA:48,6
DA:50,54613
DA:51,54613
DA:52,3398
DA:55,51215
DA:56,51215
DA:57,6480
DA:62,1891
DA:66,1333
DA:73,3239
DA:76,6
DA:77,4992
DA:80,6
DA:81,20324
DA:84,6
DA:99,6
DA:104,6
DA:140,151
DA:141,151
LF:20
LH:20
BRDA:51,0,0,51215
BRDA:51,0,1,3398
BRDA:56,1,0,44735
BRDA:56,1,1,6480
BRF:4
BRH:4
end_of_record
TN:
SF:src/lib/core/io.ts
FN:35,io
FNF:1
FNH:1
FNDA:186,io
DA:36,186
DA:37,8
DA:38,2
DA:39,6
DA:40,6
DA:41,1
DA:44,178
DA:45,178
DA:46,128
DA:47,63
DA:48,65
DA:49,1
DA:53,64
LF:13
LH:13
BRDA:36,0,0,8
BRDA:36,0,1,178
BRDA:37,1,0,2
BRDA:37,1,1,6
BRDA:39,2,0,5
BRDA:39,2,1,1
BRDA:44,3,0,50
BRDA:44,3,1,128
BRDA:46,4,0,63
BRDA:46,4,1,65
BRDA:48,5,0,1
BRDA:48,5,1,64
BRDA:48,6,0,65
BRDA:48,6,1,64
BRF:14
BRH:14
end_of_record
TN:
SF:src/lib/core/node-factory.ts
FN:24,createNodeFactory
FN:33,(anonymous_1)
FN:44,(anonymous_2)
FN:57,(anonymous_3)
FN:74,(anonymous_4)
FN:101,(anonymous_5)
FNF:6
FNH:6
FNDA:6,createNodeFactory
FNDA:449,(anonymous_1)
FNDA:1882,(anonymous_2)
FNDA:401,(anonymous_3)
FNDA:84,(anonymous_4)
FNDA:2379,(anonymous_5)
DA:33,6
DA:34,449
DA:35,0
DA:36,0
DA:38,449
DA:44,6
DA:49,1882
DA:50,1882
DA:51,1882
DA:57,6
DA:60,401
DA:74,6
DA:77,84
DA:101,6
DA:106,2379
DA:107,11
DA:108,11
DA:109,11
DA:110,0
DA:112,11
DA:113,3
DA:114,3
DA:115,3
DA:116,3
DA:117,1
DA:119,1
DA:124,1
DA:125,1
DA:126,1
DA:131,2
DA:132,0
DA:134,2
DA:136,2
DA:139,8
DA:140,8
DA:143,2368
DA:144,15
DA:146,2353
DA:147,486
DA:148,486
DA:149,1
DA:150,1
DA:151,0
DA:155,1
DA:156,1
DA:159,2352
DA:160,2268
DA:161,401
DA:162,1867
DA:163,0
DA:167,1867
DA:170,6
LF:52
LH:46
BRDA:34,0,0,0
BRDA:34,0,1,449
BRDA:106,1,0,11
BRDA:106,1,1,2368
BRDA:109,2,0,0
BRDA:109,2,1,11
BRDA:112,3,0,3
BRDA:112,3,1,8
BRDA:112,4,0,11
BRDA:112,4,1,9
BRDA:116,5,0,1
BRDA:116,5,1,2
BRDA:119,6,0,1
BRDA:119,6,1,0
BRDA:121,7,0,0
BRDA:121,7,1,0
BRDA:125,8,0,0
BRDA:125,8,1,1
BRDA:131,9,0,0
BRDA:131,9,1,2
BRDA:143,10,0,15
BRDA:143,10,1,2353
BRDA:143,11,0,2368
BRDA:143,11,1,22
BRDA:146,12,0,486
BRDA:146,12,1,1867
BRDA:146,13,0,2353
BRDA:146,13,1,2352
BRDA:148,14,0,1
BRDA:148,14,1,485
BRDA:150,15,0,0
BRDA:150,15,1,1
BRDA:159,16,0,84
BRDA:159,16,1,2268
BRDA:160,17,0,401
BRDA:160,17,1,1867
BRDA:162,18,0,0
BRDA:162,18,1,1867
BRDA:162,19,0,1867
BRDA:162,19,1,1866
BRF:40
BRH:31
end_of_record
TN:
SF:src/lib/core/path-trie.ts
FN:14,createTrieNode
FN:18,setPathNode
FN:38,getPathNode
FN:52,deletePathNode
FN:87,registerSubtree
FN:115,unregisterSubtree
FN:143,rebuildSubtreeMapping
FNF:7
FNH:7
FNDA:24687,createTrieNode
FNDA:27994,setPathNode
FNDA:1,getPathNode
FNDA:27107,deletePathNode
FNDA:27506,registerSubtree
FNDA:27107,unregisterSubtree
FNDA:3239,rebuildSubtreeMapping
DA:15,24687
DA:23,27994
DA:24,27994
DA:25,27994
DA:26,30851
DA:27,30851
DA:28,6319
DA:29,6319
DA:31,24532
DA:32,24532
DA:33,24532
DA:35,27994
DA:42,1
DA:43,1
DA:44,1
DA:45,0
DA:46,0
DA:47,0
DA:49,1
DA:56,27107
DA:57,27107
DA:58,2707
DA:59,2707
DA:61,24400
DA:62,24400
DA:63,24400
DA:64,29668
DA:65,29668
DA:66,29217
DA:67,29217
DA:69,23949
DA:71,23949
DA:72,27365
DA:73,27365
DA:74,27365
DA:75,27365
DA:76,27365
DA:77,27204
DA:78,23735
DA:94,27506
DA:95,27506
DA:96,27506
DA:97,27506
DA:98,27506
DA:100,27506
DA:101,27506
DA:102,1619
DA:103,1619
DA:105,1619
DA:108,25887
DA:109,25887
DA:110,3240
DA:111,20757
DA:122,27107
DA:123,27107
DA:124,27107
DA:125,27107
DA:126,27107
DA:128,27107
DA:129,27107
DA:130,1779
DA:131,1779
DA:133,1779
DA:136,25328
DA:137,25328
DA:138,3240
DA:139,20756
DA:148,3239
DA:149,3239
LF:69
LH:66
BRDA:23,0,0,0
BRDA:23,0,1,27994
BRDA:27,1,0,6319
BRDA:27,1,1,24532
BRDA:42,2,0,0
BRDA:42,2,1,1
BRDA:46,3,0,0
BRDA:46,3,1,0
BRDA:56,4,0,0
BRDA:56,4,1,27107
BRDA:57,5,0,2707
BRDA:57,5,1,24400
BRDA:65,6,0,451
BRDA:65,6,1,29217
BRDA:75,7,0,0
BRDA:75,7,1,27365
BRDA:76,8,0,161
BRDA:76,8,1,27204
BRDA:77,9,0,3469
BRDA:77,9,1,23735
BRDA:94,10,0,27506
BRDA:94,10,1,5130
BRDA:96,11,0,0
BRDA:96,11,1,27506
BRDA:101,12,0,1619
BRDA:101,12,1,25887
BRDA:109,13,0,22647
BRDA:109,13,1,3240
BRDA:122,14,0,27107
BRDA:122,14,1,4572
BRDA:124,15,0,0
BRDA:124,15,1,27107
BRDA:129,16,0,1779
BRDA:129,16,1,25328
BRDA:137,17,0,22088
BRDA:137,17,1,3240
BRF:36
BRH:28
end_of_record
TN:
SF:src/lib/core/snapshot-array.ts
FN:13,defineLazyValue
FN:23,(anonymous_1)
FN:33,createArraySnapshotReader
FN:37,(anonymous_3)
FN:38,(anonymous_4)
FN:95,(anonymous_5)
FN:100,(anonymous_6)
FNF:7
FNH:7
FNDA:20324,defineLazyValue
FNDA:25311,(anonymous_1)
FNDA:7,createArraySnapshotReader
FNDA:5281,(anonymous_3)
FNDA:3753,(anonymous_4)
FNDA:19733,(anonymous_5)
FNDA:591,(anonymous_6)
DA:18,20324
DA:20,20324
DA:24,25311
DA:25,20324
DA:26,20324
DA:28,25311
DA:36,7
DA:37,5281
DA:39,3753
DA:40,3753
DA:41,3753
DA:43,3753
DA:47,3753
DA:53,1
DA:54,1
DA:58,3752
DA:59,3752
DA:64,730
DA:65,730
DA:66,731
DA:68,730
DA:69,1
DA:70,1
DA:71,1
DA:73,729
DA:76,729
DA:77,138
DA:78,138
DA:80,591
DA:83,3022
DA:84,3022
DA:86,3751
DA:88,3751
DA:94,3160
DA:95,19733
DA:98,591
DA:99,591
DA:100,591
DA:104,3751
DA:105,23840
DA:107,3751
DA:108,3751
DA:109,3751
DA:110,3751
DA:111,3751
LF:45
LH:45
BRDA:24,0,0,20324
BRDA:24,0,1,4987
BRDA:39,1,0,3753
BRDA:39,1,1,3731
BRDA:41,2,0,0
BRDA:41,2,1,3753
BRDA:43,3,0,3674
BRDA:43,3,1,79
BRDA:47,4,0,1
BRDA:47,4,1,3752
BRDA:48,5,0,3753
BRDA:48,5,1,3674
BRDA:48,5,2,731
BRDA:48,5,3,1
BRDA:59,6,0,730
BRDA:59,6,1,3022
BRDA:60,7,0,3752
BRDA:60,7,1,3673
BRDA:60,7,2,730
BRDA:66,8,0,729
BRDA:66,8,1,2
BRDA:66,9,0,731
BRDA:66,9,1,730
BRDA:68,10,0,1
BRDA:68,10,1,729
BRDA:76,11,0,138
BRDA:76,11,1,591
BRDA:88,12,0,3160
BRDA:88,12,1,591
BRDA:89,13,0,3751
BRDA:89,13,1,591
BRDA:89,13,2,591
BRDA:89,13,3,591
BRDA:99,14,0,0
BRDA:99,14,1,591
BRDA:99,15,0,591
BRDA:99,15,1,591
BRDA:105,16,0,23840
BRDA:105,16,1,0
BRF:39
BRH:36
end_of_record
TN:
SF:src/lib/core/snapshot-scope.ts
FN:30,getTreeInternal
FN:34,isScopeInternal
FN:40,isArrayInternal
FN:46,isUnitInternal
FN:52,hasSnapshot
FN:57,createNodeValueReader
FN:61,(anonymous_6)
FN:71,defineLazyValue
FN:81,(anonymous_8)
FN:91,materializeKeys
FN:97,createScopeSnapshotReader
FN:100,(anonymous_11)
FN:101,(anonymous_12)
FN:121,(anonymous_13)
FN:126,(anonymous_14)
FNF:15
FNH:15
FNDA:133585,getTreeInternal
FNDA:57519,isScopeInternal
FNDA:51869,isArrayInternal
FNDA:27757,isUnitInternal
FNDA:2,hasSnapshot
FNDA:7,createNodeValueReader
FNDA:27757,(anonymous_6)
FNDA:4992,defineLazyValue
FNDA:10767,(anonymous_8)
FNDA:4701,materializeKeys
FNDA:8,createScopeSnapshotReader
FNDA:6981,(anonymous_11)
FNDA:4703,(anonymous_12)
FNDA:471,(anonymous_13)
FNDA:4521,(anonymous_14)
DA:31,133585
DA:37,57519
DA:43,51869
DA:49,27757
DA:53,2
DA:54,1
DA:61,7
DA:62,27757
DA:63,27757
DA:64,2906
DA:65,654
DA:66,2
DA:67,1
DA:76,4992
DA:78,4992
DA:82,10767
DA:83,4992
DA:84,4992
DA:86,10767
DA:92,4701
DA:93,8892
DA:100,6981
DA:102,4703
DA:103,4703
DA:104,4703
DA:106,4702
DA:110,4703
DA:111,1
DA:112,1
DA:116,4701
DA:117,4703
DA:119,4703
DA:120,382
DA:121,471
DA:124,4319
DA:125,4522
DA:126,4522
DA:130,4701
DA:131,4701
DA:132,4701
DA:133,4701
DA:134,4701
DA:135,4701
LF:43
LH:43
BRDA:53,0,0,1
BRDA:53,0,1,1
BRDA:53,1,0,2
BRDA:53,1,1,1
BRDA:63,2,0,24851
BRDA:63,2,1,2906
BRDA:64,3,0,2252
BRDA:64,3,1,654
BRDA:65,4,0,652
BRDA:65,4,1,2
BRDA:66,5,0,1
BRDA:66,5,1,1
BRDA:82,6,0,4992
BRDA:82,6,1,5775
BRDA:102,7,0,4703
BRDA:102,7,1,4442
BRDA:104,8,0,1
BRDA:104,8,1,4702
BRDA:106,9,0,4320
BRDA:106,9,1,382
BRDA:110,10,0,1
BRDA:110,10,1,4702
BRDA:110,11,0,4703
BRDA:110,11,1,4320
BRDA:110,11,2,4320
BRDA:116,12,0,4319
BRDA:116,12,1,382
BRDA:116,13,0,4701
BRDA:116,13,1,4319
BRDA:119,14,0,382
BRDA:119,14,1,4319
BRDA:119,15,0,4703
BRDA:119,15,1,4319
BRDA:126,16,0,4521
BRDA:126,16,1,1
BRF:35
BRH:35
end_of_record
TN:
SF:src/lib/core/subscriptions.ts
FN:50,createSubscriptions
FN:58,(anonymous_1)
FN:66,(anonymous_2)
FN:73,(anonymous_3)
FN:80,(anonymous_4)
FN:91,(anonymous_5)
FN:117,(anonymous_6)
FN:123,(anonymous_7)
FN:129,(anonymous_8)
FN:148,(anonymous_9)
FN:162,(anonymous_10)
FN:173,(anonymous_11)
FN:181,(anonymous_12)
FN:188,(anonymous_13)
FN:194,(anonymous_14)
FN:195,(anonymous_15)
FN:212,(anonymous_16)
FNF:17
FNH:17
FNDA:8,createSubscriptions
FNDA:4422,(anonymous_1)
FNDA:1438,(anonymous_2)
FNDA:3720,(anonymous_3)
FNDA:1105,(anonymous_4)
FNDA:412,(anonymous_5)
FNDA:493,(anonymous_6)
FNDA:4215,(anonymous_7)
FNDA:1231,(anonymous_8)
FNDA:1,(anonymous_9)
FNDA:1735,(anonymous_10)
FNDA:594,(anonymous_11)
FNDA:347,(anonymous_12)
FNDA:247,(anonymous_13)
FNDA:248,(anonymous_14)
FNDA:248,(anonymous_15)
FNDA:1332,(anonymous_16)
DA:58,8
DA:59,4422
DA:60,4422
DA:66,8
DA:67,1438
DA:73,8
DA:74,3720
DA:80,8
DA:81,1105
DA:91,8
DA:95,412
DA:97,2
DA:102,2
DA:103,1
DA:109,410
DA:117,8
DA:122,493
DA:124,4215
DA:125,4215
DA:126,4215
DA:127,4215
DA:130,1231
DA:131,1231
DA:132,1231
DA:133,1231
DA:134,1231
DA:141,493
DA:142,493
DA:148,8
DA:149,1
DA:150,1
DA:151,1
DA:152,1
DA:162,8
DA:163,1735
DA:164,1735
DA:165,1735
DA:166,2
DA:167,2
DA:168,2
DA:171,1733
DA:174,594
DA:175,594
DA:176,2875
DA:178,594
DA:182,347
DA:183,347
DA:184,348
DA:185,347
DA:186,347
DA:189,247
DA:190,248
DA:191,247
DA:192,247
DA:193,247
DA:194,247
DA:195,248
DA:197,247
DA:205,1733
DA:206,1733
DA:212,8
DA:213,1332
DA:214,1332
DA:215,1332
DA:216,1332
DA:217,1331
DA:218,1331
DA:222,1332
DA:223,1332
DA:224,1332
DA:225,1332
DA:226,1331
DA:227,1331
DA:232,8
LF:74
LH:74
BRDA:95,0,0,2
BRDA:95,0,1,410
BRDA:97,1,0,0
BRDA:97,1,1,2
BRDA:99,2,0,1
BRDA:99,2,1,1
BRDA:99,3,0,2
BRDA:99,3,1,2
BRDA:102,4,0,1
BRDA:102,4,1,1
BRDA:124,5,0,0
BRDA:124,5,1,4215
BRDA:165,6,0,2
BRDA:165,6,1,1733
BRDA:165,7,0,1735
BRDA:165,7,1,2
BRDA:176,8,0,596
BRDA:176,8,1,2279
BRDA:182,9,0,0
BRDA:182,9,1,347
BRDA:214,10,0,1332
BRDA:214,10,1,0
BRDA:216,11,0,1331
BRDA:216,11,1,1
BRDA:223,12,0,1332
BRDA:223,12,1,0
BRDA:225,13,0,1331
BRDA:225,13,1,1
BRF:28
BRH:23
end_of_record
TN:
SF:src/lib/core/tree-context.ts
FN:10,createTreeContext
FN:20,resolveDevtoolsEnabled
FN:28,isDevEnv
FNF:3
FNH:3
FNDA:155,createTreeContext
FNDA:155,resolveDevtoolsEnabled
FNDA:152,isDevEnv
DA:11,155
DA:21,155
DA:22,154
DA:23,153
DA:24,153
DA:25,152
DA:29,152
DA:31,152
DA:33,152
DA:35,1
LF:10
LH:10
BRDA:21,0,0,1
BRDA:21,0,1,154
BRDA:22,1,0,1
BRDA:22,1,1,153
BRDA:24,2,0,1
BRDA:24,2,1,152
BRDA:29,3,0,152
BRDA:29,3,1,0
BRDA:33,4,0,151
BRDA:33,4,1,1
BRF:10
BRH:9
end_of_record
TN:
SF:src/lib/core/node-factory/link.ts
FN:9,isPathPrefix
FN:17,formatPath
FN:19,(anonymous_2)
FN:22,collectTargetPaths
FN:28,(anonymous_4)
FNF:5
FNH:5
FNDA:1,isPathPrefix
FNDA:2,formatPath
FNDA:2,(anonymous_2)
FNDA:1,collectTargetPaths
FNDA:2,(anonymous_4)
DA:10,1
DA:11,1
DA:12,0
DA:14,1
DA:18,2
DA:19,2
DA:26,1
DA:27,1
DA:28,1
DA:29,2
DA:30,2
DA:31,1
DA:34,1
DA:35,1
LF:14
LH:13
BRDA:10,0,0,0
BRDA:10,0,1,1
BRDA:12,1,0,0
BRDA:12,1,1,0
BRDA:18,2,0,1
BRDA:18,2,1,1
BRDA:26,3,0,0
BRDA:26,3,1,1
BRDA:29,4,0,1
BRDA:29,4,1,1
BRF:10
BRH:6
end_of_record
TN:
SF:src/lib/core/node-factory/array/commit.ts
FN:27,createArrayCommit
FN:41,(anonymous_1)
FN:57,(anonymous_2)
FN:58,(anonymous_3)
FN:64,(anonymous_4)
FN:70,(anonymous_5)
FN:78,(anonymous_6)
FN:81,(anonymous_7)
FN:87,(anonymous_8)
FN:89,(anonymous_9)
FN:91,(anonymous_10)
FNF:11
FNH:6
FNDA:84,createArrayCommit
FNDA:1,(anonymous_1)
FNDA:0,(anonymous_2)
FNDA:0,(anonymous_3)
FNDA:0,(anonymous_4)
FNDA:0,(anonymous_5)
FNDA:0,(anonymous_6)
FNDA:4,(anonymous_7)
FNDA:4,(anonymous_8)
FNDA:1,(anonymous_9)
FNDA:1,(anonymous_10)
DA:39,84
DA:41,84
DA:42,1
DA:43,1
DA:44,1
DA:45,1
DA:46,1
DA:48,1
DA:49,1
DA:57,0
DA:59,0
DA:65,0
DA:71,0
DA:76,0
DA:79,0
DA:82,4
DA:88,4
DA:90,1
DA:91,1
DA:99,1
DA:100,1
DA:101,1
DA:105,1
DA:106,1
DA:108,0
DA:109,0
DA:110,0
LF:27
LH:18
BRDA:99,0,0,0
BRDA:99,0,1,1
BRF:2
BRH:1
end_of_record
TN:
SF:src/lib/core/node-factory/array/index-mutation.ts
FN:6,createArrayIndexMutation
FN:17,(anonymous_1)
FNF:2
FNH:2
FNDA:86,createArrayIndexMutation
FNDA:395,(anonymous_1)
DA:15,86
DA:17,86
DA:22,395
DA:23,395
DA:24,395
DA:25,0
DA:27,395
DA:28,395
DA:29,395
DA:31,395
DA:32,1
DA:33,1
DA:34,1
DA:35,1
DA:36,1
DA:37,1
DA:38,1
DA:39,1
DA:40,1
DA:41,1
DA:42,1
DA:43,1
DA:55,1
DA:56,1
DA:59,394
DA:60,394
DA:61,394
DA:62,1
DA:63,393
DA:64,393
DA:65,393
DA:66,393
DA:67,393
DA:68,393
DA:69,393
DA:70,393
DA:71,1
DA:83,393
DA:84,393
DA:87,0
DA:88,0
DA:89,0
DA:90,0
DA:91,0
DA:92,0
DA:93,0
DA:94,0
DA:95,0
DA:96,0
DA:97,0
DA:109,0
DA:111,1
DA:112,1
DA:116,86
LF:54
LH:41
BRDA:24,0,0,0
BRDA:24,0,1,395
BRDA:31,1,0,1
BRDA:31,1,1,394
BRDA:41,2,0,1
BRDA:41,2,1,0
BRDA:55,3,0,1
BRDA:55,3,1,0
BRDA:59,4,0,394
BRDA:59,4,1,0
BRDA:61,5,0,1
BRDA:61,5,1,393
BRDA:61,6,0,394
BRDA:61,6,1,394
BRDA:66,7,0,0
BRDA:66,7,1,393
BRDA:70,8,0,1
BRDA:70,8,1,392
BRDA:83,9,0,393
BRDA:83,9,1,0
BRDA:96,10,0,0
BRDA:96,10,1,0
BRDA:109,11,0,0
BRDA:109,11,1,0
BRF:24
BRH:14
end_of_record
TN:
SF:src/lib/core/node-factory/array/mutate.ts
FN:5,createArrayMutations
FNF:1
FNH:1
FNDA:84,createArrayMutations
DA:27,84
DA:36,84
DA:38,84
LF:3
LH:3
BRF:0
BRH:0
end_of_record
TN:
SF:src/lib/core/node-factory/array/node.ts
FN:28,createArrayNode
FN:48,(anonymous_1)
FN:51,(anonymous_2)
FN:60,(anonymous_3)
FN:66,(anonymous_4)
FN:85,(anonymous_5)
FN:89,(anonymous_6)
FN:91,(anonymous_7)
FN:96,(anonymous_8)
FN:98,(anonymous_9)
FN:123,(anonymous_10)
FNF:11
FNH:10
FNDA:84,createArrayNode
FNDA:907,(anonymous_1)
FNDA:895,(anonymous_2)
FNDA:2224,(anonymous_3)
FNDA:2,(anonymous_4)
FNDA:3239,(anonymous_5)
FNDA:34,(anonymous_6)
FNDA:1,(anonymous_7)
FNDA:46,(anonymous_8)
FNDA:0,(anonymous_9)
FNDA:2,(anonymous_10)
DA:29,84
DA:31,84
DA:48,907
DA:49,84
DA:50,84
DA:51,84
DA:52,895
DA:57,895
DA:59,84
DA:61,2224
DA:62,280
DA:64,1944
DA:67,2
DA:68,1
DA:72,1
DA:74,1
DA:75,1
DA:76,0
DA:80,84
DA:81,84
DA:82,84
DA:83,84
DA:85,84
DA:86,3239
DA:89,84
DA:90,34
DA:91,34
DA:92,1
DA:96,84
DA:97,46
DA:98,46
DA:99,0
DA:114,84
DA:123,2
DA:126,84
DA:144,84
DA:145,238
DA:146,238
DA:147,238
DA:148,238
DA:151,84
DA:152,84
DA:154,84
LF:43
LH:41
BRDA:61,0,0,280
BRDA:61,0,1,1944
BRDA:61,1,0,2224
BRDA:61,1,1,2223
BRDA:67,2,0,1
BRDA:67,2,1,1
BRDA:67,3,0,2
BRDA:67,3,1,2
BRDA:74,4,0,1
BRDA:74,4,1,0
BRDA:145,5,0,237
BRDA:145,5,1,1
BRF:12
BRH:11
end_of_record
TN:
SF:src/lib/core/node-factory/array/ops.ts
FN:28,createArrayOps
FN:91,(anonymous_1)
FN:101,(anonymous_2)
FN:107,(anonymous_3)
FN:111,(anonymous_4)
FNF:5
FNH:5
FNDA:84,createArrayOps
FNDA:4,(anonymous_1)
FNDA:1,(anonymous_2)
FNDA:100,(anonymous_3)
FNDA:7136,(anonymous_4)
DA:57,84
DA:68,84
DA:80,84
DA:91,84
DA:95,4
DA:96,4
DA:97,12
DA:98,4
DA:101,84
DA:102,3
DA:105,84
DA:107,100
DA:111,7136
DA:114,84
LF:14
LH:14
BRF:0
BRH:0
end_of_record
TN:
SF:src/lib/core/node-factory/array/structural-mutations.ts
FN:6,validateSortPermutation
FN:21,createArrayStructuralMutations
FN:52,(anonymous_2)
FN:65,(anonymous_3)
FN:74,(anonymous_4)
FN:84,(anonymous_5)
FN:103,(anonymous_6)
FN:110,(anonymous_7)
FN:123,(anonymous_8)
FN:132,(anonymous_9)
FN:145,(anonymous_10)
FN:159,(anonymous_11)
FN:196,(anonymous_12)
FN:217,(anonymous_13)
FN:218,(anonymous_14)
FN:233,(anonymous_15)
FN:250,(anonymous_16)
FN:263,(anonymous_17)
FN:271,(anonymous_18)
FN:276,(anonymous_19)
FN:286,(anonymous_20)
FN:287,(anonymous_21)
FNF:22
FNH:20
FNDA:440,validateSortPermutation
FNDA:84,createArrayStructuralMutations
FNDA:1944,(anonymous_2)
FNDA:1173,(anonymous_3)
FNDA:1201,(anonymous_4)
FNDA:1684,(anonymous_5)
FNDA:440,(anonymous_6)
FNDA:3315,(anonymous_7)
FNDA:293,(anonymous_8)
FNDA:293,(anonymous_9)
FNDA:292,(anonymous_10)
FNDA:160,(anonymous_11)
FNDA:260,(anonymous_12)
FNDA:205,(anonymous_13)
FNDA:150,(anonymous_14)
FNDA:0,(anonymous_15)
FNDA:0,(anonymous_16)
FNDA:169,(anonymous_17)
FNDA:1110,(anonymous_18)
FNDA:1839,(anonymous_19)
FNDA:1110,(anonymous_20)
FNDA:1110,(anonymous_21)
DA:7,440
DA:8,0
DA:9,440
DA:10,440
DA:11,3317
DA:12,0
DA:13,3317
DA:14,0
DA:15,3317
DA:16,1
DA:17,3316
DA:50,84
DA:52,84
DA:58,1944
DA:59,1944
DA:64,1944
DA:65,1944
DA:66,1173
DA:68,1944
DA:69,1173
DA:70,1173
DA:71,1173
DA:74,1944
DA:75,1201
DA:77,1944
DA:78,1944
DA:79,1944
DA:81,1944
DA:84,84
DA:90,1684
DA:91,1684
DA:92,1684
DA:93,1684
DA:94,1684
DA:95,1684
DA:96,1684
DA:98,0
DA:99,0
DA:103,84
DA:107,440
DA:108,440
DA:109,440
DA:110,3315
DA:111,440
DA:112,440
DA:113,440
DA:114,440
DA:115,440
DA:116,440
DA:118,1
DA:119,1
DA:123,84
DA:124,293
DA:125,293
DA:126,293
DA:127,293
DA:128,293
DA:129,293
DA:131,293
DA:132,293
DA:133,293
DA:135,293
DA:136,292
DA:137,292
DA:139,292
DA:145,292
DA:147,292
DA:151,292
DA:152,292
DA:154,1
DA:155,1
DA:159,84
DA:160,160
DA:161,160
DA:162,156
DA:163,156
DA:164,156
DA:165,156
DA:167,156
DA:168,156
DA:169,156
DA:170,156
DA:171,156
DA:172,156
DA:173,156
DA:175,156
DA:183,156
DA:187,156
DA:188,156
DA:189,156
DA:191,0
DA:192,0
DA:196,84
DA:201,260
DA:202,260
DA:203,260
DA:204,260
DA:206,260
DA:211,260
DA:212,260
DA:217,205
DA:218,150
DA:220,260
DA:224,260
DA:225,260
DA:226,260
DA:228,0
DA:229,0
DA:233,84
DA:234,0
DA:235,0
DA:236,0
DA:238,0
DA:239,0
DA:241,0
DA:242,0
DA:243,0
DA:244,0
DA:246,0
DA:250,0
DA:252,0
DA:256,0
DA:258,0
DA:259,0
DA:263,84
DA:264,169
DA:265,169
DA:266,148
DA:267,148
DA:268,148
DA:269,148
DA:271,1110
DA:276,148
DA:277,1839
DA:278,1839
DA:279,1839
DA:280,0
DA:281,0
DA:282,0
DA:283,0
DA:284,0
DA:286,1110
DA:287,1110
DA:288,148
DA:290,148
DA:296,148
DA:297,148
DA:299,0
DA:300,0
DA:304,84
LF:150
LH:119
BRDA:7,0,0,0
BRDA:7,0,1,440
BRDA:11,1,0,0
BRDA:11,1,1,3317
BRDA:13,2,0,0
BRDA:13,2,1,3317
BRDA:13,3,0,3317
BRDA:13,3,1,3317
BRDA:15,4,0,1
BRDA:15,4,1,3316
BRDA:58,5,0,0
BRDA:58,5,1,1944
BRDA:96,6,0,1684
BRDA:96,6,1,0
BRDA:116,7,0,439
BRDA:116,7,1,1
BRDA:125,8,0,0
BRDA:125,8,1,293
BRDA:161,9,0,4
BRDA:161,9,1,156
BRDA:169,10,0,0
BRDA:169,10,1,156
BRDA:265,11,0,21
BRDA:265,11,1,148
BRDA:279,12,0,1839
BRDA:279,12,1,0
BRDA:280,13,0,0
BRDA:280,13,1,0
BRDA:280,14,0,0
BRDA:280,14,1,0
BRDA:283,15,0,0
BRDA:283,15,1,0
BRDA:284,16,0,0
BRDA:284,16,1,0
BRF:34
BRH:18
end_of_record
TN:
SF:src/lib/core/node-factory/scope/commit.ts
FN:27,createScopeCommit
FN:41,(anonymous_1)
FN:63,(anonymous_2)
FN:64,(anonymous_3)
FN:70,(anonymous_4)
FN:76,(anonymous_5)
FN:84,(anonymous_6)
FN:87,(anonymous_7)
FN:93,(anonymous_8)
FN:95,(anonymous_9)
FN:97,(anonymous_10)
FNF:11
FNH:3
FNDA:401,createScopeCommit
FNDA:211,(anonymous_1)
FNDA:0,(anonymous_2)
FNDA:0,(anonymous_3)
FNDA:0,(anonymous_4)
FNDA:410,(anonymous_5)
FNDA:0,(anonymous_6)
FNDA:0,(anonymous_7)
FNDA:0,(anonymous_8)
FNDA:0,(anonymous_9)
FNDA:0,(anonymous_10)
DA:39,401
DA:41,401
DA:42,211
DA:43,211
DA:44,211
DA:45,211
DA:46,211
DA:48,211
DA:49,211
DA:50,418
DA:51,2
DA:54,208
DA:55,208
DA:63,0
DA:65,0
DA:71,0
DA:77,410
DA:82,410
DA:85,0
DA:88,0
DA:94,0
DA:96,0
DA:97,0
DA:105,208
DA:106,207
DA:107,207
DA:108,207
DA:112,207
DA:114,3
DA:115,3
DA:116,3
LF:31
LH:23
BRDA:50,0,0,2
BRDA:50,0,1,416
BRDA:105,1,0,1
BRDA:105,1,1,207
BRF:4
BRH:4
end_of_record
TN:
SF:src/lib/core/node-factory/scope/mutate.ts
FN:23,createScopeMutations
FN:34,(anonymous_1)
FNF:2
FNH:2
FNDA:401,createScopeMutations
FNDA:2082,(anonymous_1)
DA:32,401
DA:34,401
DA:39,2082
DA:40,2082
DA:41,2082
DA:42,0
DA:44,2082
DA:45,2082
DA:50,2082
DA:51,2082
DA:52,2082
DA:56,2082
DA:57,2082
DA:58,2056
DA:59,2056
DA:60,0
DA:61,0
DA:64,2082
DA:67,0
DA:68,0
DA:69,0
DA:70,0
DA:71,0
DA:72,0
DA:73,0
DA:74,0
DA:75,0
DA:77,0
DA:78,0
DA:82,401
LF:30
LH:16
BRDA:41,0,0,0
BRDA:41,0,1,2082
BRDA:44,1,0,2082
BRDA:44,1,1,0
BRDA:57,2,0,2056
BRDA:57,2,1,26
BRDA:59,3,0,0
BRDA:59,3,1,2056
BRDA:75,4,0,0
BRDA:75,4,1,0
BRF:10
BRH:5
end_of_record
TN:
SF:src/lib/core/node-factory/scope/node.ts
FN:27,createScopeNode
FN:68,(anonymous_1)
FN:70,(anonymous_2)
FN:79,(anonymous_3)
FN:83,(anonymous_4)
FN:88,(anonymous_5)
FN:90,(anonymous_6)
FN:101,(anonymous_7)
FN:112,(anonymous_8)
FN:119,(anonymous_9)
FN:121,(anonymous_10)
FNF:11
FNH:10
FNDA:401,createScopeNode
FNDA:306,(anonymous_1)
FNDA:1,(anonymous_2)
FNDA:303,(anonymous_3)
FNDA:160,(anonymous_4)
FNDA:334,(anonymous_5)
FNDA:166,(anonymous_6)
FNDA:0,(anonymous_7)
FNDA:3,(anonymous_8)
FNDA:518,(anonymous_9)
FNDA:5662,(anonymous_10)
DA:35,401
DA:37,401
DA:54,401
DA:55,401
DA:56,401
DA:58,401
DA:60,401
DA:61,492
DA:62,492
DA:65,401
DA:66,492
DA:68,401
DA:69,306
DA:70,401
DA:71,1
DA:76,1
DA:79,401
DA:82,303
DA:83,303
DA:84,160
DA:88,401
DA:89,334
DA:90,334
DA:91,166
DA:95,401
DA:101,0
DA:104,401
DA:112,3
DA:115,492
DA:117,401
DA:119,518
DA:121,5662
DA:124,401
DA:135,401
DA:137,401
DA:138,401
LF:36
LH:35
BRF:0
BRH:0
end_of_record
TN:
SF:src/lib/extensions/relocate.ts
FN:11,formatPath
FN:13,(anonymous_1)
FN:16,isNumericString
FN:20,relocate
FN:70,(anonymous_4)
FN:71,(anonymous_5)
FN:72,(anonymous_6)
FN:73,(anonymous_7)
FN:80,(anonymous_8)
FN:81,(anonymous_9)
FN:82,(anonymous_10)
FN:98,(anonymous_11)
FN:99,(anonymous_12)
FN:100,(anonymous_13)
FNF:14
FNH:5
FNDA:2,formatPath
FNDA:3,(anonymous_1)
FNDA:1,isNumericString
FNDA:3,relocate
FNDA:0,(anonymous_4)
FNDA:0,(anonymous_5)
FNDA:0,(anonymous_6)
FNDA:0,(anonymous_7)
FNDA:0,(anonymous_8)
FNDA:0,(anonymous_9)
FNDA:0,(anonymous_10)
FNDA:1,(anonymous_11)
FNDA:0,(anonymous_12)
FNDA:0,(anonymous_13)
DA:12,2
DA:13,3
DA:17,1
DA:24,3
DA:25,3
DA:26,5
DA:27,5
DA:28,5
DA:29,0
DA:33,5
DA:34,3
DA:35,0
DA:39,3
DA:40,3
DA:43,2
DA:44,1
DA:45,1
DA:49,0
DA:50,0
DA:53,1
DA:58,1
DA:59,1
DA:60,0
DA:62,1
DA:63,0
DA:69,0
DA:70,0
DA:71,0
DA:72,0
DA:73,0
DA:77,1
DA:78,0
DA:79,0
DA:80,0
DA:81,0
DA:82,0
DA:86,1
DA:87,1
DA:88,1
DA:93,0
DA:97,1
DA:98,1
DA:99,0
DA:100,0
DA:104,0
LF:45
LH:25
BRDA:12,0,0,0
BRDA:12,0,1,2
BRDA:17,1,0,1
BRDA:17,1,1,1
BRDA:28,2,0,0
BRDA:28,2,1,5
BRDA:33,3,0,3
BRDA:33,3,1,2
BRDA:34,4,0,0
BRDA:34,4,1,3
BRDA:34,5,0,3
BRDA:34,5,1,0
BRDA:43,6,0,1
BRDA:43,6,1,1
BRDA:44,7,0,1
BRDA:44,7,1,0
BRDA:44,8,0,1
BRDA:44,8,1,1
BRDA:59,9,0,0
BRDA:59,9,1,1
BRDA:62,10,0,0
BRDA:62,10,1,1
BRDA:77,11,0,0
BRDA:77,11,1,1
BRDA:86,12,0,1
BRDA:86,12,1,0
BRDA:86,13,0,1
BRDA:86,13,1,1
BRDA:88,14,0,0
BRDA:88,14,1,1
BRDA:89,15,0,1
BRDA:89,15,1,1
BRDA:89,15,2,1
BRF:33
BRH:23
end_of_record
TN:
SF:src/lib/extensions/with-behaviors.ts
FN:18,isView
FN:27,isWritable
FN:31,adaptIo
FN:35,(anonymous_3)
FN:40,(anonymous_4)
FN:47,(anonymous_5)
FN:60,(anonymous_6)
FN:65,createViewProxy
FN:79,(anonymous_8)
FN:85,(anonymous_9)
FN:89,(anonymous_10)
FN:99,(anonymous_11)
FN:128,withBehaviors
FN:133,(anonymous_13)
FNF:14
FNH:7
FNDA:9,isView
FNDA:0,isWritable
FNDA:0,adaptIo
FNDA:0,(anonymous_3)
FNDA:0,(anonymous_4)
FNDA:0,(anonymous_5)
FNDA:0,(anonymous_6)
FNDA:9,createViewProxy
FNDA:11,(anonymous_8)
FNDA:3,(anonymous_9)
FNDA:1,(anonymous_10)
FNDA:0,(anonymous_11)
FNDA:9,withBehaviors
FNDA:9,(anonymous_13)
DA:19,9
DA:28,0
DA:32,0
DA:34,0
DA:35,0
DA:36,0
DA:37,0
DA:38,0
DA:40,0
DA:41,0
DA:42,0
DA:43,0
DA:47,0
DA:48,0
DA:50,0
DA:52,0
DA:53,0
DA:55,0
DA:60,0
DA:69,9
DA:78,9
DA:80,11
DA:81,2
DA:82,2
DA:83,0
DA:86,3
DA:87,0
DA:90,1
DA:94,1
DA:95,6
DA:97,1
DA:100,0
DA:101,0
DA:103,0
DA:104,0
DA:105,0
DA:106,0
DA:113,0
DA:114,0
DA:115,0
DA:132,9
DA:133,9
DA:134,9
LF:43
LH:14
BRDA:20,0,0,9
BRDA:20,0,1,9
BRDA:20,0,2,9
BRDA:20,0,3,9
BRDA:36,1,0,0
BRDA:36,1,1,0
BRDA:37,2,0,0
BRDA:37,2,1,0
BRDA:41,3,0,0
BRDA:41,3,1,0
BRDA:48,4,0,0
BRDA:48,4,1,0
BRDA:52,5,0,0
BRDA:52,5,1,0
BRDA:57,6,0,0
BRDA:57,6,1,0
BRDA:59,7,0,0
BRDA:59,7,1,0
BRDA:80,8,0,9
BRDA:80,8,1,2
BRDA:81,9,0,2
BRDA:81,9,1,0
BRDA:86,10,0,3
BRDA:86,10,1,0
BRDA:87,11,0,0
BRDA:87,11,1,0
BRDA:95,12,0,4
BRDA:95,12,1,2
BRDA:101,13,0,0
BRDA:101,13,1,0
BRDA:101,14,0,0
BRDA:101,14,1,0
BRDA:103,15,0,0
BRDA:103,15,1,0
BRDA:105,16,0,0
BRDA:105,16,1,0
BRDA:114,17,0,0
BRDA:114,17,1,0
BRDA:132,18,0,9
BRDA:132,18,1,0
BRF:40
BRH:11
end_of_record
TN:
SF:src/lib/extensions/behaviors/devtools.ts
FN:12,devtools
FN:13,(anonymous_1)
FN:19,(anonymous_2)
FNF:3
FNH:3
FNDA:2,devtools
FNDA:2,(anonymous_1)
FNDA:1,(anonymous_2)
DA:13,2
DA:14,2
DA:15,2
DA:16,2
DA:17,2
DA:18,2
DA:19,2
DA:20,1
DA:21,1
DA:22,1
DA:24,1
DA:26,2
LF:12
LH:12
BRDA:15,0,0,2
BRDA:15,0,1,2
BRDA:16,1,0,2
BRDA:16,1,1,2
BRDA:21,2,0,1
BRDA:21,2,1,0
BRF:6
BRH:5
end_of_record
TN:
SF:src/lib/extensions/behaviors/persist.ts
FN:15,(anonymous_0)
FN:16,(anonymous_1)
FN:18,resolveStorage
FN:24,persist
FN:25,(anonymous_4)
FN:42,(anonymous_5)
FNF:6
FNH:5
FNDA:1,(anonymous_0)
FNDA:0,(anonymous_1)
FNDA:1,resolveStorage
FNDA:1,persist
FNDA:1,(anonymous_4)
FNDA:1,(anonymous_5)
DA:15,1
DA:16,1
DA:19,1
DA:20,0
DA:21,0
DA:25,1
DA:26,1
DA:27,1
DA:28,1
DA:29,1
DA:30,1
DA:31,1
DA:32,0
DA:33,0
DA:40,1
DA:43,1
DA:44,1
DA:45,1
DA:46,1
LF:19
LH:15
BRDA:19,0,0,1
BRDA:19,0,1,0
BRDA:20,1,0,0
BRDA:20,1,1,0
BRDA:27,2,0,1
BRDA:27,2,1,1
BRDA:28,3,0,1
BRDA:28,3,1,1
BRDA:29,4,0,1
BRDA:29,4,1,0
BRDA:31,5,0,0
BRDA:31,5,1,1
BRDA:31,6,0,1
BRDA:31,6,1,0
BRDA:44,7,0,0
BRDA:44,7,1,1
BRF:16
BRH:9
end_of_record
TN:
SF:src/lib/extensions/behaviors/schedule.ts
FN:6,schedule
FN:7,(anonymous_1)
FN:16,(anonymous_2)
FN:21,(anonymous_3)
FN:27,(anonymous_4)
FN:33,(anonymous_5)
FNF:6
FNH:6
FNDA:6,schedule
FNDA:6,(anonymous_1)
FNDA:2,(anonymous_2)
FNDA:3,(anonymous_3)
FNDA:3,(anonymous_4)
FNDA:2,(anonymous_5)
DA:7,6
DA:8,6
DA:12,6
DA:17,2
DA:18,2
DA:19,2
DA:20,2
DA:21,2
DA:22,3
DA:23,3
DA:24,3
DA:25,3
DA:26,3
DA:27,3
DA:28,3
DA:29,2
DA:30,2
DA:33,2
DA:34,2
DA:35,2
DA:36,2
DA:37,2
DA:42,6
LF:23
LH:23
BRDA:6,0,0,6
BRDA:23,1,0,0
BRDA:23,1,1,3
BRDA:28,2,0,1
BRDA:28,2,1,2
BRDA:28,3,0,3
BRDA:28,3,1,2
BRDA:28,3,2,2
BRF:8
BRH:7
end_of_record
TN:
SF:src/lib/units/unit.ts
FN:40,readCachedValue
FN:50,emitValue
FN:55,emitUpdate
FN:59,createUnitState
FN:74,applyUnitSet
FN:106,createUnit
FN:109,(anonymous_6)
FN:118,(anonymous_7)
FN:123,(anonymous_8)
FN:127,(anonymous_9)
FN:129,(anonymous_10)
FN:131,(anonymous_11)
FN:136,(anonymous_12)
FN:138,(anonymous_13)
FN:143,(anonymous_14)
FN:155,(anonymous_15)
FN:156,(anonymous_16)
FN:177,isUnit
FNF:18
FNH:18
FNDA:29839,readCachedValue
FNDA:4848,emitValue
FNDA:1603,emitUpdate
FNDA:1947,createUnitState
FNDA:5412,applyUnitSet
FNDA:1947,createUnit
FNDA:5412,(anonymous_6)
FNDA:127,(anonymous_7)
FNDA:1747,(anonymous_8)
FNDA:24864,(anonymous_9)
FNDA:1902,(anonymous_10)
FNDA:1177,(anonymous_11)
FNDA:1903,(anonymous_12)
FNDA:1172,(anonymous_13)
FNDA:1,(anonymous_14)
FNDA:4950,(anonymous_15)
FNDA:4,(anonymous_16)
FNDA:2885,isUnit
DA:41,29839
DA:42,22771
DA:43,7068
DA:44,7068
DA:45,7068
DA:46,7068
DA:47,7068
DA:51,4848
DA:52,4848
DA:56,1603
DA:60,1947
DA:61,1947
DA:79,5412
DA:80,5412
DA:82,5412
DA:84,5412
DA:85,5412
DA:86,5412
DA:88,5241
DA:89,5241
DA:90,5241
DA:92,5241
DA:93,1603
DA:99,1603
DA:100,1603
DA:103,5241
DA:107,1947
DA:109,1947
DA:110,5412
DA:111,5412
DA:113,0
DA:114,0
DA:118,1947
DA:119,127
DA:120,127
DA:123,1947
DA:124,1747
DA:127,24864
DA:129,1947
DA:130,1902
DA:131,1902
DA:132,1177
DA:136,1947
DA:137,1903
DA:138,1903
DA:139,1172
DA:143,1947
DA:144,1
DA:145,1
DA:147,0
DA:148,0
DA:152,1947
DA:155,4950
DA:156,4
DA:159,1947
DA:160,1947
DA:172,1947
DA:174,1947
DA:178,2885
DA:179,2885
LF:60
LH:56
BRDA:41,0,0,22771
BRDA:41,0,1,7068
BRDA:41,1,0,29839
BRDA:41,1,1,27908
BRDA:84,2,0,960
BRDA:84,2,1,4452
BRDA:86,3,0,171
BRDA:86,3,1,5241
BRDA:92,4,0,1603
BRDA:92,4,1,3638
BRDA:103,5,0,4848
BRDA:103,5,1,393
BRF:12
BRH:12
end_of_record
TN:
SF:src/lib/utils/batch.ts
FN:16,(anonymous_0)
FN:20,(anonymous_1)
FN:27,flush
FN:47,batch
FN:60,notifyValue
FN:75,notifyUpdate
FNF:6
FNH:4
FNDA:0,(anonymous_0)
FNDA:0,(anonymous_1)
FNDA:1,flush
FNDA:1,batch
FNDA:12990,notifyValue
FNDA:4151,notifyUpdate
DA:8,7
DA:9,7
DA:11,7
DA:12,7
DA:13,7
DA:14,7
DA:16,7
DA:17,0
DA:20,7
DA:21,0
DA:22,0
DA:23,0
DA:28,1
DA:29,1
DA:30,1
DA:31,1
DA:32,1
DA:36,1
DA:37,0
DA:38,0
DA:39,0
DA:40,0
DA:41,0
DA:42,0
DA:48,1
DA:49,1
DA:50,1
DA:52,1
DA:53,1
DA:54,1
DA:55,1
DA:64,12990
DA:65,4571
DA:66,4572
DA:67,4568
DA:69,3
DA:70,3
DA:71,3
DA:79,4151
DA:80,4110
DA:81,4110
DA:82,4110
DA:84,0
DA:85,0
DA:86,0
DA:87,0
DA:89,0
DA:90,0
DA:91,0
LF:49
LH:32
BRDA:17,0,0,0
BRDA:17,0,1,0
BRDA:22,1,0,0
BRDA:22,1,1,0
BRDA:28,2,0,1
BRDA:28,2,1,0
BRDA:36,3,0,0
BRDA:36,3,1,1
BRDA:40,4,0,0
BRDA:40,4,1,0
BRDA:53,5,0,1
BRDA:53,5,1,0
BRDA:53,6,0,1
BRDA:53,6,1,1
BRDA:64,7,0,8419
BRDA:64,7,1,4571
BRDA:65,8,0,4568
BRDA:65,8,1,3
BRDA:79,9,0,41
BRDA:79,9,1,4110
BRDA:80,10,0,4110
BRDA:80,10,1,0
BRDA:87,11,0,0
BRDA:87,11,1,0
BRF:24
BRH:12
end_of_record
TN:
SF:src/lib/utils/cow.ts
FN:15,isDraft
FN:21,getState
FN:27,isDraftable
FN:33,currentSource
FN:37,shallowCopy
FN:44,ensureCopy
FN:54,toImmutableIfNeeded
FN:72,createProxy
FN:84,(anonymous_8)
FN:94,(anonymous_9)
FN:124,(anonymous_10)
FN:131,(anonymous_11)
FN:137,(anonymous_12)
FN:140,(anonymous_13)
FN:143,(anonymous_14)
FN:158,createDraft
FN:165,finalize
FN:170,finishDraft
FN:187,isDraftValue
FNF:19
FNH:13
FNDA:411,isDraft
FNDA:411,getState
FNDA:3437,isDraftable
FNDA:2202,currentSource
FNDA:214,shallowCopy
FNDA:1018,ensureCopy
FNDA:1018,toImmutableIfNeeded
FNDA:219,createProxy
FNDA:2202,(anonymous_8)
FNDA:201,(anonymous_9)
FNDA:817,(anonymous_10)
FNDA:0,(anonymous_11)
FNDA:0,(anonymous_12)
FNDA:0,(anonymous_13)
FNDA:0,(anonymous_14)
FNDA:418,createDraft
FNDA:0,finalize
FNDA:411,finishDraft
FNDA:0,isDraftValue
DA:10,7
DA:11,7
DA:13,7
DA:16,411
DA:17,411
DA:18,411
DA:22,411
DA:23,411
DA:24,411
DA:28,3437
DA:29,3437
DA:30,2418
DA:34,2202
DA:38,214
DA:39,212
DA:40,212
DA:41,212
DA:47,1018
DA:48,214
DA:49,214
DA:51,1018
DA:55,1018
DA:56,0
DA:57,0
DA:60,7
DA:73,219
DA:74,219
DA:76,219
DA:83,219
DA:85,2202
DA:87,2202
DA:91,2202
DA:92,201
DA:93,201
DA:94,201
DA:95,201
DA:96,201
DA:99,201
DA:100,0
DA:102,201
DA:107,201
DA:114,2001
DA:115,2001
DA:117,2000
DA:118,2000
DA:120,6
DA:121,6
DA:122,6
DA:125,817
DA:126,817
DA:127,817
DA:128,817
DA:129,817
DA:132,0
DA:133,0
DA:134,0
DA:135,0
DA:138,0
DA:141,0
DA:144,0
DA:145,0
DA:146,0
DA:153,219
DA:154,219
DA:155,219
DA:159,418
DA:160,418
DA:161,418
DA:162,219
DA:166,0
DA:167,0
DA:171,411
DA:172,411
DA:175,411
DA:177,211
DA:178,211
DA:179,0
DA:180,0
DA:183,211
DA:184,211
DA:188,0
LF:81
LH:64
BRDA:16,0,0,0
BRDA:16,0,1,411
BRDA:16,1,0,411
BRDA:16,1,1,411
BRDA:17,2,0,0
BRDA:17,2,1,411
BRDA:23,3,0,0
BRDA:23,3,1,411
BRDA:28,4,0,0
BRDA:28,4,1,3437
BRDA:28,5,0,3437
BRDA:28,5,1,3437
BRDA:29,6,0,1019
BRDA:29,6,1,2418
BRDA:34,7,0,2202
BRDA:34,7,1,1803
BRDA:38,8,0,2
BRDA:38,8,1,212
BRDA:47,9,0,214
BRDA:47,9,1,804
BRDA:55,10,0,1018
BRDA:55,10,1,0
BRDA:56,11,0,0
BRDA:56,11,1,0
BRDA:73,12,0,2
BRDA:73,12,1,217
BRDA:85,13,0,0
BRDA:85,13,1,2202
BRDA:91,14,0,201
BRDA:91,14,1,2001
BRDA:91,15,0,2202
BRDA:91,15,1,201
BRDA:93,16,0,0
BRDA:93,16,1,201
BRDA:99,17,0,0
BRDA:99,17,1,201
BRDA:102,18,0,1
BRDA:102,18,1,200
BRDA:102,19,0,201
BRDA:102,19,1,200
BRDA:104,20,0,200
BRDA:104,20,1,0
BRDA:115,21,0,1
BRDA:115,21,1,2000
BRDA:118,22,0,1994
BRDA:118,22,1,6
BRDA:145,23,0,0
BRDA:145,23,1,0
BRDA:159,24,0,0
BRDA:159,24,1,418
BRDA:161,25,0,199
BRDA:161,25,1,219
BRDA:166,26,0,0
BRDA:166,26,1,0
BRDA:171,27,0,0
BRDA:171,27,1,411
BRDA:175,28,0,200
BRDA:175,28,1,211
BRDA:180,29,0,0
BRDA:180,29,1,0
BRF:60
BRH:41
end_of_record
TN:
SF:src/lib/utils/debug.ts
FN:13,emitError
FN:31,onError
FN:43,(anonymous_2)
FN:48,onMutation
FN:58,(anonymous_4)
FNF:5
FNH:5
FNDA:7,emitError
FNDA:1,onError
FNDA:1,(anonymous_2)
FNDA:1,onMutation
FNDA:2,(anonymous_4)
DA:19,7
DA:20,7
DA:21,7
DA:23,7
DA:26,7
DA:27,7
DA:28,7
DA:32,1
DA:33,1
DA:34,1
DA:35,0
DA:37,1
DA:40,1
DA:41,1
DA:42,1
DA:43,1
DA:44,1
DA:52,1
DA:53,1
DA:56,1
DA:57,0
DA:58,1
DA:59,2
LF:23
LH:21
BRDA:21,0,0,0
BRDA:21,0,1,7
BRDA:21,1,0,7
BRDA:21,1,1,7
BRDA:26,2,0,7
BRDA:26,2,1,0
BRDA:27,3,0,0
BRDA:27,3,1,7
BRDA:34,4,0,0
BRDA:34,4,1,1
BRDA:34,5,0,1
BRDA:34,5,1,1
BRDA:40,6,0,1
BRDA:40,6,1,0
BRDA:41,7,0,0
BRDA:41,7,1,1
BRDA:52,8,0,0
BRDA:52,8,1,1
BRDA:52,9,0,1
BRDA:52,9,1,1
BRDA:56,10,0,0
BRDA:56,10,1,1
BRF:22
BRH:14
end_of_record
TN:
SF:src/lib/utils/history.ts
FN:9,createHistory
FN:25,(anonymous_1)
FN:45,(anonymous_2)
FN:54,(anonymous_3)
FN:61,(anonymous_4)
FN:68,(anonymous_5)
FN:73,(anonymous_6)
FN:85,(anonymous_7)
FN:88,(anonymous_8)
FN:91,(anonymous_9)
FN:94,(anonymous_10)
FNF:11
FNH:9
FNDA:1,createHistory
FNDA:6,(anonymous_1)
FNDA:4,(anonymous_2)
FNDA:3,(anonymous_3)
FNDA:1,(anonymous_4)
FNDA:0,(anonymous_5)
FNDA:0,(anonymous_6)
FNDA:2,(anonymous_7)
FNDA:2,(anonymous_8)
FNDA:3,(anonymous_9)
FNDA:3,(anonymous_10)
DA:13,1
DA:14,1
DA:16,1
DA:17,1
DA:18,1
DA:19,1
DA:21,1
DA:22,1
DA:23,0
DA:25,1
DA:26,6
DA:27,2
DA:29,2
DA:30,0
DA:33,2
DA:35,2
DA:36,0
DA:37,0
DA:38,0
DA:39,0
DA:42,2
DA:45,1
DA:46,4
DA:47,4
DA:48,4
DA:50,4
DA:54,1
DA:55,3
DA:56,3
DA:57,3
DA:58,3
DA:61,1
DA:62,1
DA:63,1
DA:64,1
DA:65,1
DA:68,1
DA:69,0
DA:70,0
DA:73,1
DA:74,0
DA:75,0
DA:76,0
DA:77,0
DA:80,1
DA:86,2
DA:89,2
DA:92,3
DA:95,3
LF:49
LH:37
BRDA:13,0,0,1
BRDA:13,0,1,1
BRDA:14,1,0,1
BRDA:14,1,1,1
BRDA:22,2,0,0
BRDA:22,2,1,1
BRDA:26,3,0,4
BRDA:26,3,1,2
BRDA:26,4,0,6
BRDA:26,4,1,6
BRDA:27,5,0,0
BRDA:27,5,1,2
BRDA:29,6,0,0
BRDA:29,6,1,2
BRDA:35,7,0,0
BRDA:35,7,1,2
BRDA:39,8,0,0
BRDA:39,8,1,0
BRDA:55,9,0,0
BRDA:55,9,1,3
BRDA:62,10,0,0
BRDA:62,10,1,1
BRDA:74,11,0,0
BRDA:74,11,1,0
BRF:24
BRH:14
end_of_record
TN:
SF:src/lib/utils/internal-access.ts
FN:7,registerInternal
FN:11,getInternal
FN:17,requireInternal
FN:23,requireInternalOfKind
FNF:4
FNH:4
FNDA:2525,registerInternal
FNDA:148115,getInternal
FNDA:2492,requireInternal
FNDA:2492,requireInternalOfKind
DA:5,8
DA:8,2525
DA:12,148115
DA:13,148115
DA:14,148114
DA:18,2492
DA:19,2492
DA:20,2492
DA:28,2492
DA:29,2492
DA:30,2492
LF:11
LH:11
BRDA:12,0,0,0
BRDA:12,0,1,148115
BRDA:12,1,0,148115
BRDA:12,1,1,148115
BRDA:13,2,0,1
BRDA:13,2,1,148114
BRDA:13,3,0,148115
BRDA:13,3,1,148115
BRDA:19,4,0,0
BRDA:19,4,1,2492
BRDA:29,5,0,0
BRDA:29,5,1,2492
BRF:12
BRH:9
end_of_record
TN:
SF:src/lib/utils/internal-symbol.ts
FNF:0
FNH:0
DA:1,6
LF:1
LH:1
BRF:0
BRH:0
end_of_record
TN:
SF:src/lib/utils/link.ts
FN:6,link
FN:17,isLink
FN:22,getLinkTarget
FNF:3
FNH:3
FNDA:13,link
FNDA:3637,isLink
FNDA:12,getLinkTarget
DA:4,6
DA:7,13
DA:8,13
DA:9,12
DA:10,12
DA:14,12
DA:18,3637
DA:19,605
DA:23,12
LF:9
LH:9
BRDA:8,0,0,1
BRDA:8,0,1,12
BRDA:18,1,0,3032
BRDA:18,1,1,605
BRDA:18,2,0,3637
BRDA:18,2,1,606
BRF:6
BRH:6
end_of_record
TN:
SF:src/lib/utils/patch-path.ts
FN:3,prependPatchPath
FN:7,prependUpdatePath
FN:8,(anonymous_2)
FNF:3
FNH:3
FNDA:1479,prependPatchPath
FNDA:1231,prependUpdatePath
FNDA:1231,(anonymous_2)
DA:4,1479
DA:8,1231
LF:2
LH:2
BRF:0
BRH:0
end_of_record
TN:
SF:src/lib/utils/plain-object.ts
FN:1,isPlainObject
FNF:1
FNH:1
FNDA:3336,isPlainObject
DA:2,3336
DA:3,3331
DA:4,516
DA:5,512
DA:6,512
LF:5
LH:5
BRDA:2,0,0,5
BRDA:2,0,1,3331
BRDA:2,1,0,3336
BRDA:2,1,1,3334
BRDA:3,2,0,2815
BRDA:3,2,1,516
BRDA:4,3,0,4
BRDA:4,3,1,512
BRDA:6,4,0,512
BRDA:6,4,1,2
BRF:10
BRH:10
end_of_record
TN:
SF:src/lib/utils/schedule.ts
FN:12,scheduleTask
FN:19,(anonymous_1)
FNF:2
FNH:1
FNDA:3,scheduleTask
FNDA:0,(anonymous_1)
DA:8,1
DA:13,3
DA:14,2
DA:15,2
DA:17,1
DA:18,3
DA:19,0
DA:20,0
DA:22,1
LF:9
LH:7
BRDA:8,0,0,0
BRDA:8,0,1,1
BRDA:13,1,0,2
BRDA:13,1,1,1
BRDA:18,2,0,0
BRDA:18,2,1,3
BRDA:18,3,0,3
BRDA:18,3,1,0
BRF:8
BRH:5
end_of_record
TN:
SF:src/lib/utils/signals.ts
FN:13,trackRead
FN:17,untrack
FN:27,withTracking
FN:45,(anonymous_3)
FN:49,(anonymous_4)
FN:62,(anonymous_5)
FN:71,scheduleEffectRun
FN:77,(anonymous_7)
FN:94,(anonymous_8)
FN:96,(anonymous_9)
FN:102,(anonymous_10)
FN:110,(anonymous_11)
FN:113,(anonymous_12)
FN:116,(anonymous_13)
FN:127,effect
FN:130,(anonymous_15)
FN:137,(anonymous_16)
FN:141,(anonymous_17)
FN:146,(anonymous_18)
FN:155,(anonymous_19)
FN:157,(anonymous_20)
FN:170,(anonymous_21)
FN:172,(anonymous_22)
FN:179,(anonymous_23)
FN:182,(anonymous_24)
FN:189,(anonymous_25)
FN:193,(anonymous_26)
FN:199,(anonymous_27)
FN:201,(anonymous_28)
FN:212,state
FN:216,computed
FNF:31
FNH:29
FNDA:1041,trackRead
FNDA:0,untrack
FNDA:14,withTracking
FNDA:14,(anonymous_3)
FNDA:14,(anonymous_4)
FNDA:2,(anonymous_5)
FNDA:3,scheduleEffectRun
FNDA:3,(anonymous_7)
FNDA:2,(anonymous_8)
FNDA:5,(anonymous_9)
FNDA:5,(anonymous_10)
FNDA:5,(anonymous_11)
FNDA:3,(anonymous_12)
FNDA:2,(anonymous_13)
FNDA:2,effect
FNDA:2,(anonymous_15)
FNDA:2,(anonymous_16)
FNDA:4,(anonymous_17)
FNDA:1,(anonymous_18)
FNDA:2,(anonymous_19)
FNDA:0,(anonymous_20)
FNDA:6,(anonymous_21)
FNDA:3,(anonymous_22)
FNDA:9,(anonymous_23)
FNDA:9,(anonymous_24)
FNDA:11,(anonymous_25)
FNDA:14,(anonymous_26)
FNDA:1,(anonymous_27)
FNDA:1,(anonymous_28)
FNDA:1,state
FNDA:6,computed
DA:11,6
DA:14,1041
DA:18,0
DA:19,0
DA:20,0
DA:21,0
DA:23,0
DA:28,14
DA:29,14
DA:30,14
DA:31,14
DA:33,14
DA:43,8
DA:46,14
DA:50,14
DA:51,8
DA:52,0
DA:53,0
DA:55,14
DA:56,16
DA:57,8
DA:58,8
DA:63,2
DA:64,2
DA:68,6
DA:69,6
DA:72,3
DA:73,3
DA:74,3
DA:75,3
DA:76,3
DA:77,3
DA:78,3
DA:79,3
DA:80,3
DA:81,3
DA:82,3
DA:83,3
DA:89,2
DA:91,2
DA:92,2
DA:94,2
DA:97,5
DA:100,2
DA:103,5
DA:104,5
DA:105,0
DA:106,0
DA:108,5
DA:109,5
DA:110,5
DA:111,5
DA:112,5
DA:113,5
DA:117,2
DA:118,2
DA:119,2
DA:120,0
DA:121,0
DA:123,2
DA:128,2
DA:129,2
DA:130,2
DA:135,2
DA:138,2
DA:142,4
DA:143,4
DA:147,1
DA:149,1
DA:150,1
DA:151,1
DA:152,1
DA:156,2
DA:157,2
DA:158,0
DA:164,6
DA:165,6
DA:167,6
DA:168,6
DA:170,6
DA:172,3
DA:173,3
DA:174,3
DA:175,3
DA:180,9
DA:181,9
DA:182,9
DA:183,9
DA:184,9
DA:185,9
DA:186,9
DA:190,11
DA:194,14
DA:195,14
DA:196,14
DA:200,1
DA:201,1
DA:202,1
DA:207,6
DA:213,1
DA:217,6
LF:101
LH:89
BRDA:51,0,0,8
BRDA:51,0,1,0
BRDA:56,1,0,8
BRDA:56,1,1,8
BRDA:72,2,0,0
BRDA:72,2,1,3
BRDA:75,3,0,0
BRDA:75,3,1,3
BRDA:83,4,0,3
BRDA:83,4,1,0
BRDA:103,5,0,0
BRDA:103,5,1,5
BRDA:104,6,0,0
BRDA:104,6,1,5
BRDA:112,7,0,0
BRDA:112,7,1,5
BRDA:117,8,0,0
BRDA:117,8,1,2
BRDA:119,9,0,0
BRDA:119,9,1,2
BRDA:149,10,0,0
BRDA:149,10,1,1
BRDA:150,11,0,0
BRDA:150,11,1,1
BRDA:173,12,0,3
BRDA:173,12,1,0
BRDA:195,13,0,9
BRDA:195,13,1,5
BRF:28
BRH:16
end_of_record
TN:
SF:src/lib/utils/snapshot.ts
FN:4,isImmutableRoot
FN:8,markImmutableRoot
FN:12,deepClone
FN:24,toImmutable
FN:34,deepFreeze
FN:40,(anonymous_5)
FN:64,freezeOwned
FN:73,freezeRootShallow
FN:82,cloneValue
FN:86,snapshotValue
FN:91,readValue
FN:99,(anonymous_11)
FN:102,(anonymous_12)
FNF:13
FNH:12
FNDA:8657,isImmutableRoot
FNDA:8563,markImmutableRoot
FNDA:112,deepClone
FNDA:10877,toImmutable
FNDA:115,deepFreeze
FNDA:643,(anonymous_5)
FNDA:0,freezeOwned
FNDA:8452,freezeRootShallow
FNDA:10876,cloneValue
FNDA:1,snapshotValue
FNDA:7075,readValue
FNDA:1,(anonymous_11)
FNDA:1,(anonymous_12)
DA:1,9
DA:2,9
DA:5,8657
DA:9,8563
DA:13,112
DA:14,112
DA:16,112
DA:17,111
DA:19,1
DA:25,10877
DA:26,10869
DA:27,197
DA:28,112
DA:29,112
DA:30,112
DA:31,112
DA:35,115
DA:36,115
DA:38,115
DA:40,115
DA:41,643
DA:42,643
DA:43,127
DA:44,127
DA:45,125
DA:47,125
DA:49,125
DA:50,200
DA:53,125
DA:54,329
DA:55,329
DA:56,329
DA:60,115
DA:61,115
DA:65,0
DA:66,0
DA:67,0
DA:68,0
DA:69,0
DA:70,0
DA:74,8452
DA:75,8452
DA:76,8452
DA:77,8452
DA:78,8452
DA:79,8452
DA:83,10876
DA:87,1
DA:88,1
DA:92,7075
DA:93,7070
DA:94,8
DA:95,0
DA:98,9
DA:100,1
DA:102,1
LF:56
LH:49
BRDA:16,0,0,111
BRDA:16,0,1,1
BRDA:25,1,0,8
BRDA:25,1,1,10869
BRDA:25,2,0,10877
BRDA:25,2,1,10874
BRDA:26,3,0,10672
BRDA:26,3,1,197
BRDA:27,4,0,85
BRDA:27,4,1,112
BRDA:35,5,0,0
BRDA:35,5,1,115
BRDA:35,6,0,115
BRDA:35,6,1,115
BRDA:36,7,0,0
BRDA:36,7,1,115
BRDA:41,8,0,0
BRDA:41,8,1,643
BRDA:41,9,0,643
BRDA:41,9,1,643
BRDA:42,10,0,516
BRDA:42,10,1,127
BRDA:44,11,0,2
BRDA:44,11,1,125
BRDA:49,12,0,1
BRDA:49,12,1,124
BRDA:55,13,0,0
BRDA:55,13,1,329
BRDA:56,14,0,328
BRDA:56,14,1,1
BRDA:65,15,0,0
BRDA:65,15,1,0
BRDA:65,16,0,0
BRDA:65,16,1,0
BRDA:66,17,0,0
BRDA:66,17,1,0
BRDA:67,18,0,0
BRDA:67,18,1,0
BRDA:74,19,0,0
BRDA:74,19,1,8452
BRDA:74,20,0,8452
BRDA:74,20,1,8452
BRDA:75,21,0,0
BRDA:75,21,1,8452
BRDA:76,22,0,0
BRDA:76,22,1,8452
BRDA:87,23,0,0
BRDA:87,23,1,1
BRDA:92,24,0,5
BRDA:92,24,1,7070
BRDA:92,25,0,7075
BRDA:92,25,1,7073
BRDA:93,26,0,7062
BRDA:93,26,1,8
BRDA:94,27,0,8
BRDA:94,27,1,0
BRF:56
BRH:39
end_of_record
TN:
SF:src/lib/utils/update-merge.ts
FN:5,newId
FN:16,createUpdate
FN:24,pathKey
FN:47,mergeUpdates
FNF:4
FNH:4
FNDA:4213,newId
FNDA:4213,createUpdate
FNDA:3058,pathKey
FNDA:33,mergeUpdates
DA:3,7
DA:6,4213
DA:7,4213
DA:8,4213
DA:9,4213
DA:10,4213
DA:13,0
DA:21,4213
DA:25,3058
DA:26,3058
DA:27,2310
DA:28,2310
DA:29,814
DA:30,814
DA:31,50
DA:32,50
DA:34,764
DA:35,0
DA:36,0
DA:38,764
DA:39,764
DA:41,2310
DA:42,2310
DA:51,33
DA:52,33
DA:55,33
DA:56,33
DA:58,33
DA:59,33
DA:60,2093
DA:61,2294
DA:62,2294
DA:69,1014
DA:70,1014
DA:72,1280
DA:76,33
DA:77,33
DA:78,33
LF:38
LH:35
BRDA:7,0,0,4213
BRDA:7,0,1,0
BRDA:7,1,0,4213
BRDA:7,1,1,4213
BRDA:9,2,0,4213
BRDA:9,2,1,0
BRDA:26,3,0,748
BRDA:26,3,1,2310
BRDA:30,4,0,50
BRDA:30,4,1,764
BRDA:34,5,0,0
BRDA:34,5,1,764
BRDA:51,6,0,0
BRDA:51,6,1,33
BRDA:52,7,0,32
BRDA:52,7,1,1
BRDA:55,8,0,0
BRDA:55,8,1,33
BRDA:56,9,0,0
BRDA:56,9,1,33
BRDA:62,10,0,1014
BRDA:62,10,1,1280
BRDA:63,11,0,2294
BRDA:63,11,1,2261
BRDA:63,11,2,1636
BRDA:63,11,3,1529
BRDA:63,11,4,1529
BRF:27
BRH:21
end_of_record
TN:
SF:src/lib/utils/updates.ts
FN:55,getInternal
FN:61,undoUpdate
FN:106,applyUpdate
FN:121,(anonymous_3)
FN:159,(anonymous_4)
FN:198,(anonymous_5)
FN:207,(anonymous_6)
FN:237,replay
FNF:8
FNH:8
FNDA:8685,getInternal
FNDA:34,undoUpdate
FNDA:2728,applyUpdate
FNDA:4598,(anonymous_3)
FNDA:3254,(anonymous_4)
FNDA:1684,(anonymous_5)
FNDA:440,(anonymous_6)
FNDA:43,replay
DA:56,8685
DA:62,34
DA:63,34
DA:64,1281
DA:65,1281
DA:66,646
DA:72,646
DA:74,635
DA:75,489
DA:83,489
DA:85,146
DA:86,146
DA:87,1104
DA:88,1104
DA:90,146
DA:93,34
DA:111,2728
DA:112,44
DA:113,2612
DA:115,44
DA:117,2684
DA:118,2684
DA:119,1
DA:121,2683
DA:122,4598
DA:123,4598
DA:124,618
DA:125,618
DA:126,0
DA:128,618
DA:130,518
DA:131,0
DA:132,518
DA:137,518
DA:140,100
DA:141,100
DA:142,0
DA:143,100
DA:146,100
DA:149,0
DA:151,4598
DA:158,2683
DA:160,3254
DA:161,780
DA:162,780
DA:163,1
DA:165,779
DA:166,779
DA:169,2474
DA:170,2474
DA:171,2474
DA:172,2474
DA:173,2474
DA:175,2474
DA:176,2082
DA:177,0
DA:179,2082
DA:183,2082
DA:186,392
DA:187,392
DA:188,0
DA:189,392
DA:193,392
DA:196,0
DA:199,1684
DA:200,1684
DA:201,1684
DA:202,0
DA:203,1684
DA:208,440
DA:209,440
DA:210,440
DA:211,0
DA:212,440
DA:216,2683
DA:217,5378
DA:218,5378
DA:220,2
DA:221,2
DA:225,2681
DA:226,5
DA:228,5
DA:231,5
DA:233,5
DA:238,43
LF:85
LH:76
BRDA:65,0,0,646
BRDA:65,0,1,635
BRDA:74,1,0,489
BRDA:74,1,1,146
BRDA:111,2,0,44
BRDA:111,2,1,2684
BRDA:118,3,0,1
BRDA:118,3,1,2683
BRDA:125,4,0,0
BRDA:125,4,1,618
BRDA:128,5,0,518
BRDA:128,5,1,100
BRDA:130,6,0,0
BRDA:130,6,1,518
BRDA:130,7,0,518
BRDA:130,7,1,0
BRDA:132,8,0,518
BRDA:132,8,1,0
BRDA:133,9,0,518
BRDA:133,9,1,0
BRDA:134,10,0,518
BRDA:134,10,1,0
BRDA:140,11,0,100
BRDA:140,11,1,0
BRDA:141,12,0,0
BRDA:141,12,1,100
BRDA:144,13,0,100
BRDA:144,13,1,0
BRDA:160,14,0,780
BRDA:160,14,1,2474
BRDA:162,15,0,1
BRDA:162,15,1,779
BRDA:162,16,0,780
BRDA:162,16,1,780
BRDA:173,17,0,0
BRDA:173,17,1,2474
BRDA:175,18,0,2082
BRDA:175,18,1,392
BRDA:176,19,0,0
BRDA:176,19,1,2082
BRDA:176,20,0,2082
BRDA:176,20,1,1
BRDA:186,21,0,392
BRDA:186,21,1,0
BRDA:187,22,0,0
BRDA:187,22,1,392
BRDA:201,23,0,0
BRDA:201,23,1,1684
BRDA:201,24,0,1684
BRDA:201,24,1,1684
BRDA:210,25,0,0
BRDA:210,25,1,440
BRDA:210,26,0,440
BRDA:210,26,1,440
BRDA:225,27,0,5
BRDA:225,27,1,2676
BRDA:233,28,0,5
BRDA:233,28,1,0
BRDA:233,29,0,5
BRDA:233,29,1,5
BRF:60
BRH:44
end_of_record
