<?xml version="1.0" encoding="UTF-8"?>
<coverage generated="1770312889369" clover="3.2.0">
  <project timestamp="1770312889369" name="All files">
    <metrics statements="27" coveredstatements="27" conditionals="8" coveredconditionals="6" methods="17" coveredmethods="17" elements="52" coveredelements="50" complexity="0" loc="27" ncloc="27" packages="1" files="1" classes="1"/>
    <file name="index.ts" path="/Users/zhangxueai/Projects/idea/oin/packages/io-svelte/src/index.ts">
      <metrics statements="27" coveredstatements="27" conditionals="8" coveredconditionals="6" methods="17" coveredmethods="17"/>
      <line num="19" count="3" type="cond" truecount="2" falsecount="0"/>
      <line num="21" count="1" type="stmt"/>
      <line num="23" count="1" type="stmt"/>
      <line num="24" count="1" type="stmt"/>
      <line num="25" count="1" type="cond" truecount="1" falsecount="1"/>
      <line num="26" count="1" type="stmt"/>
      <line num="27" count="1" type="stmt"/>
      <line num="28" count="1" type="stmt"/>
      <line num="29" count="1" type="stmt"/>
      <line num="38" count="2" type="stmt"/>
      <line num="40" count="1" type="stmt"/>
      <line num="41" count="1" type="cond" truecount="1" falsecount="1"/>
      <line num="42" count="1" type="stmt"/>
      <line num="43" count="1" type="stmt"/>
      <line num="45" count="1" type="stmt"/>
      <line num="46" count="1" type="stmt"/>
      <line num="47" count="1" type="stmt"/>
      <line num="57" count="2" type="stmt"/>
      <line num="59" count="2" type="stmt"/>
      <line num="60" count="2" type="cond" truecount="2" falsecount="0"/>
      <line num="61" count="2" type="stmt"/>
      <line num="62" count="3" type="stmt"/>
      <line num="64" count="3" type="stmt"/>
      <line num="65" count="2" type="stmt"/>
      <line num="66" count="2" type="stmt"/>
      <line num="70" count="2" type="stmt"/>
      <line num="73" count="1" type="stmt"/>
    </file>
  </project>
</coverage>
