{"/Users/zhangxueai/Projects/idea/oin/packages/io-svelte/src/index.ts": {"path":"/Users/zhangxueai/Projects/idea/oin/packages/io-svelte/src/index.ts","statementMap":{"0":{"start":{"line":19,"column":2},"end":{"line":19,"column":null}},"1":{"start":{"line":19,"column":27},"end":{"line":19,"column":null}},"2":{"start":{"line":19,"column":45},"end":{"line":19,"column":null}},"3":{"start":{"line":21,"column":16},"end":{"line":21,"column":null}},"4":{"start":{"line":23,"column":2},"end":{"line":31,"column":null}},"5":{"start":{"line":24,"column":4},"end":{"line":24,"column":null}},"6":{"start":{"line":25,"column":4},"end":{"line":25,"column":null}},"7":{"start":{"line":25,"column":17},"end":{"line":25,"column":null}},"8":{"start":{"line":26,"column":4},"end":{"line":26,"column":null}},"9":{"start":{"line":27,"column":4},"end":{"line":30,"column":null}},"10":{"start":{"line":28,"column":6},"end":{"line":28,"column":null}},"11":{"start":{"line":29,"column":6},"end":{"line":29,"column":null}},"12":{"start":{"line":38,"column":2},"end":{"line":50,"column":null}},"13":{"start":{"line":40,"column":6},"end":{"line":40,"column":null}},"14":{"start":{"line":41,"column":23},"end":{"line":41,"column":null}},"15":{"start":{"line":42,"column":21},"end":{"line":44,"column":null}},"16":{"start":{"line":43,"column":8},"end":{"line":43,"column":null}},"17":{"start":{"line":45,"column":20},"end":{"line":45,"column":null}},"18":{"start":{"line":45,"column":44},"end":{"line":45,"column":53}},"19":{"start":{"line":46,"column":6},"end":{"line":48,"column":null}},"20":{"start":{"line":47,"column":8},"end":{"line":47,"column":null}},"21":{"start":{"line":57,"column":2},"end":{"line":75,"column":null}},"22":{"start":{"line":59,"column":6},"end":{"line":59,"column":null}},"23":{"start":{"line":60,"column":23},"end":{"line":60,"column":null}},"24":{"start":{"line":61,"column":21},"end":{"line":63,"column":null}},"25":{"start":{"line":62,"column":8},"end":{"line":62,"column":null}},"26":{"start":{"line":64,"column":20},"end":{"line":64,"column":null}},"27":{"start":{"line":64,"column":42},"end":{"line":64,"column":51}},"28":{"start":{"line":65,"column":6},"end":{"line":67,"column":null}},"29":{"start":{"line":66,"column":8},"end":{"line":66,"column":null}},"30":{"start":{"line":70,"column":6},"end":{"line":70,"column":null}},"31":{"start":{"line":73,"column":6},"end":{"line":73,"column":null}},"32":{"start":{"line":73,"column":21},"end":{"line":73,"column":34}}},"fnMap":{"0":{"name":"createUpdater","decl":{"start":{"line":15,"column":9},"end":{"line":15,"column":null}},"loc":{"start":{"line":18,"column":22},"end":{"line":32,"column":null}},"line":18},"1":{"name":"(anonymous_1)","decl":{"start":{"line":19,"column":34},"end":{"line":19,"column":35}},"loc":{"start":{"line":19,"column":45},"end":{"line":19,"column":null}},"line":19},"2":{"name":"(anonymous_2)","decl":{"start":{"line":23,"column":9},"end":{"line":23,"column":10}},"loc":{"start":{"line":23,"column":23},"end":{"line":31,"column":null}},"line":23},"3":{"name":"(anonymous_3)","decl":{"start":{"line":27,"column":27},"end":{"line":27,"column":33}},"loc":{"start":{"line":27,"column":33},"end":{"line":30,"column":5}},"line":27},"4":{"name":"toReadable","decl":{"start":{"line":34,"column":16},"end":{"line":34,"column":null}},"loc":{"start":{"line":37,"column":15},"end":{"line":51,"column":null}},"line":37},"5":{"name":"(anonymous_5)","decl":{"start":{"line":39,"column":4},"end":{"line":39,"column":14}},"loc":{"start":{"line":39,"column":19},"end":{"line":49,"column":null}},"line":39},"6":{"name":"(anonymous_6)","decl":{"start":{"line":42,"column":48},"end":{"line":42,"column":49}},"loc":{"start":{"line":42,"column":59},"end":{"line":44,"column":7}},"line":42},"7":{"name":"(anonymous_7)","decl":{"start":{"line":45,"column":37},"end":{"line":45,"column":38}},"loc":{"start":{"line":45,"column":44},"end":{"line":45,"column":53}},"line":45},"8":{"name":"(anonymous_8)","decl":{"start":{"line":46,"column":13},"end":{"line":46,"column":19}},"loc":{"start":{"line":46,"column":19},"end":{"line":48,"column":null}},"line":46},"9":{"name":"toWritable","decl":{"start":{"line":53,"column":16},"end":{"line":53,"column":null}},"loc":{"start":{"line":56,"column":15},"end":{"line":76,"column":null}},"line":56},"10":{"name":"(anonymous_10)","decl":{"start":{"line":58,"column":4},"end":{"line":58,"column":14}},"loc":{"start":{"line":58,"column":19},"end":{"line":68,"column":null}},"line":58},"11":{"name":"(anonymous_11)","decl":{"start":{"line":61,"column":48},"end":{"line":61,"column":49}},"loc":{"start":{"line":61,"column":59},"end":{"line":63,"column":7}},"line":61},"12":{"name":"(anonymous_12)","decl":{"start":{"line":64,"column":35},"end":{"line":64,"column":36}},"loc":{"start":{"line":64,"column":42},"end":{"line":64,"column":51}},"line":64},"13":{"name":"(anonymous_13)","decl":{"start":{"line":65,"column":13},"end":{"line":65,"column":19}},"loc":{"start":{"line":65,"column":19},"end":{"line":67,"column":null}},"line":65},"14":{"name":"(anonymous_14)","decl":{"start":{"line":69,"column":4},"end":{"line":69,"column":8}},"loc":{"start":{"line":69,"column":15},"end":{"line":71,"column":null}},"line":69},"15":{"name":"(anonymous_15)","decl":{"start":{"line":72,"column":4},"end":{"line":72,"column":11}},"loc":{"start":{"line":72,"column":20},"end":{"line":74,"column":null}},"line":72},"16":{"name":"(anonymous_16)","decl":{"start":{"line":73,"column":11},"end":{"line":73,"column":12}},"loc":{"start":{"line":73,"column":21},"end":{"line":73,"column":34}},"line":73}},"branchMap":{"0":{"loc":{"start":{"line":19,"column":2},"end":{"line":19,"column":null}},"type":"if","locations":[{"start":{"line":19,"column":2},"end":{"line":19,"column":null}},{"start":{},"end":{}}],"line":19},"1":{"loc":{"start":{"line":25,"column":4},"end":{"line":25,"column":null}},"type":"if","locations":[{"start":{"line":25,"column":4},"end":{"line":25,"column":null}},{"start":{},"end":{}}],"line":25},"2":{"loc":{"start":{"line":41,"column":23},"end":{"line":41,"column":null}},"type":"binary-expr","locations":[{"start":{"line":41,"column":23},"end":{"line":41,"column":44}},{"start":{"line":41,"column":44},"end":{"line":41,"column":null}}],"line":41},"3":{"loc":{"start":{"line":60,"column":23},"end":{"line":60,"column":null}},"type":"binary-expr","locations":[{"start":{"line":60,"column":23},"end":{"line":60,"column":44}},{"start":{"line":60,"column":44},"end":{"line":60,"column":null}}],"line":60}},"s":{"0":3,"1":2,"2":3,"3":1,"4":1,"5":1,"6":1,"7":0,"8":1,"9":1,"10":1,"11":1,"12":2,"13":1,"14":1,"15":1,"16":1,"17":1,"18":1,"19":1,"20":1,"21":2,"22":2,"23":2,"24":2,"25":3,"26":2,"27":3,"28":2,"29":2,"30":2,"31":1,"32":1},"f":{"0":3,"1":3,"2":1,"3":1,"4":2,"5":1,"6":1,"7":1,"8":1,"9":2,"10":2,"11":3,"12":3,"13":2,"14":2,"15":1,"16":1},"b":{"0":[2,1],"1":[0,1],"2":[1,0],"3":[2,1]},"meta":{"lastBranch":4,"lastFunction":17,"lastStatement":33,"seen":{"f:15:9:15:Infinity":0,"b:19:2:19:Infinity:undefined:undefined:undefined:undefined":0,"s:19:2:19:Infinity":0,"s:19:27:19:Infinity":1,"f:19:34:19:35":1,"s:19:45:19:Infinity":2,"s:21:16:21:Infinity":3,"s:23:2:31:Infinity":4,"f:23:9:23:10":2,"s:24:4:24:Infinity":5,"b:25:4:25:Infinity:undefined:undefined:undefined:undefined":1,"s:25:4:25:Infinity":6,"s:25:17:25:Infinity":7,"s:26:4:26:Infinity":8,"s:27:4:30:Infinity":9,"f:27:27:27:33":3,"s:28:6:28:Infinity":10,"s:29:6:29:Infinity":11,"f:34:16:34:Infinity":4,"s:38:2:50:Infinity":12,"f:39:4:39:14":5,"s:40:6:40:Infinity":13,"s:41:23:41:Infinity":14,"b:41:23:41:44:41:44:41:Infinity":2,"s:42:21:44:Infinity":15,"f:42:48:42:49":6,"s:43:8:43:Infinity":16,"s:45:20:45:Infinity":17,"f:45:37:45:38":7,"s:45:44:45:53":18,"s:46:6:48:Infinity":19,"f:46:13:46:19":8,"s:47:8:47:Infinity":20,"f:53:16:53:Infinity":9,"s:57:2:75:Infinity":21,"f:58:4:58:14":10,"s:59:6:59:Infinity":22,"s:60:23:60:Infinity":23,"b:60:23:60:44:60:44:60:Infinity":3,"s:61:21:63:Infinity":24,"f:61:48:61:49":11,"s:62:8:62:Infinity":25,"s:64:20:64:Infinity":26,"f:64:35:64:36":12,"s:64:42:64:51":27,"s:65:6:67:Infinity":28,"f:65:13:65:19":13,"s:66:8:66:Infinity":29,"f:69:4:69:8":14,"s:70:6:70:Infinity":30,"f:72:4:72:11":15,"s:73:6:73:Infinity":31,"f:73:11:73:12":16,"s:73:21:73:34":32}}}
}
