<?xml version="1.0" encoding="UTF-8"?>
<coverage generated="1770312785925" clover="3.2.0">
  <project timestamp="1770312785926" name="All files">
    <metrics statements="19" coveredstatements="18" conditionals="8" coveredconditionals="6" methods="12" coveredmethods="9" elements="39" coveredelements="33" complexity="0" loc="19" ncloc="19" packages="1" files="1" classes="1"/>
    <file name="index.ts" path="/Users/zhangxueai/Projects/idea/oin/packages/io-react/src/index.ts">
      <metrics statements="19" coveredstatements="18" conditionals="8" coveredconditionals="6" methods="12" coveredmethods="9"/>
      <line num="19" count="5" type="cond" truecount="1" falsecount="1"/>
      <line num="20" count="5" type="cond" truecount="1" falsecount="1"/>
      <line num="21" count="5" type="stmt"/>
      <line num="22" count="5" type="cond" truecount="2" falsecount="0"/>
      <line num="23" count="3" type="stmt"/>
      <line num="26" count="2" type="stmt"/>
      <line num="27" count="2" type="stmt"/>
      <line num="28" count="2" type="cond" truecount="2" falsecount="0"/>
      <line num="29" count="1" type="stmt"/>
      <line num="30" count="1" type="stmt"/>
      <line num="31" count="1" type="stmt"/>
      <line num="32" count="1" type="stmt"/>
      <line num="35" count="2" type="stmt"/>
      <line num="36" count="2" type="stmt"/>
      <line num="37" count="1" type="stmt"/>
      <line num="38" count="1" type="stmt"/>
      <line num="44" count="5" type="stmt"/>
      <line num="46" count="18" type="stmt"/>
      <line num="47" count="0" type="stmt"/>
    </file>
  </project>
</coverage>
