{"/Users/zhangxueai/Projects/idea/oin/packages/io-vue/src/index.ts": {"path":"/Users/zhangxueai/Projects/idea/oin/packages/io-vue/src/index.ts","statementMap":{"0":{"start":{"line":20,"column":2},"end":{"line":20,"column":null}},"1":{"start":{"line":20,"column":27},"end":{"line":20,"column":null}},"2":{"start":{"line":20,"column":45},"end":{"line":20,"column":null}},"3":{"start":{"line":22,"column":16},"end":{"line":22,"column":null}},"4":{"start":{"line":24,"column":2},"end":{"line":32,"column":null}},"5":{"start":{"line":25,"column":4},"end":{"line":25,"column":null}},"6":{"start":{"line":26,"column":4},"end":{"line":26,"column":null}},"7":{"start":{"line":26,"column":17},"end":{"line":26,"column":null}},"8":{"start":{"line":27,"column":4},"end":{"line":27,"column":null}},"9":{"start":{"line":28,"column":4},"end":{"line":31,"column":null}},"10":{"start":{"line":29,"column":6},"end":{"line":29,"column":null}},"11":{"start":{"line":30,"column":6},"end":{"line":30,"column":null}},"12":{"start":{"line":39,"column":8},"end":{"line":39,"column":null}},"13":{"start":{"line":41,"column":19},"end":{"line":41,"column":null}},"14":{"start":{"line":42,"column":17},"end":{"line":44,"column":null}},"15":{"start":{"line":43,"column":4},"end":{"line":43,"column":null}},"16":{"start":{"line":45,"column":16},"end":{"line":45,"column":null}},"17":{"start":{"line":45,"column":40},"end":{"line":45,"column":49}},"18":{"start":{"line":46,"column":2},"end":{"line":46,"column":null}},"19":{"start":{"line":48,"column":2},"end":{"line":48,"column":null}},"20":{"start":{"line":55,"column":2},"end":{"line":73,"column":null}},"21":{"start":{"line":56,"column":18},"end":{"line":56,"column":null}},"22":{"start":{"line":57,"column":21},"end":{"line":57,"column":null}},"23":{"start":{"line":58,"column":19},"end":{"line":61,"column":null}},"24":{"start":{"line":59,"column":6},"end":{"line":59,"column":null}},"25":{"start":{"line":60,"column":6},"end":{"line":60,"column":null}},"26":{"start":{"line":62,"column":18},"end":{"line":62,"column":null}},"27":{"start":{"line":62,"column":40},"end":{"line":62,"column":49}},"28":{"start":{"line":63,"column":4},"end":{"line":63,"column":null}},"29":{"start":{"line":64,"column":4},"end":{"line":72,"column":null}},"30":{"start":{"line":66,"column":8},"end":{"line":66,"column":null}},"31":{"start":{"line":67,"column":8},"end":{"line":67,"column":null}},"32":{"start":{"line":70,"column":8},"end":{"line":70,"column":null}}},"fnMap":{"0":{"name":"createUpdater","decl":{"start":{"line":16,"column":9},"end":{"line":16,"column":null}},"loc":{"start":{"line":19,"column":22},"end":{"line":33,"column":null}},"line":19},"1":{"name":"(anonymous_1)","decl":{"start":{"line":20,"column":34},"end":{"line":20,"column":35}},"loc":{"start":{"line":20,"column":45},"end":{"line":20,"column":null}},"line":20},"2":{"name":"(anonymous_2)","decl":{"start":{"line":24,"column":9},"end":{"line":24,"column":10}},"loc":{"start":{"line":24,"column":23},"end":{"line":32,"column":null}},"line":24},"3":{"name":"(anonymous_3)","decl":{"start":{"line":28,"column":27},"end":{"line":28,"column":33}},"loc":{"start":{"line":28,"column":33},"end":{"line":31,"column":5}},"line":28},"4":{"name":"useIo","decl":{"start":{"line":35,"column":16},"end":{"line":35,"column":null}},"loc":{"start":{"line":38,"column":17},"end":{"line":49,"column":null}},"line":38},"5":{"name":"(anonymous_5)","decl":{"start":{"line":42,"column":44},"end":{"line":42,"column":45}},"loc":{"start":{"line":42,"column":55},"end":{"line":44,"column":3}},"line":42},"6":{"name":"(anonymous_6)","decl":{"start":{"line":45,"column":33},"end":{"line":45,"column":34}},"loc":{"start":{"line":45,"column":40},"end":{"line":45,"column":49}},"line":45},"7":{"name":"ioRef","decl":{"start":{"line":51,"column":16},"end":{"line":51,"column":null}},"loc":{"start":{"line":54,"column":10},"end":{"line":74,"column":null}},"line":54},"8":{"name":"(anonymous_8)","decl":{"start":{"line":55,"column":22},"end":{"line":55,"column":23}},"loc":{"start":{"line":55,"column":42},"end":{"line":73,"column":3}},"line":55},"9":{"name":"(anonymous_9)","decl":{"start":{"line":58,"column":46},"end":{"line":58,"column":47}},"loc":{"start":{"line":58,"column":57},"end":{"line":61,"column":5}},"line":58},"10":{"name":"(anonymous_10)","decl":{"start":{"line":62,"column":33},"end":{"line":62,"column":34}},"loc":{"start":{"line":62,"column":40},"end":{"line":62,"column":49}},"line":62},"11":{"name":"(anonymous_11)","decl":{"start":{"line":65,"column":6},"end":{"line":65,"column":12}},"loc":{"start":{"line":65,"column":12},"end":{"line":68,"column":null}},"line":65},"12":{"name":"(anonymous_12)","decl":{"start":{"line":69,"column":6},"end":{"line":69,"column":10}},"loc":{"start":{"line":69,"column":17},"end":{"line":71,"column":null}},"line":69}},"branchMap":{"0":{"loc":{"start":{"line":20,"column":2},"end":{"line":20,"column":null}},"type":"if","locations":[{"start":{"line":20,"column":2},"end":{"line":20,"column":null}},{"start":{},"end":{}}],"line":20},"1":{"loc":{"start":{"line":26,"column":4},"end":{"line":26,"column":null}},"type":"if","locations":[{"start":{"line":26,"column":4},"end":{"line":26,"column":null}},{"start":{},"end":{}}],"line":26},"2":{"loc":{"start":{"line":41,"column":19},"end":{"line":41,"column":null}},"type":"binary-expr","locations":[{"start":{"line":41,"column":19},"end":{"line":41,"column":40}},{"start":{"line":41,"column":40},"end":{"line":41,"column":null}}],"line":41},"3":{"loc":{"start":{"line":57,"column":21},"end":{"line":57,"column":null}},"type":"binary-expr","locations":[{"start":{"line":57,"column":21},"end":{"line":57,"column":42}},{"start":{"line":57,"column":42},"end":{"line":57,"column":null}}],"line":57}},"s":{"0":4,"1":1,"2":1,"3":3,"4":3,"5":3,"6":3,"7":0,"8":3,"9":3,"10":3,"11":3,"12":2,"13":2,"14":2,"15":2,"16":2,"17":2,"18":2,"19":2,"20":2,"21":2,"22":2,"23":2,"24":2,"25":2,"26":2,"27":2,"28":2,"29":2,"30":4,"31":4,"32":0},"f":{"0":4,"1":1,"2":3,"3":3,"4":2,"5":2,"6":2,"7":2,"8":2,"9":2,"10":2,"11":4,"12":0},"b":{"0":[1,3],"1":[0,3],"2":[2,1],"3":[2,1]},"meta":{"lastBranch":4,"lastFunction":13,"lastStatement":33,"seen":{"f:16:9:16:Infinity":0,"b:20:2:20:Infinity:undefined:undefined:undefined:undefined":0,"s:20:2:20:Infinity":0,"s:20:27:20:Infinity":1,"f:20:34:20:35":1,"s:20:45:20:Infinity":2,"s:22:16:22:Infinity":3,"s:24:2:32:Infinity":4,"f:24:9:24:10":2,"s:25:4:25:Infinity":5,"b:26:4:26:Infinity:undefined:undefined:undefined:undefined":1,"s:26:4:26:Infinity":6,"s:26:17:26:Infinity":7,"s:27:4:27:Infinity":8,"s:28:4:31:Infinity":9,"f:28:27:28:33":3,"s:29:6:29:Infinity":10,"s:30:6:30:Infinity":11,"f:35:16:35:Infinity":4,"s:39:8:39:Infinity":12,"s:41:19:41:Infinity":13,"b:41:19:41:40:41:40:41:Infinity":2,"s:42:17:44:Infinity":14,"f:42:44:42:45":5,"s:43:4:43:Infinity":15,"s:45:16:45:Infinity":16,"f:45:33:45:34":6,"s:45:40:45:49":17,"s:46:2:46:Infinity":18,"s:48:2:48:Infinity":19,"f:51:16:51:Infinity":7,"s:55:2:73:Infinity":20,"f:55:22:55:23":8,"s:56:18:56:Infinity":21,"s:57:21:57:Infinity":22,"b:57:21:57:42:57:42:57:Infinity":3,"s:58:19:61:Infinity":23,"f:58:46:58:47":9,"s:59:6:59:Infinity":24,"s:60:6:60:Infinity":25,"s:62:18:62:Infinity":26,"f:62:33:62:34":10,"s:62:40:62:49":27,"s:63:4:63:Infinity":28,"s:64:4:72:Infinity":29,"f:65:6:65:12":11,"s:66:8:66:Infinity":30,"s:67:8:67:Infinity":31,"f:69:6:69:10":12,"s:70:8:70:Infinity":32}}}
}
